<?xml version="1.0" encoding="UTF-8"?>
<!-- Generated by org.testng.reporters.JUnitXMLReporter -->
<testsuite hostname="Ievgeniias-MBP.fios-router.home" ignored="2" name="Donations PAYFLOW" tests="1" failures="1" timestamp="2020-04-30T17:10:01 EDT" time="32.144" errors="0">
  <testcase name="payflowProPayViaPaypal" time="25.178" classname="com.fnoor.FundraisingTest.PAYFLOW">
    <failure type="java.lang.AssertionError" message="Urls are not the same">
      <![CDATA[java.lang.AssertionError: Urls are not the same
at org.junit.Assert.fail(Assert.java:88)
at org.junit.Assert.assertTrue(Assert.java:41)
at com.fnoor.FundraisingTest.PAYFLOW.payflowProPayViaPaypal(PAYFLOW.java:215)
at java.util.ArrayList.forEach(ArrayList.java:1257)
... Removed 31 stack frames]]>
    </failure>
  </testcase> <!-- payflowProPayViaPaypal -->
  <testcase name="payflowProRecurring" time="0.0" classname="com.fnoor.FundraisingTest.PAYFLOW">
    <ignored/>
  </testcase> <!-- payflowProRecurring -->
  <testcase name="payflowProSingle" time="0.0" classname="com.fnoor.FundraisingTest.PAYFLOW">
    <ignored/>
  </testcase> <!-- payflowProSingle -->
</testsuite> <!-- Donations PAYFLOW -->
