<?xml version="1.0" encoding="UTF-8"?>
<!-- Generated by org.testng.reporters.JUnitXMLReporter -->
<testsuite hostname="Ievgeniias-MBP.fios-router.home" ignored="2" name="Donations PAYFLOW" tests="1" failures="0" timestamp="2020-04-30T15:02:55 EDT" time="32.634" errors="0">
  <testcase name="payflowProPayViaPaypal" time="30.48" classname="com.fnoor.FundraisingTest.PAYFLOW"/>
  <testcase name="payflowProRecurring" time="0.0" classname="com.fnoor.FundraisingTest.PAYFLOW">
    <ignored/>
  </testcase> <!-- payflowProRecurring -->
  <testcase name="payflowProSingle" time="0.0" classname="com.fnoor.FundraisingTest.PAYFLOW">
    <ignored/>
  </testcase> <!-- payflowProSingle -->
</testsuite> <!-- Donations PAYFLOW -->
