<?xml version="1.0" encoding="UTF-8"?>
<!-- Generated by org.testng.reporters.JUnitXMLReporter -->
<testsuite hostname="Ievgeniias-MacBook-Pro.local" ignored="4" name="Donations PAYSAFE" tests="1" failures="0" timestamp="2020-10-07T14:56:16 EDT" time="12.084" errors="0">
  <testcase name="paysafePrimaryPaypalCurrencyCAD" time="9.072" classname="com.fnoor.FundraisingTest.PAYSAFE"/>
  <testcase name="paysafeRecurring" time="0.0" classname="com.fnoor.FundraisingTest.PAYSAFE">
    <ignored/>
  </testcase> <!-- paysafeRecurring -->
  <testcase name="paysafe3DSingle" time="0.0" classname="com.fnoor.FundraisingTest.PAYSAFE">
    <ignored/>
  </testcase> <!-- paysafe3DSingle -->
  <testcase name="paysafe3DRecurring" time="0.0" classname="com.fnoor.FundraisingTest.PAYSAFE">
    <ignored/>
  </testcase> <!-- paysafe3DRecurring -->
  <testcase name="paysafeSingle" time="0.0" classname="com.fnoor.FundraisingTest.PAYSAFE">
    <ignored/>
  </testcase> <!-- paysafeSingle -->
</testsuite> <!-- Donations PAYSAFE -->
