<?xml version="1.0" encoding="UTF-8"?>
<!-- Generated by org.testng.reporters.JUnitXMLReporter -->
<testsuite hostname="Ievgeniias-MBP.fios-router.home" ignored="2" name="Donations PAYSAFE" tests="2" failures="0" timestamp="2020-04-24T12:38:12 EDT" time="152.349" errors="0">
  <testcase name="paysafe3DSingle" time="74.396" classname="com.fnoor.FundraisingTest.PAYSAFE"/>
  <testcase name="paysafe3DRecurring" time="76.159" classname="com.fnoor.FundraisingTest.PAYSAFE"/>
  <testcase name="paysafeRecurring" time="0.0" classname="com.fnoor.FundraisingTest.PAYSAFE">
    <ignored/>
  </testcase> <!-- paysafeRecurring -->
  <testcase name="paysafeSingle" time="0.0" classname="com.fnoor.FundraisingTest.PAYSAFE">
    <ignored/>
  </testcase> <!-- paysafeSingle -->
</testsuite> <!-- Donations PAYSAFE -->
