<?xml version="1.0" encoding="UTF-8"?>
<!-- Generated by org.testng.reporters.JUnitXMLReporter -->
<testsuite hostname="Ievgeniias-MBP.fios-router.home" ignored="0" name="Donations STANDALONE" tests="13" failures="0" timestamp="2020-04-30T14:15:33 EDT" time="88.376" errors="0">
  <testcase name="petition" time="4.172" classname="com.fnoor.Standalone.PB_A1_PET"/>
  <testcase name="dataCapture" time="6.075" classname="com.fnoor.Standalone.PB_A2_DCF"/>
  <testcase name="dataCapture2" time="6.08" classname="com.fnoor.Standalone.PB_A3_DCF2"/>
  <testcase name="customTarget" time="5.83" classname="com.fnoor.Standalone.PB_A4_ETT1"/>
  <testcase name="singleDBETT" time="6.53" classname="com.fnoor.Standalone.PB_A5_ETT2"/>
  <testcase name="signUp" time="4.04" classname="com.fnoor.Standalone.PB_A8_EMS"/>
  <testcase name="ecardValidation" time="4.167" classname="com.fnoor.Standalone.PB_A9_ECF"/>
  <testcase name="tweetCustomTarget" time="4.65" classname="com.fnoor.Standalone.PB_A10_TWT1"/>
  <testcase name="singleDB" time="4.875" classname="com.fnoor.Standalone.PB_A11_TWT2"/>
  <testcase name="multiDB" time="4.628" classname="com.fnoor.Standalone.PB_A12_TWT3"/>
  <testcase name="event" time="5.671" classname="com.fnoor.Standalone.PB_A13_ECS"/>
  <testcase name="premiumDonationSingle" time="7.268" classname="com.fnoor.Standalone.PB_A15_PTM"/>
  <testcase name="ecommerceSymbolicGift" time="7.962" classname="com.fnoor.Standalone.PB_A16_ETM"/>
</testsuite> <!-- Donations STANDALONE -->
