<?xml version="1.0" encoding="UTF-8"?>
<!-- Generated by org.testng.reporters.JUnitXMLReporter -->
<testsuite hostname="Ievgeniias-MBP.fios-router.home" ignored="0" name="Donations STRIPE" tests="10" failures="1" timestamp="2020-08-21T11:02:18 EDT" time="132.55" errors="0">
  <testcase name="stripeSingle" time="10.641" classname="com.fnoor.FundraisingTest.STRIPE"/>
  <testcase name="stripeRecurring" time="10.466" classname="com.fnoor.FundraisingTest.STRIPE"/>
  <testcase name="stripeBancontactSingle" time="16.491" classname="com.fnoor.FundraisingTest.STRIPE"/>
  <testcase name="stripeSingle3D" time="17.574" classname="com.fnoor.FundraisingTest.STRIPE"/>
  <testcase name="stripeRecurring3D" time="11.9" classname="com.fnoor.FundraisingTest.STRIPE"/>
  <testcase name="stripeSEPAsingle" time="7.701" classname="com.fnoor.FundraisingTest.STRIPE"/>
  <testcase name="stripeSEPArecurring" time="7.748" classname="com.fnoor.FundraisingTest.STRIPE"/>
  <testcase name="stripeIDEALsingleABN" time="18.502" classname="com.fnoor.FundraisingTest.STRIPE"/>
  <testcase name="stripeIDEALsingleASN" time="17.872" classname="com.fnoor.FundraisingTest.STRIPE"/>
  <testcase name="stripeIDEALsingleASNRefund" time="11.143" classname="com.fnoor.FundraisingTest.STRIPE">
    <failure type="java.lang.AssertionError" message="Original receipt not present">
      <![CDATA[java.lang.AssertionError: Original receipt not present
at org.junit.Assert.fail(Assert.java:88)
at org.junit.Assert.assertTrue(Assert.java:41)
at com.fnoor.PageFields.validateOriginalReceipt(PageFields.java:745)
at com.fnoor.FundraisingTest.STRIPE.stripeIDEALsingleASNRefund(STRIPE.java:703)
at java.util.ArrayList.forEach(ArrayList.java:1257)
... Removed 31 stack frames]]>
    </failure>
  </testcase> <!-- stripeIDEALsingleASNRefund -->
</testsuite> <!-- Donations STRIPE -->
