<?xml version="1.0" encoding="UTF-8"?>
<!-- Generated by org.testng.reporters.JUnitXMLReporter -->
<testsuite hostname="Ievgeniias-MBP.fios-router.home" ignored="4" name="Donations STRIPE" tests="1" failures="0" timestamp="2020-04-30T15:58:59 EDT" time="11.497" errors="0">
  <testcase name="stripeSingle" time="7.567" classname="com.fnoor.FundraisingTest.STRIPE"/>
  <testcase name="stripeSingle3D" time="0.0" classname="com.fnoor.FundraisingTest.STRIPE">
    <ignored/>
  </testcase> <!-- stripeSingle3D -->
  <testcase name="stripeRecurring" time="0.0" classname="com.fnoor.FundraisingTest.STRIPE">
    <ignored/>
  </testcase> <!-- stripeRecurring -->
  <testcase name="stripeRecurring3D" time="0.0" classname="com.fnoor.FundraisingTest.STRIPE">
    <ignored/>
  </testcase> <!-- stripeRecurring3D -->
  <testcase name="stripeBancontactSingle" time="0.0" classname="com.fnoor.FundraisingTest.STRIPE">
    <ignored/>
  </testcase> <!-- stripeBancontactSingle -->
</testsuite> <!-- Donations STRIPE -->
