<?xml version="1.0" encoding="UTF-8"?>
<!-- Generated by org.testng.reporters.JUnitXMLReporter -->
<testsuite ignored="0" hostname="iProMacEN.local" failures="0" tests="5" name="ETT HouseCommittees" time="44.111" errors="0" timestamp="2021-03-05T11:38:06 EST">
  <testcase classname="com.fnoor.ETT.HouseCommittees" name="houseCommmitteesOH" time="7.727"/>
  <testcase classname="com.fnoor.ETT.HouseCommittees" name="houseCommmitteesHI" time="6.232"/>
  <testcase classname="com.fnoor.ETT.HouseCommittees" name="houseCommmitteesDefense" time="6.094"/>
  <testcase classname="com.fnoor.ETT.HouseCommittees" name="houseCommmitteesCA" time="6.251"/>
  <testcase classname="com.fnoor.ETT.HouseCommittees" name="houseCommmitteesCustTarget" time="15.163"/>
</testsuite> <!-- ETT HouseCommittees -->
