<?xml version="1.0" encoding="UTF-8"?>
<!-- Generated by org.testng.reporters.JUnitXMLReporter -->
<testsuite ignored="0" hostname="iProMacEN.local" failures="0" tests="6" name="ETT CustomTarget" time="35.564" errors="0" timestamp="2021-03-05T11:37:22 EST">
  <testcase classname="com.fnoor.ETT.CustomTarget" name="customTarget1" time="5.101"/>
  <testcase classname="com.fnoor.ETT.CustomTarget" name="customTarget2" time="3.964"/>
  <testcase classname="com.fnoor.ETT.CustomTarget" name="customTarget3" time="3.741"/>
  <testcase classname="com.fnoor.ETT.CustomTarget" name="customTarget4" time="8.329"/>
  <testcase classname="com.fnoor.ETT.CustomTarget" name="customTarget5" time="5.661"/>
  <testcase classname="com.fnoor.ETT.CustomTarget" name="customTarget6" time="5.839"/>
</testsuite> <!-- ETT CustomTarget -->
