<?xml version="1.0" encoding="UTF-8"?>
<!-- Generated by org.testng.reporters.JUnitXMLReporter -->
<testsuite ignored="0" hostname="iProMacEN.local" failures="0" tests="11" name="ETT MultiDatabase" time="74.795" errors="0" timestamp="2021-03-05T11:39:21 EST">
  <testcase classname="com.fnoor.ETT.MultiDatabase" name="multiDatabase13" time="4.148"/>
  <testcase classname="com.fnoor.ETT.MultiDatabase" name="multiDatabase14" time="3.386"/>
  <testcase classname="com.fnoor.ETT.MultiDatabase" name="multiDatabase15" time="3.376"/>
  <testcase classname="com.fnoor.ETT.MultiDatabase" name="multiDatabase16" time="5.774"/>
  <testcase classname="com.fnoor.ETT.MultiDatabase" name="multiDatabase16_2" time="6.08"/>
  <testcase classname="com.fnoor.ETT.MultiDatabase" name="multiDatabase17" time="6.263"/>
  <testcase classname="com.fnoor.ETT.MultiDatabase" name="multiDatabase18" time="6.143"/>
  <testcase classname="com.fnoor.ETT.MultiDatabase" name="multiDatabaseCommittees" time="6.537"/>
  <testcase classname="com.fnoor.ETT.MultiDatabase" name="multiDatabaseCommitteesEdit" time="19.194"/>
  <testcase classname="com.fnoor.ETT.MultiDatabase" name="multiDatabase39" time="5.823"/>
  <testcase classname="com.fnoor.ETT.MultiDatabase" name="multiDatabase39_2" time="5.504"/>
</testsuite> <!-- ETT MultiDatabase -->
