<?xml version="1.0" encoding="UTF-8"?>
<!-- Generated by org.testng.reporters.JUnitXMLReporter -->
<testsuite ignored="1" hostname="iProMacEN.local" failures="0" tests="5" name="ETT SenateCommittees" time="43.828" errors="0" timestamp="2021-03-05T11:41:02 EST">
  <testcase classname="com.fnoor.ETT.SenateCommittees" name="senateCommmitteesAK" time="7.12"/>
  <testcase classname="com.fnoor.ETT.SenateCommittees" name="senateCommmitteesMD" time="8.951"/>
  <testcase classname="com.fnoor.ETT.SenateCommittees" name="senateCommmitteesBanking" time="6.162"/>
  <testcase classname="com.fnoor.ETT.SenateCommittees" name="senateCommmitteesFL" time="6.086"/>
  <testcase classname="com.fnoor.ETT.SenateCommittees" name="senateCommmitteesCustTarget" time="12.945"/>
  <testcase classname="com.fnoor.ETT.SenateCommittees" name="senateCommmittees25" time="0.0">
    <ignored/>
  </testcase> <!-- senateCommmittees25 -->
</testsuite> <!-- ETT SenateCommittees -->
