<?xml version="1.0" encoding="UTF-8"?>
<testng-results skipped="0" failed="0" ignored="4" total="5" passed="1">
  <reporter-output>
  </reporter-output>
  <suite name="Regression" duration-ms="13934" started-at="2020-04-22T18:26:11 EDT" finished-at="2020-04-22T18:26:25 EDT">
    <groups>
    </groups>
    <test name="Donations" duration-ms="13934" started-at="2020-04-22T18:26:11 EDT" finished-at="2020-04-22T18:26:25 EDT">
      <class name="com.fnoor.FundraisingTest.IATS">
        <test-method status="PASS" signature="iatsSingle(java.lang.String)[pri:0, instance:com.fnoor.FundraisingTest.IATS@769a1df5]" name="iatsSingle" duration-ms="13442" started-at="2020-04-22T18:26:11 EDT" finished-at="2020-04-22T18:26:24 EDT">
          <params>
            <param index="0">
              <value>
                <![CDATA[iatsSingle]]>
              </value>
            </param>
          </params>
          <reporter-output>
          </reporter-output>
        </test-method> <!-- iatsSingle -->
        <test-method status="PASS" signature="tearDown()[pri:0, instance:com.fnoor.FundraisingTest.IATS@769a1df5]" name="tearDown" is-config="true" duration-ms="421" started-at="2020-04-22T18:26:24 EDT" finished-at="2020-04-22T18:26:25 EDT">
          <reporter-output>
          </reporter-output>
        </test-method> <!-- tearDown -->
      </class> <!-- com.fnoor.FundraisingTest.IATS -->
    </test> <!-- Donations -->
  </suite> <!-- Regression -->
</testng-results>
