<?xml version="1.0" encoding="UTF-8"?>
<testng-results skipped="0" failed="0" ignored="0" total="13" passed="13">
  <reporter-output>
  </reporter-output>
  <suite name="Regression STANDALONE" duration-ms="88376" started-at="2020-04-30T14:14:05 EDT" finished-at="2020-04-30T14:15:33 EDT">
    <groups>
      <group name="standalone">
        <method signature="PB_A10_TWT1.tweetCustomTarget(java.lang.String)[pri:0, instance:com.fnoor.Standalone.PB_A10_TWT1@545997b1]" name="tweetCustomTarget" class="com.fnoor.Standalone.PB_A10_TWT1"/>
        <method signature="PB_A11_TWT2.singleDB(java.lang.String)[pri:0, instance:com.fnoor.Standalone.PB_A11_TWT2@4cf4d528]" name="singleDB" class="com.fnoor.Standalone.PB_A11_TWT2"/>
        <method signature="PB_A12_TWT3.multiDB(java.lang.String)[pri:0, instance:com.fnoor.Standalone.PB_A12_TWT3@77846d2c]" name="multiDB" class="com.fnoor.Standalone.PB_A12_TWT3"/>
        <method signature="PB_A13_ECS.event(java.lang.String)[pri:0, instance:com.fnoor.Standalone.PB_A13_ECS@548ad73b]" name="event" class="com.fnoor.Standalone.PB_A13_ECS"/>
        <method signature="PB_A15_PTM.premiumDonationSingle(java.lang.String)[pri:0, instance:com.fnoor.Standalone.PB_A15_PTM@4c762604]" name="premiumDonationSingle" class="com.fnoor.Standalone.PB_A15_PTM"/>
        <method signature="PB_A16_ETM.ecommerceSymbolicGift(java.lang.String)[pri:0, instance:com.fnoor.Standalone.PB_A16_ETM@2641e737]" name="ecommerceSymbolicGift" class="com.fnoor.Standalone.PB_A16_ETM"/>
        <method signature="PB_A1_PET.petition(java.lang.String)[pri:0, instance:com.fnoor.Standalone.PB_A1_PET@954b04f]" name="petition" class="com.fnoor.Standalone.PB_A1_PET"/>
        <method signature="PB_A2_DCF.dataCapture(java.lang.String)[pri:0, instance:com.fnoor.Standalone.PB_A2_DCF@149494d8]" name="dataCapture" class="com.fnoor.Standalone.PB_A2_DCF"/>
        <method signature="PB_A3_DCF2.dataCapture2(java.lang.String)[pri:0, instance:com.fnoor.Standalone.PB_A3_DCF2@710726a3]" name="dataCapture2" class="com.fnoor.Standalone.PB_A3_DCF2"/>
        <method signature="PB_A4_ETT1.customTarget(java.lang.String)[pri:0, instance:com.fnoor.Standalone.PB_A4_ETT1@646007f4]" name="customTarget" class="com.fnoor.Standalone.PB_A4_ETT1"/>
        <method signature="PB_A5_ETT2.singleDBETT(java.lang.String)[pri:0, instance:com.fnoor.Standalone.PB_A5_ETT2@481a15ff]" name="singleDBETT" class="com.fnoor.Standalone.PB_A5_ETT2"/>
        <method signature="PB_A8_EMS.signUp(java.lang.String)[pri:0, instance:com.fnoor.Standalone.PB_A8_EMS@78186a70]" name="signUp" class="com.fnoor.Standalone.PB_A8_EMS"/>
        <method signature="PB_A9_ECF.ecardValidation(java.lang.String)[pri:0, instance:com.fnoor.Standalone.PB_A9_ECF@306279ee]" name="ecardValidation" class="com.fnoor.Standalone.PB_A9_ECF"/>
      </group> <!-- standalone -->
    </groups>
    <test name="Donations STANDALONE" duration-ms="88376" started-at="2020-04-30T14:14:05 EDT" finished-at="2020-04-30T14:15:33 EDT">
      <class name="com.fnoor.Standalone.PB_A9_ECF">
        <test-method status="PASS" signature="setUp(java.lang.String)[pri:0, instance:com.fnoor.Standalone.PB_A9_ECF@306279ee]" name="setUp" is-config="true" duration-ms="963" started-at="2020-04-30T14:14:46 EDT" finished-at="2020-04-30T14:14:47 EDT">
          <params>
            <param index="0">
              <value>
                <![CDATA[chrome]]>
              </value>
            </param>
          </params>
          <reporter-output>
          </reporter-output>
        </test-method> <!-- setUp -->
        <test-method status="PASS" signature="ecardValidation(java.lang.String)[pri:0, instance:com.fnoor.Standalone.PB_A9_ECF@306279ee]" name="ecardValidation" duration-ms="4167" started-at="2020-04-30T14:14:47 EDT" finished-at="2020-04-30T14:14:51 EDT">
          <params>
            <param index="0">
              <value>
                <![CDATA[ecardValidation]]>
              </value>
            </param>
          </params>
          <reporter-output>
          </reporter-output>
        </test-method> <!-- ecardValidation -->
        <test-method status="PASS" signature="tearDown()[pri:0, instance:com.fnoor.Standalone.PB_A9_ECF@306279ee]" name="tearDown" is-config="true" duration-ms="81" started-at="2020-04-30T14:14:51 EDT" finished-at="2020-04-30T14:14:51 EDT">
          <reporter-output>
          </reporter-output>
        </test-method> <!-- tearDown -->
      </class> <!-- com.fnoor.Standalone.PB_A9_ECF -->
      <class name="com.fnoor.Standalone.PB_A10_TWT1">
        <test-method status="PASS" signature="setUp(java.lang.String)[pri:0, instance:com.fnoor.Standalone.PB_A10_TWT1@545997b1]" name="setUp" is-config="true" duration-ms="1045" started-at="2020-04-30T14:14:51 EDT" finished-at="2020-04-30T14:14:52 EDT">
          <params>
            <param index="0">
              <value>
                <![CDATA[chrome]]>
              </value>
            </param>
          </params>
          <reporter-output>
          </reporter-output>
        </test-method> <!-- setUp -->
        <test-method status="PASS" signature="tweetCustomTarget(java.lang.String)[pri:0, instance:com.fnoor.Standalone.PB_A10_TWT1@545997b1]" name="tweetCustomTarget" duration-ms="4650" started-at="2020-04-30T14:14:52 EDT" finished-at="2020-04-30T14:14:57 EDT">
          <params>
            <param index="0">
              <value>
                <![CDATA[tweetCustomTarget]]>
              </value>
            </param>
          </params>
          <reporter-output>
          </reporter-output>
        </test-method> <!-- tweetCustomTarget -->
        <test-method status="PASS" signature="tearDown()[pri:0, instance:com.fnoor.Standalone.PB_A10_TWT1@545997b1]" name="tearDown" is-config="true" duration-ms="82" started-at="2020-04-30T14:14:57 EDT" finished-at="2020-04-30T14:14:57 EDT">
          <reporter-output>
          </reporter-output>
        </test-method> <!-- tearDown -->
      </class> <!-- com.fnoor.Standalone.PB_A10_TWT1 -->
      <class name="com.fnoor.Standalone.PB_A3_DCF2">
        <test-method status="PASS" signature="setUp(java.lang.String)[pri:0, instance:com.fnoor.Standalone.PB_A3_DCF2@710726a3]" name="setUp" is-config="true" duration-ms="1117" started-at="2020-04-30T14:14:19 EDT" finished-at="2020-04-30T14:14:20 EDT">
          <params>
            <param index="0">
              <value>
                <![CDATA[chrome]]>
              </value>
            </param>
          </params>
          <reporter-output>
          </reporter-output>
        </test-method> <!-- setUp -->
        <test-method status="PASS" signature="dataCapture2(java.lang.String)[pri:0, instance:com.fnoor.Standalone.PB_A3_DCF2@710726a3]" name="dataCapture2" duration-ms="6080" started-at="2020-04-30T14:14:20 EDT" finished-at="2020-04-30T14:14:26 EDT">
          <params>
            <param index="0">
              <value>
                <![CDATA[dataCapture2]]>
              </value>
            </param>
          </params>
          <reporter-output>
          </reporter-output>
        </test-method> <!-- dataCapture2 -->
        <test-method status="PASS" signature="tearDown()[pri:0, instance:com.fnoor.Standalone.PB_A3_DCF2@710726a3]" name="tearDown" is-config="true" duration-ms="82" started-at="2020-04-30T14:14:26 EDT" finished-at="2020-04-30T14:14:26 EDT">
          <reporter-output>
          </reporter-output>
        </test-method> <!-- tearDown -->
      </class> <!-- com.fnoor.Standalone.PB_A3_DCF2 -->
      <class name="com.fnoor.Standalone.PB_A1_PET">
        <test-method status="PASS" signature="setUp(java.lang.String)[pri:0, instance:com.fnoor.Standalone.PB_A1_PET@954b04f]" name="setUp" is-config="true" duration-ms="2873" started-at="2020-04-30T14:14:05 EDT" finished-at="2020-04-30T14:14:08 EDT">
          <params>
            <param index="0">
              <value>
                <![CDATA[chrome]]>
              </value>
            </param>
          </params>
          <reporter-output>
          </reporter-output>
        </test-method> <!-- setUp -->
        <test-method status="PASS" signature="petition(java.lang.String)[pri:0, instance:com.fnoor.Standalone.PB_A1_PET@954b04f]" name="petition" duration-ms="4172" started-at="2020-04-30T14:14:08 EDT" finished-at="2020-04-30T14:14:12 EDT">
          <params>
            <param index="0">
              <value>
                <![CDATA[petition]]>
              </value>
            </param>
          </params>
          <reporter-output>
          </reporter-output>
        </test-method> <!-- petition -->
        <test-method status="PASS" signature="tearDown()[pri:0, instance:com.fnoor.Standalone.PB_A1_PET@954b04f]" name="tearDown" is-config="true" duration-ms="85" started-at="2020-04-30T14:14:12 EDT" finished-at="2020-04-30T14:14:12 EDT">
          <reporter-output>
          </reporter-output>
        </test-method> <!-- tearDown -->
      </class> <!-- com.fnoor.Standalone.PB_A1_PET -->
      <class name="com.fnoor.Standalone.PB_A5_ETT2">
        <test-method status="PASS" signature="setUp(java.lang.String)[pri:0, instance:com.fnoor.Standalone.PB_A5_ETT2@481a15ff]" name="setUp" is-config="true" duration-ms="1108" started-at="2020-04-30T14:14:33 EDT" finished-at="2020-04-30T14:14:34 EDT">
          <params>
            <param index="0">
              <value>
                <![CDATA[chrome]]>
              </value>
            </param>
          </params>
          <reporter-output>
          </reporter-output>
        </test-method> <!-- setUp -->
        <test-method status="PASS" signature="singleDBETT(java.lang.String)[pri:0, instance:com.fnoor.Standalone.PB_A5_ETT2@481a15ff]" name="singleDBETT" duration-ms="6530" started-at="2020-04-30T14:14:34 EDT" finished-at="2020-04-30T14:14:41 EDT">
          <params>
            <param index="0">
              <value>
                <![CDATA[singleDBETT]]>
              </value>
            </param>
          </params>
          <reporter-output>
          </reporter-output>
        </test-method> <!-- singleDBETT -->
        <test-method status="PASS" signature="tearDown()[pri:0, instance:com.fnoor.Standalone.PB_A5_ETT2@481a15ff]" name="tearDown" is-config="true" duration-ms="86" started-at="2020-04-30T14:14:41 EDT" finished-at="2020-04-30T14:14:41 EDT">
          <reporter-output>
          </reporter-output>
        </test-method> <!-- tearDown -->
      </class> <!-- com.fnoor.Standalone.PB_A5_ETT2 -->
      <class name="com.fnoor.Standalone.PB_A12_TWT3">
        <test-method status="PASS" signature="setUp(java.lang.String)[pri:0, instance:com.fnoor.Standalone.PB_A12_TWT3@77846d2c]" name="setUp" is-config="true" duration-ms="1033" started-at="2020-04-30T14:15:03 EDT" finished-at="2020-04-30T14:15:04 EDT">
          <params>
            <param index="0">
              <value>
                <![CDATA[chrome]]>
              </value>
            </param>
          </params>
          <reporter-output>
          </reporter-output>
        </test-method> <!-- setUp -->
        <test-method status="PASS" signature="multiDB(java.lang.String)[pri:0, instance:com.fnoor.Standalone.PB_A12_TWT3@77846d2c]" name="multiDB" duration-ms="4628" started-at="2020-04-30T14:15:04 EDT" finished-at="2020-04-30T14:15:09 EDT">
          <params>
            <param index="0">
              <value>
                <![CDATA[multiDB]]>
              </value>
            </param>
          </params>
          <reporter-output>
          </reporter-output>
        </test-method> <!-- multiDB -->
        <test-method status="PASS" signature="tearDown()[pri:0, instance:com.fnoor.Standalone.PB_A12_TWT3@77846d2c]" name="tearDown" is-config="true" duration-ms="80" started-at="2020-04-30T14:15:09 EDT" finished-at="2020-04-30T14:15:09 EDT">
          <reporter-output>
          </reporter-output>
        </test-method> <!-- tearDown -->
      </class> <!-- com.fnoor.Standalone.PB_A12_TWT3 -->
      <class name="com.fnoor.Standalone.PB_A15_PTM">
        <test-method status="PASS" signature="setUp(java.lang.String)[pri:0, instance:com.fnoor.Standalone.PB_A15_PTM@4c762604]" name="setUp" is-config="true" duration-ms="1064" started-at="2020-04-30T14:15:16 EDT" finished-at="2020-04-30T14:15:17 EDT">
          <params>
            <param index="0">
              <value>
                <![CDATA[chrome]]>
              </value>
            </param>
          </params>
          <reporter-output>
          </reporter-output>
        </test-method> <!-- setUp -->
        <test-method status="PASS" signature="premiumDonationSingle(java.lang.String)[pri:0, instance:com.fnoor.Standalone.PB_A15_PTM@4c762604]" name="premiumDonationSingle" duration-ms="7268" started-at="2020-04-30T14:15:17 EDT" finished-at="2020-04-30T14:15:24 EDT">
          <params>
            <param index="0">
              <value>
                <![CDATA[premiumDonationSingle]]>
              </value>
            </param>
          </params>
          <reporter-output>
          </reporter-output>
        </test-method> <!-- premiumDonationSingle -->
        <test-method status="PASS" signature="tearDown()[pri:0, instance:com.fnoor.Standalone.PB_A15_PTM@4c762604]" name="tearDown" is-config="true" duration-ms="80" started-at="2020-04-30T14:15:24 EDT" finished-at="2020-04-30T14:15:24 EDT">
          <reporter-output>
          </reporter-output>
        </test-method> <!-- tearDown -->
      </class> <!-- com.fnoor.Standalone.PB_A15_PTM -->
      <class name="com.fnoor.Standalone.PB_A8_EMS">
        <test-method status="PASS" signature="setUp(java.lang.String)[pri:0, instance:com.fnoor.Standalone.PB_A8_EMS@78186a70]" name="setUp" is-config="true" duration-ms="1051" started-at="2020-04-30T14:14:41 EDT" finished-at="2020-04-30T14:14:42 EDT">
          <params>
            <param index="0">
              <value>
                <![CDATA[chrome]]>
              </value>
            </param>
          </params>
          <reporter-output>
          </reporter-output>
        </test-method> <!-- setUp -->
        <test-method status="PASS" signature="signUp(java.lang.String)[pri:0, instance:com.fnoor.Standalone.PB_A8_EMS@78186a70]" name="signUp" duration-ms="4040" started-at="2020-04-30T14:14:42 EDT" finished-at="2020-04-30T14:14:46 EDT">
          <params>
            <param index="0">
              <value>
                <![CDATA[signUp]]>
              </value>
            </param>
          </params>
          <reporter-output>
          </reporter-output>
        </test-method> <!-- signUp -->
        <test-method status="PASS" signature="tearDown()[pri:0, instance:com.fnoor.Standalone.PB_A8_EMS@78186a70]" name="tearDown" is-config="true" duration-ms="79" started-at="2020-04-30T14:14:46 EDT" finished-at="2020-04-30T14:14:46 EDT">
          <reporter-output>
          </reporter-output>
        </test-method> <!-- tearDown -->
      </class> <!-- com.fnoor.Standalone.PB_A8_EMS -->
      <class name="com.fnoor.Standalone.PB_A16_ETM">
        <test-method status="PASS" signature="setUp(java.lang.String)[pri:0, instance:com.fnoor.Standalone.PB_A16_ETM@2641e737]" name="setUp" is-config="true" duration-ms="998" started-at="2020-04-30T14:15:24 EDT" finished-at="2020-04-30T14:15:25 EDT">
          <params>
            <param index="0">
              <value>
                <![CDATA[chrome]]>
              </value>
            </param>
          </params>
          <reporter-output>
          </reporter-output>
        </test-method> <!-- setUp -->
        <test-method status="PASS" signature="ecommerceSymbolicGift(java.lang.String)[pri:0, instance:com.fnoor.Standalone.PB_A16_ETM@2641e737]" name="ecommerceSymbolicGift" duration-ms="7962" started-at="2020-04-30T14:15:25 EDT" finished-at="2020-04-30T14:15:33 EDT">
          <params>
            <param index="0">
              <value>
                <![CDATA[ecommerceSymbolicGift]]>
              </value>
            </param>
          </params>
          <reporter-output>
          </reporter-output>
        </test-method> <!-- ecommerceSymbolicGift -->
        <test-method status="PASS" signature="tearDown()[pri:0, instance:com.fnoor.Standalone.PB_A16_ETM@2641e737]" name="tearDown" is-config="true" duration-ms="87" started-at="2020-04-30T14:15:33 EDT" finished-at="2020-04-30T14:15:33 EDT">
          <reporter-output>
          </reporter-output>
        </test-method> <!-- tearDown -->
      </class> <!-- com.fnoor.Standalone.PB_A16_ETM -->
      <class name="com.fnoor.Standalone.PB_A4_ETT1">
        <test-method status="PASS" signature="setUp(java.lang.String)[pri:0, instance:com.fnoor.Standalone.PB_A4_ETT1@646007f4]" name="setUp" is-config="true" duration-ms="1016" started-at="2020-04-30T14:14:26 EDT" finished-at="2020-04-30T14:14:27 EDT">
          <params>
            <param index="0">
              <value>
                <![CDATA[chrome]]>
              </value>
            </param>
          </params>
          <reporter-output>
          </reporter-output>
        </test-method> <!-- setUp -->
        <test-method status="PASS" signature="customTarget(java.lang.String)[pri:0, instance:com.fnoor.Standalone.PB_A4_ETT1@646007f4]" name="customTarget" duration-ms="5830" started-at="2020-04-30T14:14:27 EDT" finished-at="2020-04-30T14:14:33 EDT">
          <params>
            <param index="0">
              <value>
                <![CDATA[customTarget]]>
              </value>
            </param>
          </params>
          <reporter-output>
          </reporter-output>
        </test-method> <!-- customTarget -->
        <test-method status="PASS" signature="tearDown()[pri:0, instance:com.fnoor.Standalone.PB_A4_ETT1@646007f4]" name="tearDown" is-config="true" duration-ms="82" started-at="2020-04-30T14:14:33 EDT" finished-at="2020-04-30T14:14:33 EDT">
          <reporter-output>
          </reporter-output>
        </test-method> <!-- tearDown -->
      </class> <!-- com.fnoor.Standalone.PB_A4_ETT1 -->
      <class name="com.fnoor.Standalone.PB_A2_DCF">
        <test-method status="PASS" signature="setUp(java.lang.String)[pri:0, instance:com.fnoor.Standalone.PB_A2_DCF@149494d8]" name="setUp" is-config="true" duration-ms="955" started-at="2020-04-30T14:14:12 EDT" finished-at="2020-04-30T14:14:13 EDT">
          <params>
            <param index="0">
              <value>
                <![CDATA[chrome]]>
              </value>
            </param>
          </params>
          <reporter-output>
          </reporter-output>
        </test-method> <!-- setUp -->
        <test-method status="PASS" signature="dataCapture(java.lang.String)[pri:0, instance:com.fnoor.Standalone.PB_A2_DCF@149494d8]" name="dataCapture" duration-ms="6075" started-at="2020-04-30T14:14:13 EDT" finished-at="2020-04-30T14:14:19 EDT">
          <params>
            <param index="0">
              <value>
                <![CDATA[dataCapture]]>
              </value>
            </param>
          </params>
          <reporter-output>
          </reporter-output>
        </test-method> <!-- dataCapture -->
        <test-method status="PASS" signature="tearDown()[pri:0, instance:com.fnoor.Standalone.PB_A2_DCF@149494d8]" name="tearDown" is-config="true" duration-ms="82" started-at="2020-04-30T14:14:19 EDT" finished-at="2020-04-30T14:14:19 EDT">
          <reporter-output>
          </reporter-output>
        </test-method> <!-- tearDown -->
      </class> <!-- com.fnoor.Standalone.PB_A2_DCF -->
      <class name="com.fnoor.Standalone.PB_A13_ECS">
        <test-method status="PASS" signature="setUp(java.lang.String)[pri:0, instance:com.fnoor.Standalone.PB_A13_ECS@548ad73b]" name="setUp" is-config="true" duration-ms="1022" started-at="2020-04-30T14:15:09 EDT" finished-at="2020-04-30T14:15:10 EDT">
          <params>
            <param index="0">
              <value>
                <![CDATA[chrome]]>
              </value>
            </param>
          </params>
          <reporter-output>
          </reporter-output>
        </test-method> <!-- setUp -->
        <test-method status="PASS" signature="event(java.lang.String)[pri:0, instance:com.fnoor.Standalone.PB_A13_ECS@548ad73b]" name="event" duration-ms="5671" started-at="2020-04-30T14:15:10 EDT" finished-at="2020-04-30T14:15:15 EDT">
          <params>
            <param index="0">
              <value>
                <![CDATA[event]]>
              </value>
            </param>
          </params>
          <reporter-output>
          </reporter-output>
        </test-method> <!-- event -->
        <test-method status="PASS" signature="tearDown()[pri:0, instance:com.fnoor.Standalone.PB_A13_ECS@548ad73b]" name="tearDown" is-config="true" duration-ms="87" started-at="2020-04-30T14:15:15 EDT" finished-at="2020-04-30T14:15:16 EDT">
          <reporter-output>
          </reporter-output>
        </test-method> <!-- tearDown -->
      </class> <!-- com.fnoor.Standalone.PB_A13_ECS -->
      <class name="com.fnoor.Standalone.PB_A11_TWT2">
        <test-method status="PASS" signature="setUp(java.lang.String)[pri:0, instance:com.fnoor.Standalone.PB_A11_TWT2@4cf4d528]" name="setUp" is-config="true" duration-ms="1063" started-at="2020-04-30T14:14:57 EDT" finished-at="2020-04-30T14:14:58 EDT">
          <params>
            <param index="0">
              <value>
                <![CDATA[chrome]]>
              </value>
            </param>
          </params>
          <reporter-output>
          </reporter-output>
        </test-method> <!-- setUp -->
        <test-method status="PASS" signature="singleDB(java.lang.String)[pri:0, instance:com.fnoor.Standalone.PB_A11_TWT2@4cf4d528]" name="singleDB" duration-ms="4875" started-at="2020-04-30T14:14:58 EDT" finished-at="2020-04-30T14:15:03 EDT">
          <params>
            <param index="0">
              <value>
                <![CDATA[singleDB]]>
              </value>
            </param>
          </params>
          <reporter-output>
          </reporter-output>
        </test-method> <!-- singleDB -->
        <test-method status="PASS" signature="tearDown()[pri:0, instance:com.fnoor.Standalone.PB_A11_TWT2@4cf4d528]" name="tearDown" is-config="true" duration-ms="85" started-at="2020-04-30T14:15:03 EDT" finished-at="2020-04-30T14:15:03 EDT">
          <reporter-output>
          </reporter-output>
        </test-method> <!-- tearDown -->
      </class> <!-- com.fnoor.Standalone.PB_A11_TWT2 -->
    </test> <!-- Donations STANDALONE -->
  </suite> <!-- Regression STANDALONE -->
</testng-results>
