<?xml version="1.0" encoding="UTF-8"?>
<testng-results skipped="0" failed="0" ignored="0" total="5" passed="5">
  <reporter-output>
  </reporter-output>
  <suite name="Regression VANTIV" duration-ms="39358" started-at="2020-06-29T13:35:50 EDT" finished-at="2020-06-29T13:36:29 EDT">
    <groups>
      <group name="vantiv">
        <method signature="VANTIV.vantivRecurring(java.lang.String)[pri:0, instance:com.fnoor.FundraisingTest.VANTIV@6ec8211c]" name="vantivRecurring" class="com.fnoor.FundraisingTest.VANTIV"/>
        <method signature="VANTIV.vantivRecurringAcheft(java.lang.String)[pri:0, instance:com.fnoor.FundraisingTest.VANTIV@6ec8211c]" name="vantivRecurringAcheft" class="com.fnoor.FundraisingTest.VANTIV"/>
        <method signature="VANTIV.vantivSingle(java.lang.String)[pri:0, instance:com.fnoor.FundraisingTest.VANTIV@6ec8211c]" name="vantivSingle" class="com.fnoor.FundraisingTest.VANTIV"/>
        <method signature="VANTIV.vantivSingleAcheft(java.lang.String)[pri:0, instance:com.fnoor.FundraisingTest.VANTIV@6ec8211c]" name="vantivSingleAcheft" class="com.fnoor.FundraisingTest.VANTIV"/>
        <method signature="VANTIV.vantiveCheck(java.lang.String)[pri:0, instance:com.fnoor.FundraisingTest.VANTIV@6ec8211c]" name="vantiveCheck" class="com.fnoor.FundraisingTest.VANTIV"/>
      </group> <!-- vantiv -->
    </groups>
    <test name="Donations_VANTIV" duration-ms="39358" started-at="2020-06-29T13:35:50 EDT" finished-at="2020-06-29T13:36:29 EDT">
      <class name="com.fnoor.FundraisingTest.VANTIV">
        <test-method status="PASS" signature="setUp(java.lang.String)[pri:0, instance:com.fnoor.FundraisingTest.VANTIV@6ec8211c]" name="setUp" is-config="true" duration-ms="2479" started-at="2020-06-29T13:35:50 EDT" finished-at="2020-06-29T13:35:52 EDT">
          <params>
            <param index="0">
              <value>
                <![CDATA[chrome]]>
              </value>
            </param>
          </params>
          <reporter-output>
          </reporter-output>
        </test-method> <!-- setUp -->
        <test-method status="PASS" signature="vantivSingle(java.lang.String)[pri:0, instance:com.fnoor.FundraisingTest.VANTIV@6ec8211c]" name="vantivSingle" duration-ms="9715" started-at="2020-06-29T13:35:52 EDT" finished-at="2020-06-29T13:36:02 EDT">
          <params>
            <param index="0">
              <value>
                <![CDATA[vantivSingle]]>
              </value>
            </param>
          </params>
          <reporter-output>
          </reporter-output>
        </test-method> <!-- vantivSingle -->
        <test-method status="PASS" signature="vantivRecurring(java.lang.String)[pri:0, instance:com.fnoor.FundraisingTest.VANTIV@6ec8211c]" name="vantivRecurring" duration-ms="5804" started-at="2020-06-29T13:36:02 EDT" finished-at="2020-06-29T13:36:08 EDT">
          <params>
            <param index="0">
              <value>
                <![CDATA[vantivRecurring]]>
              </value>
            </param>
          </params>
          <reporter-output>
          </reporter-output>
        </test-method> <!-- vantivRecurring -->
        <test-method status="PASS" signature="vantiveCheck(java.lang.String)[pri:0, instance:com.fnoor.FundraisingTest.VANTIV@6ec8211c]" name="vantiveCheck" duration-ms="7632" started-at="2020-06-29T13:36:08 EDT" finished-at="2020-06-29T13:36:16 EDT">
          <params>
            <param index="0">
              <value>
                <![CDATA[vantiveCheck]]>
              </value>
            </param>
          </params>
          <reporter-output>
          </reporter-output>
        </test-method> <!-- vantiveCheck -->
        <test-method status="PASS" signature="vantivSingleAcheft(java.lang.String)[pri:0, instance:com.fnoor.FundraisingTest.VANTIV@6ec8211c]" name="vantivSingleAcheft" duration-ms="6653" started-at="2020-06-29T13:36:16 EDT" finished-at="2020-06-29T13:36:22 EDT">
          <params>
            <param index="0">
              <value>
                <![CDATA[vantivSingleAcheft]]>
              </value>
            </param>
          </params>
          <reporter-output>
          </reporter-output>
        </test-method> <!-- vantivSingleAcheft -->
        <test-method status="PASS" signature="vantivRecurringAcheft(java.lang.String)[pri:0, instance:com.fnoor.FundraisingTest.VANTIV@6ec8211c]" name="vantivRecurringAcheft" duration-ms="6935" started-at="2020-06-29T13:36:22 EDT" finished-at="2020-06-29T13:36:29 EDT">
          <params>
            <param index="0">
              <value>
                <![CDATA[vantivRecurringAcheft]]>
              </value>
            </param>
          </params>
          <reporter-output>
          </reporter-output>
        </test-method> <!-- vantivRecurringAcheft -->
        <test-method status="PASS" signature="tearDown()[pri:0, instance:com.fnoor.FundraisingTest.VANTIV@6ec8211c]" name="tearDown" is-config="true" duration-ms="102" started-at="2020-06-29T13:36:29 EDT" finished-at="2020-06-29T13:36:29 EDT">
          <reporter-output>
          </reporter-output>
        </test-method> <!-- tearDown -->
      </class> <!-- com.fnoor.FundraisingTest.VANTIV -->
    </test> <!-- Donations_VANTIV -->
  </suite> <!-- Regression VANTIV -->
</testng-results>
