<?xml version="1.0" encoding="UTF-8"?>
<testng-results skipped="0" failed="2" ignored="0" total="8" passed="6">
  <reporter-output>
  </reporter-output>
  <suite name="Regression PAYPAL" duration-ms="405796" started-at="2020-08-12T12:53:02 EDT" finished-at="2020-08-12T12:59:48 EDT">
    <groups>
      <group name="paypal">
        <method signature="PAYPAL.payPalPaymentsProRecurring(java.lang.String)[pri:0, instance:com.fnoor.FundraisingTest.PAYPAL@eb21112]" name="payPalPaymentsProRecurring" class="com.fnoor.FundraisingTest.PAYPAL"/>
        <method signature="PAYPAL.payViaPayPalRecurring(java.lang.String)[pri:0, instance:com.fnoor.FundraisingTest.PAYPAL@eb21112]" name="payViaPayPalRecurring" class="com.fnoor.FundraisingTest.PAYPAL"/>
        <method signature="PAYPAL.payViaPayPalSingle(java.lang.String)[pri:0, instance:com.fnoor.FundraisingTest.PAYPAL@eb21112]" name="payViaPayPalSingle" class="com.fnoor.FundraisingTest.PAYPAL"/>
        <method signature="PAYPAL.paypalCardinalComRecurring3D(java.lang.String)[pri:0, instance:com.fnoor.FundraisingTest.PAYPAL@eb21112]" name="paypalCardinalComRecurring3D" class="com.fnoor.FundraisingTest.PAYPAL"/>
        <method signature="PAYPAL.paypalCardinalComSingle3D(java.lang.String)[pri:0, instance:com.fnoor.FundraisingTest.PAYPAL@eb21112]" name="paypalCardinalComSingle3D" class="com.fnoor.FundraisingTest.PAYPAL"/>
        <method signature="PAYPAL.paypalPaymentsProSingle(java.lang.String)[pri:0, instance:com.fnoor.FundraisingTest.PAYPAL@eb21112]" name="paypalPaymentsProSingle" class="com.fnoor.FundraisingTest.PAYPAL"/>
        <method signature="PAYPAL.paypalViaPayPalCardinalComSingle3D(java.lang.String)[pri:0, instance:com.fnoor.FundraisingTest.PAYPAL@eb21112]" name="paypalViaPayPalCardinalComSingle3D" class="com.fnoor.FundraisingTest.PAYPAL"/>
        <method signature="PAYPAL.stripeViaPaypalSingle(java.lang.String)[pri:0, instance:com.fnoor.FundraisingTest.PAYPAL@eb21112]" name="stripeViaPaypalSingle" class="com.fnoor.FundraisingTest.PAYPAL"/>
      </group> <!-- paypal -->
    </groups>
    <test name="Donations PAYPAL" duration-ms="405796" started-at="2020-08-12T12:53:02 EDT" finished-at="2020-08-12T12:59:48 EDT">
      <class name="com.fnoor.FundraisingTest.PAYPAL">
        <test-method status="PASS" signature="setUp(java.lang.String)[pri:0, instance:com.fnoor.FundraisingTest.PAYPAL@eb21112]" name="setUp" is-config="true" duration-ms="2055" started-at="2020-08-12T12:53:02 EDT" finished-at="2020-08-12T12:53:04 EDT">
          <params>
            <param index="0">
              <value>
                <![CDATA[chrome]]>
              </value>
            </param>
          </params>
          <reporter-output>
          </reporter-output>
        </test-method> <!-- setUp -->
        <test-method status="PASS" signature="payPalPaymentsProRecurring(java.lang.String)[pri:0, instance:com.fnoor.FundraisingTest.PAYPAL@eb21112]" name="payPalPaymentsProRecurring" duration-ms="12815" started-at="2020-08-12T12:53:04 EDT" finished-at="2020-08-12T12:53:17 EDT">
          <params>
            <param index="0">
              <value>
                <![CDATA[payPalPaymentsProRecurring]]>
              </value>
            </param>
          </params>
          <reporter-output>
          </reporter-output>
        </test-method> <!-- payPalPaymentsProRecurring -->
        <test-method status="PASS" signature="tearDown()[pri:0, instance:com.fnoor.FundraisingTest.PAYPAL@eb21112]" name="tearDown" is-config="true" duration-ms="89" started-at="2020-08-12T12:53:17 EDT" finished-at="2020-08-12T12:53:17 EDT">
          <reporter-output>
          </reporter-output>
        </test-method> <!-- tearDown -->
        <test-method status="PASS" signature="setUp(java.lang.String)[pri:0, instance:com.fnoor.FundraisingTest.PAYPAL@eb21112]" name="setUp" is-config="true" duration-ms="1137" started-at="2020-08-12T12:53:17 EDT" finished-at="2020-08-12T12:53:18 EDT">
          <params>
            <param index="0">
              <value>
                <![CDATA[chrome]]>
              </value>
            </param>
          </params>
          <reporter-output>
          </reporter-output>
        </test-method> <!-- setUp -->
        <test-method status="PASS" signature="payViaPayPalSingle(java.lang.String)[pri:0, instance:com.fnoor.FundraisingTest.PAYPAL@eb21112]" name="payViaPayPalSingle" duration-ms="27745" started-at="2020-08-12T12:53:18 EDT" finished-at="2020-08-12T12:53:46 EDT">
          <params>
            <param index="0">
              <value>
                <![CDATA[payViaPayPalSingle]]>
              </value>
            </param>
          </params>
          <reporter-output>
          </reporter-output>
        </test-method> <!-- payViaPayPalSingle -->
        <test-method status="PASS" signature="tearDown()[pri:0, instance:com.fnoor.FundraisingTest.PAYPAL@eb21112]" name="tearDown" is-config="true" duration-ms="112" started-at="2020-08-12T12:53:46 EDT" finished-at="2020-08-12T12:53:46 EDT">
          <reporter-output>
          </reporter-output>
        </test-method> <!-- tearDown -->
        <test-method status="PASS" signature="setUp(java.lang.String)[pri:0, instance:com.fnoor.FundraisingTest.PAYPAL@eb21112]" name="setUp" is-config="true" duration-ms="1001" started-at="2020-08-12T12:53:46 EDT" finished-at="2020-08-12T12:53:47 EDT">
          <params>
            <param index="0">
              <value>
                <![CDATA[chrome]]>
              </value>
            </param>
          </params>
          <reporter-output>
          </reporter-output>
        </test-method> <!-- setUp -->
        <test-method status="PASS" signature="payViaPayPalRecurring(java.lang.String)[pri:0, instance:com.fnoor.FundraisingTest.PAYPAL@eb21112]" name="payViaPayPalRecurring" duration-ms="31515" started-at="2020-08-12T12:53:47 EDT" finished-at="2020-08-12T12:54:18 EDT">
          <params>
            <param index="0">
              <value>
                <![CDATA[payViaPayPalRecurring]]>
              </value>
            </param>
          </params>
          <reporter-output>
          </reporter-output>
        </test-method> <!-- payViaPayPalRecurring -->
        <test-method status="PASS" signature="tearDown()[pri:0, instance:com.fnoor.FundraisingTest.PAYPAL@eb21112]" name="tearDown" is-config="true" duration-ms="97" started-at="2020-08-12T12:54:18 EDT" finished-at="2020-08-12T12:54:18 EDT">
          <reporter-output>
          </reporter-output>
        </test-method> <!-- tearDown -->
        <test-method status="PASS" signature="setUp(java.lang.String)[pri:0, instance:com.fnoor.FundraisingTest.PAYPAL@eb21112]" name="setUp" is-config="true" duration-ms="935" started-at="2020-08-12T12:54:18 EDT" finished-at="2020-08-12T12:54:19 EDT">
          <params>
            <param index="0">
              <value>
                <![CDATA[chrome]]>
              </value>
            </param>
          </params>
          <reporter-output>
          </reporter-output>
        </test-method> <!-- setUp -->
        <test-method status="PASS" signature="paypalPaymentsProSingle(java.lang.String)[pri:0, instance:com.fnoor.FundraisingTest.PAYPAL@eb21112]" name="paypalPaymentsProSingle" duration-ms="11589" started-at="2020-08-12T12:54:19 EDT" finished-at="2020-08-12T12:54:31 EDT">
          <params>
            <param index="0">
              <value>
                <![CDATA[paypalPaymentsProSingle]]>
              </value>
            </param>
          </params>
          <reporter-output>
          </reporter-output>
        </test-method> <!-- paypalPaymentsProSingle -->
        <test-method status="PASS" signature="tearDown()[pri:0, instance:com.fnoor.FundraisingTest.PAYPAL@eb21112]" name="tearDown" is-config="true" duration-ms="92" started-at="2020-08-12T12:54:31 EDT" finished-at="2020-08-12T12:54:31 EDT">
          <reporter-output>
          </reporter-output>
        </test-method> <!-- tearDown -->
        <test-method status="PASS" signature="setUp(java.lang.String)[pri:0, instance:com.fnoor.FundraisingTest.PAYPAL@eb21112]" name="setUp" is-config="true" duration-ms="994" started-at="2020-08-12T12:54:31 EDT" finished-at="2020-08-12T12:54:32 EDT">
          <params>
            <param index="0">
              <value>
                <![CDATA[chrome]]>
              </value>
            </param>
          </params>
          <reporter-output>
          </reporter-output>
        </test-method> <!-- setUp -->
        <test-method status="FAIL" signature="paypalCardinalComSingle3D(java.lang.String)[pri:0, instance:com.fnoor.FundraisingTest.PAYPAL@eb21112]" name="paypalCardinalComSingle3D" duration-ms="126885" started-at="2020-08-12T12:54:32 EDT" finished-at="2020-08-12T12:56:39 EDT">
          <params>
            <param index="0">
              <value>
                <![CDATA[paypalCardinalComSingle3D]]>
              </value>
            </param>
          </params>
          <exception class="org.openqa.selenium.NoSuchFrameException">
            <message>
              <![CDATA[No frame element found by name or id Cardinal-CCA-IFrame
Build info: version: '3.4.0', revision: 'unknown', time: 'unknown'
System info: host: 'Ievgeniias-MBP.fios-router.home', ip: 'fe80:0:0:0:107b:90e6:e0b5:8010%en0', os.name: 'Mac OS X', os.arch: 'x86_64', os.version: '10.14.6', java.version: '1.8.0_221'
Driver info: driver.version: unknown]]>
            </message>
            <full-stacktrace>
              <![CDATA[org.openqa.selenium.NoSuchFrameException: No frame element found by name or id Cardinal-CCA-IFrame
Build info: version: '3.4.0', revision: 'unknown', time: 'unknown'
System info: host: 'Ievgeniias-MBP.fios-router.home', ip: 'fe80:0:0:0:107b:90e6:e0b5:8010%en0', os.name: 'Mac OS X', os.arch: 'x86_64', os.version: '10.14.6', java.version: '1.8.0_221'
Driver info: driver.version: unknown
at org.openqa.selenium.remote.RemoteWebDriver$RemoteTargetLocator.frame(RemoteWebDriver.java:973)
at com.fnoor.FundraisingTest.PAYPAL.paypalCardinalComSingle3D(PAYPAL.java:362)
at sun.reflect.NativeMethodAccessorImpl.invoke0(Native Method)
at sun.reflect.NativeMethodAccessorImpl.invoke(NativeMethodAccessorImpl.java:62)
at sun.reflect.DelegatingMethodAccessorImpl.invoke(DelegatingMethodAccessorImpl.java:43)
at java.lang.reflect.Method.invoke(Method.java:498)
at org.testng.internal.MethodInvocationHelper.invokeMethod(MethodInvocationHelper.java:133)
at org.testng.internal.TestInvoker.invokeMethod(TestInvoker.java:584)
at org.testng.internal.TestInvoker.invokeTestMethod(TestInvoker.java:172)
at org.testng.internal.MethodRunner.runInSequence(MethodRunner.java:46)
at org.testng.internal.TestInvoker$MethodInvocationAgent.invoke(TestInvoker.java:804)
at org.testng.internal.TestInvoker.invokeTestMethods(TestInvoker.java:145)
at org.testng.internal.TestMethodWorker.invokeTestMethods(TestMethodWorker.java:146)
at org.testng.internal.TestMethodWorker.run(TestMethodWorker.java:128)
at java.util.ArrayList.forEach(ArrayList.java:1257)
at org.testng.TestRunner.privateRun(TestRunner.java:770)
at org.testng.TestRunner.run(TestRunner.java:591)
at org.testng.SuiteRunner.runTest(SuiteRunner.java:402)
at org.testng.SuiteRunner.runSequentially(SuiteRunner.java:396)
at org.testng.SuiteRunner.privateRun(SuiteRunner.java:355)
at org.testng.SuiteRunner.run(SuiteRunner.java:304)
at org.testng.SuiteRunnerWorker.runSuite(SuiteRunnerWorker.java:53)
at org.testng.SuiteRunnerWorker.run(SuiteRunnerWorker.java:96)
at org.testng.TestNG.runSuitesSequentially(TestNG.java:1180)
at org.testng.TestNG.runSuitesLocally(TestNG.java:1102)
at org.testng.TestNG.runSuites(TestNG.java:1032)
at org.testng.TestNG.run(TestNG.java:1000)
at org.apache.maven.surefire.testng.TestNGExecutor.run(TestNGExecutor.java:283)
at org.apache.maven.surefire.testng.TestNGXmlTestSuite.execute(TestNGXmlTestSuite.java:75)
at org.apache.maven.surefire.testng.TestNGProvider.invoke(TestNGProvider.java:120)
at org.apache.maven.surefire.booter.ForkedBooter.invokeProviderInSameClassLoader(ForkedBooter.java:384)
at org.apache.maven.surefire.booter.ForkedBooter.runSuitesInProcess(ForkedBooter.java:345)
at org.apache.maven.surefire.booter.ForkedBooter.execute(ForkedBooter.java:126)
at org.apache.maven.surefire.booter.ForkedBooter.main(ForkedBooter.java:418)
]]>
            </full-stacktrace>
          </exception> <!-- org.openqa.selenium.NoSuchFrameException -->
          <reporter-output>
          </reporter-output>
        </test-method> <!-- paypalCardinalComSingle3D -->
        <test-method status="PASS" signature="tearDown()[pri:0, instance:com.fnoor.FundraisingTest.PAYPAL@eb21112]" name="tearDown" is-config="true" duration-ms="110" started-at="2020-08-12T12:56:39 EDT" finished-at="2020-08-12T12:56:39 EDT">
          <reporter-output>
          </reporter-output>
        </test-method> <!-- tearDown -->
        <test-method status="PASS" signature="setUp(java.lang.String)[pri:0, instance:com.fnoor.FundraisingTest.PAYPAL@eb21112]" name="setUp" is-config="true" duration-ms="1157" started-at="2020-08-12T12:56:39 EDT" finished-at="2020-08-12T12:56:40 EDT">
          <params>
            <param index="0">
              <value>
                <![CDATA[chrome]]>
              </value>
            </param>
          </params>
          <reporter-output>
          </reporter-output>
        </test-method> <!-- setUp -->
        <test-method status="PASS" signature="paypalViaPayPalCardinalComSingle3D(java.lang.String)[pri:0, instance:com.fnoor.FundraisingTest.PAYPAL@eb21112]" name="paypalViaPayPalCardinalComSingle3D" duration-ms="30060" started-at="2020-08-12T12:56:40 EDT" finished-at="2020-08-12T12:57:10 EDT">
          <params>
            <param index="0">
              <value>
                <![CDATA[paypalViaPayPalCardinalComSingle3D]]>
              </value>
            </param>
          </params>
          <reporter-output>
          </reporter-output>
        </test-method> <!-- paypalViaPayPalCardinalComSingle3D -->
        <test-method status="PASS" signature="tearDown()[pri:0, instance:com.fnoor.FundraisingTest.PAYPAL@eb21112]" name="tearDown" is-config="true" duration-ms="99" started-at="2020-08-12T12:57:10 EDT" finished-at="2020-08-12T12:57:10 EDT">
          <reporter-output>
          </reporter-output>
        </test-method> <!-- tearDown -->
        <test-method status="PASS" signature="setUp(java.lang.String)[pri:0, instance:com.fnoor.FundraisingTest.PAYPAL@eb21112]" name="setUp" is-config="true" duration-ms="1376" started-at="2020-08-12T12:57:10 EDT" finished-at="2020-08-12T12:57:12 EDT">
          <params>
            <param index="0">
              <value>
                <![CDATA[chrome]]>
              </value>
            </param>
          </params>
          <reporter-output>
          </reporter-output>
        </test-method> <!-- setUp -->
        <test-method status="FAIL" signature="paypalCardinalComRecurring3D(java.lang.String)[pri:0, instance:com.fnoor.FundraisingTest.PAYPAL@eb21112]" name="paypalCardinalComRecurring3D" duration-ms="127197" started-at="2020-08-12T12:57:12 EDT" finished-at="2020-08-12T12:59:19 EDT">
          <params>
            <param index="0">
              <value>
                <![CDATA[paypalCardinalComRecurring3D]]>
              </value>
            </param>
          </params>
          <exception class="org.openqa.selenium.NoSuchFrameException">
            <message>
              <![CDATA[No frame element found by name or id Cardinal-CCA-IFrame
Build info: version: '3.4.0', revision: 'unknown', time: 'unknown'
System info: host: 'Ievgeniias-MBP.fios-router.home', ip: 'fe80:0:0:0:107b:90e6:e0b5:8010%en0', os.name: 'Mac OS X', os.arch: 'x86_64', os.version: '10.14.6', java.version: '1.8.0_221'
Driver info: driver.version: unknown]]>
            </message>
            <full-stacktrace>
              <![CDATA[org.openqa.selenium.NoSuchFrameException: No frame element found by name or id Cardinal-CCA-IFrame
Build info: version: '3.4.0', revision: 'unknown', time: 'unknown'
System info: host: 'Ievgeniias-MBP.fios-router.home', ip: 'fe80:0:0:0:107b:90e6:e0b5:8010%en0', os.name: 'Mac OS X', os.arch: 'x86_64', os.version: '10.14.6', java.version: '1.8.0_221'
Driver info: driver.version: unknown
at org.openqa.selenium.remote.RemoteWebDriver$RemoteTargetLocator.frame(RemoteWebDriver.java:973)
at com.fnoor.FundraisingTest.PAYPAL.paypalCardinalComRecurring3D(PAYPAL.java:519)
at sun.reflect.NativeMethodAccessorImpl.invoke0(Native Method)
at sun.reflect.NativeMethodAccessorImpl.invoke(NativeMethodAccessorImpl.java:62)
at sun.reflect.DelegatingMethodAccessorImpl.invoke(DelegatingMethodAccessorImpl.java:43)
at java.lang.reflect.Method.invoke(Method.java:498)
at org.testng.internal.MethodInvocationHelper.invokeMethod(MethodInvocationHelper.java:133)
at org.testng.internal.TestInvoker.invokeMethod(TestInvoker.java:584)
at org.testng.internal.TestInvoker.invokeTestMethod(TestInvoker.java:172)
at org.testng.internal.MethodRunner.runInSequence(MethodRunner.java:46)
at org.testng.internal.TestInvoker$MethodInvocationAgent.invoke(TestInvoker.java:804)
at org.testng.internal.TestInvoker.invokeTestMethods(TestInvoker.java:145)
at org.testng.internal.TestMethodWorker.invokeTestMethods(TestMethodWorker.java:146)
at org.testng.internal.TestMethodWorker.run(TestMethodWorker.java:128)
at java.util.ArrayList.forEach(ArrayList.java:1257)
at org.testng.TestRunner.privateRun(TestRunner.java:770)
at org.testng.TestRunner.run(TestRunner.java:591)
at org.testng.SuiteRunner.runTest(SuiteRunner.java:402)
at org.testng.SuiteRunner.runSequentially(SuiteRunner.java:396)
at org.testng.SuiteRunner.privateRun(SuiteRunner.java:355)
at org.testng.SuiteRunner.run(SuiteRunner.java:304)
at org.testng.SuiteRunnerWorker.runSuite(SuiteRunnerWorker.java:53)
at org.testng.SuiteRunnerWorker.run(SuiteRunnerWorker.java:96)
at org.testng.TestNG.runSuitesSequentially(TestNG.java:1180)
at org.testng.TestNG.runSuitesLocally(TestNG.java:1102)
at org.testng.TestNG.runSuites(TestNG.java:1032)
at org.testng.TestNG.run(TestNG.java:1000)
at org.apache.maven.surefire.testng.TestNGExecutor.run(TestNGExecutor.java:283)
at org.apache.maven.surefire.testng.TestNGXmlTestSuite.execute(TestNGXmlTestSuite.java:75)
at org.apache.maven.surefire.testng.TestNGProvider.invoke(TestNGProvider.java:120)
at org.apache.maven.surefire.booter.ForkedBooter.invokeProviderInSameClassLoader(ForkedBooter.java:384)
at org.apache.maven.surefire.booter.ForkedBooter.runSuitesInProcess(ForkedBooter.java:345)
at org.apache.maven.surefire.booter.ForkedBooter.execute(ForkedBooter.java:126)
at org.apache.maven.surefire.booter.ForkedBooter.main(ForkedBooter.java:418)
]]>
            </full-stacktrace>
          </exception> <!-- org.openqa.selenium.NoSuchFrameException -->
          <reporter-output>
          </reporter-output>
        </test-method> <!-- paypalCardinalComRecurring3D -->
        <test-method status="PASS" signature="tearDown()[pri:0, instance:com.fnoor.FundraisingTest.PAYPAL@eb21112]" name="tearDown" is-config="true" duration-ms="106" started-at="2020-08-12T12:59:19 EDT" finished-at="2020-08-12T12:59:19 EDT">
          <reporter-output>
          </reporter-output>
        </test-method> <!-- tearDown -->
        <test-method status="PASS" signature="setUp(java.lang.String)[pri:0, instance:com.fnoor.FundraisingTest.PAYPAL@eb21112]" name="setUp" is-config="true" duration-ms="1046" started-at="2020-08-12T12:59:19 EDT" finished-at="2020-08-12T12:59:20 EDT">
          <params>
            <param index="0">
              <value>
                <![CDATA[chrome]]>
              </value>
            </param>
          </params>
          <reporter-output>
          </reporter-output>
        </test-method> <!-- setUp -->
        <test-method status="PASS" signature="stripeViaPaypalSingle(java.lang.String)[pri:0, instance:com.fnoor.FundraisingTest.PAYPAL@eb21112]" name="stripeViaPaypalSingle" duration-ms="27419" started-at="2020-08-12T12:59:20 EDT" finished-at="2020-08-12T12:59:47 EDT">
          <params>
            <param index="0">
              <value>
                <![CDATA[stripeViaPaypalSingle]]>
              </value>
            </param>
          </params>
          <reporter-output>
          </reporter-output>
        </test-method> <!-- stripeViaPaypalSingle -->
        <test-method status="PASS" signature="tearDown()[pri:0, instance:com.fnoor.FundraisingTest.PAYPAL@eb21112]" name="tearDown" is-config="true" duration-ms="108" started-at="2020-08-12T12:59:47 EDT" finished-at="2020-08-12T12:59:48 EDT">
          <reporter-output>
          </reporter-output>
        </test-method> <!-- tearDown -->
      </class> <!-- com.fnoor.FundraisingTest.PAYPAL -->
    </test> <!-- Donations PAYPAL -->
  </suite> <!-- Regression PAYPAL -->
</testng-results>
