<?xml version="1.0" encoding="UTF-8"?>
<testng-results skipped="0" failed="0" ignored="0" total="8" passed="8">
  <reporter-output>
  </reporter-output>
  <suite name="Regression PAYPAL" duration-ms="318837" started-at="2020-11-30T16:51:04 EST" finished-at="2020-11-30T16:56:22 EST">
    <groups>
      <group name="paypal">
        <method signature="PAYPAL.payPalPaymentsProRecurring(java.lang.String)[pri:0, instance:com.fnoor.FundraisingTest.PAYPAL@eb21112]" name="payPalPaymentsProRecurring" class="com.fnoor.FundraisingTest.PAYPAL"/>
        <method signature="PAYPAL.payViaPayPalRecurring(java.lang.String)[pri:0, instance:com.fnoor.FundraisingTest.PAYPAL@eb21112]" name="payViaPayPalRecurring" class="com.fnoor.FundraisingTest.PAYPAL"/>
        <method signature="PAYPAL.payViaPayPalSingle(java.lang.String)[pri:0, instance:com.fnoor.FundraisingTest.PAYPAL@eb21112]" name="payViaPayPalSingle" class="com.fnoor.FundraisingTest.PAYPAL"/>
        <method signature="PAYPAL.paypalCardinalComRecurring3D(java.lang.String)[pri:0, instance:com.fnoor.FundraisingTest.PAYPAL@eb21112]" name="paypalCardinalComRecurring3D" class="com.fnoor.FundraisingTest.PAYPAL"/>
        <method signature="PAYPAL.paypalCardinalComSingle3D(java.lang.String)[pri:0, instance:com.fnoor.FundraisingTest.PAYPAL@eb21112]" name="paypalCardinalComSingle3D" class="com.fnoor.FundraisingTest.PAYPAL"/>
        <method signature="PAYPAL.paypalPaymentsProSingle(java.lang.String)[pri:0, instance:com.fnoor.FundraisingTest.PAYPAL@eb21112]" name="paypalPaymentsProSingle" class="com.fnoor.FundraisingTest.PAYPAL"/>
        <method signature="PAYPAL.paypalViaPayPalCardinalComSingle3D(java.lang.String)[pri:0, instance:com.fnoor.FundraisingTest.PAYPAL@eb21112]" name="paypalViaPayPalCardinalComSingle3D" class="com.fnoor.FundraisingTest.PAYPAL"/>
        <method signature="PAYPAL.stripeViaPaypalSingle(java.lang.String)[pri:0, instance:com.fnoor.FundraisingTest.PAYPAL@eb21112]" name="stripeViaPaypalSingle" class="com.fnoor.FundraisingTest.PAYPAL"/>
      </group> <!-- paypal -->
    </groups>
    <test name="Donations PAYPAL" duration-ms="318837" started-at="2020-11-30T16:51:04 EST" finished-at="2020-11-30T16:56:22 EST">
      <class name="com.fnoor.FundraisingTest.PAYPAL">
        <test-method status="PASS" signature="setUp(java.lang.String)[pri:0, instance:com.fnoor.FundraisingTest.PAYPAL@eb21112]" name="setUp" is-config="true" duration-ms="2048" started-at="2020-11-30T16:51:04 EST" finished-at="2020-11-30T16:51:06 EST">
          <params>
            <param index="0">
              <value>
                <![CDATA[chrome]]>
              </value>
            </param>
          </params>
          <reporter-output>
          </reporter-output>
        </test-method> <!-- setUp -->
        <test-method status="PASS" signature="payPalPaymentsProRecurring(java.lang.String)[pri:0, instance:com.fnoor.FundraisingTest.PAYPAL@eb21112]" name="payPalPaymentsProRecurring" duration-ms="12431" started-at="2020-11-30T16:51:06 EST" finished-at="2020-11-30T16:51:18 EST">
          <params>
            <param index="0">
              <value>
                <![CDATA[payPalPaymentsProRecurring]]>
              </value>
            </param>
          </params>
          <reporter-output>
          </reporter-output>
        </test-method> <!-- payPalPaymentsProRecurring -->
        <test-method status="PASS" signature="tearDown()[pri:0, instance:com.fnoor.FundraisingTest.PAYPAL@eb21112]" name="tearDown" is-config="true" duration-ms="85" started-at="2020-11-30T16:51:18 EST" finished-at="2020-11-30T16:51:18 EST">
          <reporter-output>
          </reporter-output>
        </test-method> <!-- tearDown -->
        <test-method status="PASS" signature="setUp(java.lang.String)[pri:0, instance:com.fnoor.FundraisingTest.PAYPAL@eb21112]" name="setUp" is-config="true" duration-ms="1241" started-at="2020-11-30T16:51:18 EST" finished-at="2020-11-30T16:51:19 EST">
          <params>
            <param index="0">
              <value>
                <![CDATA[chrome]]>
              </value>
            </param>
          </params>
          <reporter-output>
          </reporter-output>
        </test-method> <!-- setUp -->
        <test-method status="PASS" signature="payViaPayPalSingle(java.lang.String)[pri:0, instance:com.fnoor.FundraisingTest.PAYPAL@eb21112]" name="payViaPayPalSingle" duration-ms="34775" started-at="2020-11-30T16:51:19 EST" finished-at="2020-11-30T16:51:54 EST">
          <params>
            <param index="0">
              <value>
                <![CDATA[payViaPayPalSingle]]>
              </value>
            </param>
          </params>
          <reporter-output>
          </reporter-output>
        </test-method> <!-- payViaPayPalSingle -->
        <test-method status="PASS" signature="tearDown()[pri:0, instance:com.fnoor.FundraisingTest.PAYPAL@eb21112]" name="tearDown" is-config="true" duration-ms="119" started-at="2020-11-30T16:51:54 EST" finished-at="2020-11-30T16:51:54 EST">
          <reporter-output>
          </reporter-output>
        </test-method> <!-- tearDown -->
        <test-method status="PASS" signature="setUp(java.lang.String)[pri:0, instance:com.fnoor.FundraisingTest.PAYPAL@eb21112]" name="setUp" is-config="true" duration-ms="1358" started-at="2020-11-30T16:51:54 EST" finished-at="2020-11-30T16:51:56 EST">
          <params>
            <param index="0">
              <value>
                <![CDATA[chrome]]>
              </value>
            </param>
          </params>
          <reporter-output>
          </reporter-output>
        </test-method> <!-- setUp -->
        <test-method status="PASS" signature="payViaPayPalRecurring(java.lang.String)[pri:0, instance:com.fnoor.FundraisingTest.PAYPAL@eb21112]" name="payViaPayPalRecurring" duration-ms="33884" started-at="2020-11-30T16:51:56 EST" finished-at="2020-11-30T16:52:30 EST">
          <params>
            <param index="0">
              <value>
                <![CDATA[payViaPayPalRecurring]]>
              </value>
            </param>
          </params>
          <reporter-output>
          </reporter-output>
        </test-method> <!-- payViaPayPalRecurring -->
        <test-method status="PASS" signature="tearDown()[pri:0, instance:com.fnoor.FundraisingTest.PAYPAL@eb21112]" name="tearDown" is-config="true" duration-ms="94" started-at="2020-11-30T16:52:30 EST" finished-at="2020-11-30T16:52:30 EST">
          <reporter-output>
          </reporter-output>
        </test-method> <!-- tearDown -->
        <test-method status="PASS" signature="setUp(java.lang.String)[pri:0, instance:com.fnoor.FundraisingTest.PAYPAL@eb21112]" name="setUp" is-config="true" duration-ms="1720" started-at="2020-11-30T16:52:30 EST" finished-at="2020-11-30T16:52:31 EST">
          <params>
            <param index="0">
              <value>
                <![CDATA[chrome]]>
              </value>
            </param>
          </params>
          <reporter-output>
          </reporter-output>
        </test-method> <!-- setUp -->
        <test-method status="PASS" signature="paypalPaymentsProSingle(java.lang.String)[pri:0, instance:com.fnoor.FundraisingTest.PAYPAL@eb21112]" name="paypalPaymentsProSingle" duration-ms="11620" started-at="2020-11-30T16:52:31 EST" finished-at="2020-11-30T16:52:43 EST">
          <params>
            <param index="0">
              <value>
                <![CDATA[paypalPaymentsProSingle]]>
              </value>
            </param>
          </params>
          <reporter-output>
          </reporter-output>
        </test-method> <!-- paypalPaymentsProSingle -->
        <test-method status="PASS" signature="tearDown()[pri:0, instance:com.fnoor.FundraisingTest.PAYPAL@eb21112]" name="tearDown" is-config="true" duration-ms="92" started-at="2020-11-30T16:52:43 EST" finished-at="2020-11-30T16:52:43 EST">
          <reporter-output>
          </reporter-output>
        </test-method> <!-- tearDown -->
        <test-method status="PASS" signature="setUp(java.lang.String)[pri:0, instance:com.fnoor.FundraisingTest.PAYPAL@eb21112]" name="setUp" is-config="true" duration-ms="1594" started-at="2020-11-30T16:52:43 EST" finished-at="2020-11-30T16:52:45 EST">
          <params>
            <param index="0">
              <value>
                <![CDATA[chrome]]>
              </value>
            </param>
          </params>
          <reporter-output>
          </reporter-output>
        </test-method> <!-- setUp -->
        <test-method status="PASS" signature="paypalCardinalComSingle3D(java.lang.String)[pri:0, instance:com.fnoor.FundraisingTest.PAYPAL@eb21112]" name="paypalCardinalComSingle3D" duration-ms="73114" started-at="2020-11-30T16:52:45 EST" finished-at="2020-11-30T16:53:58 EST">
          <params>
            <param index="0">
              <value>
                <![CDATA[paypalCardinalComSingle3D]]>
              </value>
            </param>
          </params>
          <reporter-output>
          </reporter-output>
        </test-method> <!-- paypalCardinalComSingle3D -->
        <test-method status="PASS" signature="tearDown()[pri:0, instance:com.fnoor.FundraisingTest.PAYPAL@eb21112]" name="tearDown" is-config="true" duration-ms="142" started-at="2020-11-30T16:53:58 EST" finished-at="2020-11-30T16:53:58 EST">
          <reporter-output>
          </reporter-output>
        </test-method> <!-- tearDown -->
        <test-method status="PASS" signature="setUp(java.lang.String)[pri:0, instance:com.fnoor.FundraisingTest.PAYPAL@eb21112]" name="setUp" is-config="true" duration-ms="1492" started-at="2020-11-30T16:53:58 EST" finished-at="2020-11-30T16:53:59 EST">
          <params>
            <param index="0">
              <value>
                <![CDATA[chrome]]>
              </value>
            </param>
          </params>
          <reporter-output>
          </reporter-output>
        </test-method> <!-- setUp -->
        <test-method status="PASS" signature="paypalViaPayPalCardinalComSingle3D(java.lang.String)[pri:0, instance:com.fnoor.FundraisingTest.PAYPAL@eb21112]" name="paypalViaPayPalCardinalComSingle3D" duration-ms="37421" started-at="2020-11-30T16:53:59 EST" finished-at="2020-11-30T16:54:37 EST">
          <params>
            <param index="0">
              <value>
                <![CDATA[paypalViaPayPalCardinalComSingle3D]]>
              </value>
            </param>
          </params>
          <reporter-output>
          </reporter-output>
        </test-method> <!-- paypalViaPayPalCardinalComSingle3D -->
        <test-method status="PASS" signature="tearDown()[pri:0, instance:com.fnoor.FundraisingTest.PAYPAL@eb21112]" name="tearDown" is-config="true" duration-ms="129" started-at="2020-11-30T16:54:37 EST" finished-at="2020-11-30T16:54:37 EST">
          <reporter-output>
          </reporter-output>
        </test-method> <!-- tearDown -->
        <test-method status="PASS" signature="setUp(java.lang.String)[pri:0, instance:com.fnoor.FundraisingTest.PAYPAL@eb21112]" name="setUp" is-config="true" duration-ms="1342" started-at="2020-11-30T16:54:37 EST" finished-at="2020-11-30T16:54:38 EST">
          <params>
            <param index="0">
              <value>
                <![CDATA[chrome]]>
              </value>
            </param>
          </params>
          <reporter-output>
          </reporter-output>
        </test-method> <!-- setUp -->
        <test-method status="PASS" signature="paypalCardinalComRecurring3D(java.lang.String)[pri:0, instance:com.fnoor.FundraisingTest.PAYPAL@eb21112]" name="paypalCardinalComRecurring3D" duration-ms="72974" started-at="2020-11-30T16:54:38 EST" finished-at="2020-11-30T16:55:51 EST">
          <params>
            <param index="0">
              <value>
                <![CDATA[paypalCardinalComRecurring3D]]>
              </value>
            </param>
          </params>
          <reporter-output>
          </reporter-output>
        </test-method> <!-- paypalCardinalComRecurring3D -->
        <test-method status="PASS" signature="tearDown()[pri:0, instance:com.fnoor.FundraisingTest.PAYPAL@eb21112]" name="tearDown" is-config="true" duration-ms="119" started-at="2020-11-30T16:55:51 EST" finished-at="2020-11-30T16:55:51 EST">
          <reporter-output>
          </reporter-output>
        </test-method> <!-- tearDown -->
        <test-method status="PASS" signature="setUp(java.lang.String)[pri:0, instance:com.fnoor.FundraisingTest.PAYPAL@eb21112]" name="setUp" is-config="true" duration-ms="1378" started-at="2020-11-30T16:55:51 EST" finished-at="2020-11-30T16:55:53 EST">
          <params>
            <param index="0">
              <value>
                <![CDATA[chrome]]>
              </value>
            </param>
          </params>
          <reporter-output>
          </reporter-output>
        </test-method> <!-- setUp -->
        <test-method status="PASS" signature="stripeViaPaypalSingle(java.lang.String)[pri:0, instance:com.fnoor.FundraisingTest.PAYPAL@eb21112]" name="stripeViaPaypalSingle" duration-ms="29519" started-at="2020-11-30T16:55:53 EST" finished-at="2020-11-30T16:56:22 EST">
          <params>
            <param index="0">
              <value>
                <![CDATA[stripeViaPaypalSingle]]>
              </value>
            </param>
          </params>
          <reporter-output>
          </reporter-output>
        </test-method> <!-- stripeViaPaypalSingle -->
        <test-method status="PASS" signature="tearDown()[pri:0, instance:com.fnoor.FundraisingTest.PAYPAL@eb21112]" name="tearDown" is-config="true" duration-ms="104" started-at="2020-11-30T16:56:22 EST" finished-at="2020-11-30T16:56:22 EST">
          <reporter-output>
          </reporter-output>
        </test-method> <!-- tearDown -->
      </class> <!-- com.fnoor.FundraisingTest.PAYPAL -->
    </test> <!-- Donations PAYPAL -->
  </suite> <!-- Regression PAYPAL -->
</testng-results>
