<?xml version="1.0" encoding="UTF-8"?>
<testng-results skipped="0" failed="0" ignored="4" total="5" passed="1">
  <reporter-output>
  </reporter-output>
  <suite name="Regression STRIPE" duration-ms="11497" started-at="2020-04-30T15:58:48 EDT" finished-at="2020-04-30T15:58:59 EDT">
    <groups>
      <group name="stripe">
        <method signature="STRIPE.stripeSingle(java.lang.String)[pri:0, instance:com.fnoor.FundraisingTest.STRIPE@25bbf683]" name="stripeSingle" class="com.fnoor.FundraisingTest.STRIPE"/>
      </group> <!-- stripe -->
    </groups>
    <test name="Donations STRIPE" duration-ms="11497" started-at="2020-04-30T15:58:48 EDT" finished-at="2020-04-30T15:58:59 EDT">
      <class name="com.fnoor.FundraisingTest.STRIPE">
        <test-method status="PASS" signature="setUp(java.lang.String)[pri:0, instance:com.fnoor.FundraisingTest.STRIPE@25bbf683]" name="setUp" is-config="true" duration-ms="3906" started-at="2020-04-30T15:58:48 EDT" finished-at="2020-04-30T15:58:52 EDT">
          <params>
            <param index="0">
              <value>
                <![CDATA[firefox]]>
              </value>
            </param>
          </params>
          <reporter-output>
          </reporter-output>
        </test-method> <!-- setUp -->
        <test-method status="PASS" signature="stripeSingle(java.lang.String)[pri:0, instance:com.fnoor.FundraisingTest.STRIPE@25bbf683]" name="stripeSingle" duration-ms="7567" started-at="2020-04-30T15:58:52 EDT" finished-at="2020-04-30T15:58:59 EDT">
          <params>
            <param index="0">
              <value>
                <![CDATA[stripeSingle]]>
              </value>
            </param>
          </params>
          <reporter-output>
          </reporter-output>
        </test-method> <!-- stripeSingle -->
      </class> <!-- com.fnoor.FundraisingTest.STRIPE -->
    </test> <!-- Donations STRIPE -->
  </suite> <!-- Regression STRIPE -->
</testng-results>
