<?xml version="1.0" encoding="UTF-8"?>
<testng-results skipped="0" failed="0" ignored="4" total="5" passed="1">
  <reporter-output>
  </reporter-output>
  <suite name="Regression" duration-ms="14152" started-at="2020-04-22T19:05:23 EDT" finished-at="2020-04-22T19:05:37 EDT">
    <groups>
    </groups>
    <test name="Donations" duration-ms="14152" started-at="2020-04-22T19:05:23 EDT" finished-at="2020-04-22T19:05:37 EDT">
      <class name="com.fnoor.FundraisingTest.IATS">
        <test-method status="PASS" signature="iatsSingle(java.lang.String, java.lang.String)[pri:0, instance:com.fnoor.FundraisingTest.IATS@396e2f39]" name="iatsSingle" duration-ms="14125" started-at="2020-04-22T19:05:23 EDT" finished-at="2020-04-22T19:05:37 EDT">
          <params>
            <param index="0">
              <value>
                <![CDATA[iatsSingle]]>
              </value>
            </param>
            <param index="1">
              <value>
                <![CDATA[chrome]]>
              </value>
            </param>
          </params>
          <reporter-output>
          </reporter-output>
        </test-method> <!-- iatsSingle -->
      </class> <!-- com.fnoor.FundraisingTest.IATS -->
    </test> <!-- Donations -->
  </suite> <!-- Regression -->
</testng-results>
