<?xml version="1.0" encoding="UTF-8"?>
<testng-results skipped="0" failed="1" ignored="0" total="1" passed="0">
  <reporter-output>
  </reporter-output>
  <suite name="Regression EVENTS" duration-ms="16352" started-at="2020-10-22T20:13:56 EDT" finished-at="2020-10-22T20:14:12 EDT">
    <groups>
      <group name="events">
        <method signature="EV_04.singleTicketWithDiscount(java.lang.String)[pri:0, instance:com.fnoor.Events.EV_04@6ec8211c]" name="singleTicketWithDiscount" class="com.fnoor.Events.EV_04"/>
      </group> <!-- events -->
    </groups>
    <test name="EVENTS" duration-ms="16352" started-at="2020-10-22T20:13:56 EDT" finished-at="2020-10-22T20:14:12 EDT">
      <class name="com.fnoor.Events.EV_04">
        <test-method status="PASS" signature="setUp(java.lang.String)[pri:0, instance:com.fnoor.Events.EV_04@6ec8211c]" name="setUp" is-config="true" duration-ms="3365" started-at="2020-10-22T20:13:56 EDT" finished-at="2020-10-22T20:13:59 EDT">
          <params>
            <param index="0">
              <value>
                <![CDATA[chrome]]>
              </value>
            </param>
          </params>
          <reporter-output>
          </reporter-output>
        </test-method> <!-- setUp -->
        <test-method status="FAIL" signature="singleTicketWithDiscount(java.lang.String)[pri:0, instance:com.fnoor.Events.EV_04@6ec8211c]" name="singleTicketWithDiscount" duration-ms="12868" started-at="2020-10-22T20:13:59 EDT" finished-at="2020-10-22T20:14:12 EDT">
          <params>
            <param index="0">
              <value>
                <![CDATA[singleTicketWithDiscount]]>
              </value>
            </param>
          </params>
          <exception class="java.lang.AssertionError">
            <message>
              <![CDATA[Additional Donation Amount is incorrect/not present]]>
            </message>
            <full-stacktrace>
              <![CDATA[java.lang.AssertionError: Additional Donation Amount is incorrect/not present
at org.junit.Assert.fail(Assert.java:88)
at org.junit.Assert.assertTrue(Assert.java:41)
at com.fnoor.Events.EV_04.singleTicketWithDiscount(EV_04.java:86)
at sun.reflect.NativeMethodAccessorImpl.invoke0(Native Method)
at sun.reflect.NativeMethodAccessorImpl.invoke(NativeMethodAccessorImpl.java:62)
at sun.reflect.DelegatingMethodAccessorImpl.invoke(DelegatingMethodAccessorImpl.java:43)
at java.lang.reflect.Method.invoke(Method.java:498)
at org.testng.internal.MethodInvocationHelper.invokeMethod(MethodInvocationHelper.java:133)
at org.testng.internal.TestInvoker.invokeMethod(TestInvoker.java:584)
at org.testng.internal.TestInvoker.invokeTestMethod(TestInvoker.java:172)
at org.testng.internal.MethodRunner.runInSequence(MethodRunner.java:46)
at org.testng.internal.TestInvoker$MethodInvocationAgent.invoke(TestInvoker.java:804)
at org.testng.internal.TestInvoker.invokeTestMethods(TestInvoker.java:145)
at org.testng.internal.TestMethodWorker.invokeTestMethods(TestMethodWorker.java:146)
at org.testng.internal.TestMethodWorker.run(TestMethodWorker.java:128)
at java.util.ArrayList.forEach(ArrayList.java:1257)
at org.testng.TestRunner.privateRun(TestRunner.java:770)
at org.testng.TestRunner.run(TestRunner.java:591)
at org.testng.SuiteRunner.runTest(SuiteRunner.java:402)
at org.testng.SuiteRunner.runSequentially(SuiteRunner.java:396)
at org.testng.SuiteRunner.privateRun(SuiteRunner.java:355)
at org.testng.SuiteRunner.run(SuiteRunner.java:304)
at org.testng.SuiteRunnerWorker.runSuite(SuiteRunnerWorker.java:53)
at org.testng.SuiteRunnerWorker.run(SuiteRunnerWorker.java:96)
at org.testng.TestNG.runSuitesSequentially(TestNG.java:1180)
at org.testng.TestNG.runSuitesLocally(TestNG.java:1102)
at org.testng.TestNG.runSuites(TestNG.java:1032)
at org.testng.TestNG.run(TestNG.java:1000)
at org.apache.maven.surefire.testng.TestNGExecutor.run(TestNGExecutor.java:283)
at org.apache.maven.surefire.testng.TestNGXmlTestSuite.execute(TestNGXmlTestSuite.java:75)
at org.apache.maven.surefire.testng.TestNGProvider.invoke(TestNGProvider.java:120)
at org.apache.maven.surefire.booter.ForkedBooter.invokeProviderInSameClassLoader(ForkedBooter.java:384)
at org.apache.maven.surefire.booter.ForkedBooter.runSuitesInProcess(ForkedBooter.java:345)
at org.apache.maven.surefire.booter.ForkedBooter.execute(ForkedBooter.java:126)
at org.apache.maven.surefire.booter.ForkedBooter.main(ForkedBooter.java:418)
]]>
            </full-stacktrace>
          </exception> <!-- java.lang.AssertionError -->
          <reporter-output>
          </reporter-output>
        </test-method> <!-- singleTicketWithDiscount -->
        <test-method status="PASS" signature="tearDown()[pri:0, instance:com.fnoor.Events.EV_04@6ec8211c]" name="tearDown" is-config="true" duration-ms="83" started-at="2020-10-22T20:14:12 EDT" finished-at="2020-10-22T20:14:12 EDT">
          <reporter-output>
          </reporter-output>
        </test-method> <!-- tearDown -->
      </class> <!-- com.fnoor.Events.EV_04 -->
    </test> <!-- EVENTS -->
  </suite> <!-- Regression EVENTS -->
</testng-results>
