<?xml version="1.0" encoding="UTF-8"?>
<testng-results skipped="0" failed="0" ignored="3" total="5" passed="2">
  <reporter-output>
  </reporter-output>
  <suite name="Regression STRIPE" duration-ms="147893" started-at="2020-04-24T12:54:33 EDT" finished-at="2020-04-24T12:57:01 EDT">
    <groups>
      <group name="stripe">
        <method signature="STRIPE.stripeRecurring3D(java.lang.String)[pri:0, instance:com.fnoor.FundraisingTest.STRIPE@6ec8211c]" name="stripeRecurring3D" class="com.fnoor.FundraisingTest.STRIPE"/>
        <method signature="STRIPE.stripeSingle3D(java.lang.String)[pri:0, instance:com.fnoor.FundraisingTest.STRIPE@6ec8211c]" name="stripeSingle3D" class="com.fnoor.FundraisingTest.STRIPE"/>
      </group> <!-- stripe -->
    </groups>
    <test name="Donations STRIPE" duration-ms="147893" started-at="2020-04-24T12:54:33 EDT" finished-at="2020-04-24T12:57:01 EDT">
      <class name="com.fnoor.FundraisingTest.STRIPE">
        <test-method status="PASS" signature="setUp(java.lang.String)[pri:0, instance:com.fnoor.FundraisingTest.STRIPE@6ec8211c]" name="setUp" is-config="true" duration-ms="1799" started-at="2020-04-24T12:54:33 EDT" finished-at="2020-04-24T12:54:35 EDT">
          <params>
            <param index="0">
              <value>
                <![CDATA[chrome]]>
              </value>
            </param>
          </params>
          <reporter-output>
          </reporter-output>
        </test-method> <!-- setUp -->
        <test-method status="PASS" signature="stripeSingle3D(java.lang.String)[pri:0, instance:com.fnoor.FundraisingTest.STRIPE@6ec8211c]" name="stripeSingle3D" duration-ms="72478" started-at="2020-04-24T12:54:35 EDT" finished-at="2020-04-24T12:55:48 EDT">
          <params>
            <param index="0">
              <value>
                <![CDATA[stripeSingle3D]]>
              </value>
            </param>
          </params>
          <reporter-output>
          </reporter-output>
        </test-method> <!-- stripeSingle3D -->
        <test-method status="PASS" signature="stripeRecurring3D(java.lang.String)[pri:0, instance:com.fnoor.FundraisingTest.STRIPE@6ec8211c]" name="stripeRecurring3D" duration-ms="73491" started-at="2020-04-24T12:55:48 EDT" finished-at="2020-04-24T12:57:01 EDT">
          <params>
            <param index="0">
              <value>
                <![CDATA[stripeRecurring3D]]>
              </value>
            </param>
          </params>
          <reporter-output>
          </reporter-output>
        </test-method> <!-- stripeRecurring3D -->
        <test-method status="PASS" signature="tearDown()[pri:0, instance:com.fnoor.FundraisingTest.STRIPE@6ec8211c]" name="tearDown" is-config="true" duration-ms="98" started-at="2020-04-24T12:57:01 EDT" finished-at="2020-04-24T12:57:01 EDT">
          <reporter-output>
          </reporter-output>
        </test-method> <!-- tearDown -->
      </class> <!-- com.fnoor.FundraisingTest.STRIPE -->
    </test> <!-- Donations STRIPE -->
  </suite> <!-- Regression STRIPE -->
</testng-results>
