<?xml version="1.0" encoding="UTF-8"?>
<testng-results skipped="0" failed="0" ignored="0" total="0" passed="0">
  <reporter-output>
  </reporter-output>
  <suite name="Regression" duration-ms="11" started-at="2020-01-08T12:48:35 EST" finished-at="2020-01-08T12:48:35 EST">
    <groups>
    </groups>
    <test name="Donations" duration-ms="11" started-at="2020-01-08T12:48:35 EST" finished-at="2020-01-08T12:48:35 EST">
    </test> <!-- Donations -->
  </suite> <!-- Regression -->
</testng-results>
