<?xml version="1.0" encoding="UTF-8"?>
<testng-results skipped="0" failed="0" ignored="8" total="9" passed="1">
  <reporter-output>
  </reporter-output>
  <suite name="Regression STRIPE" duration-ms="12302" started-at="2020-07-20T10:25:20 EDT" finished-at="2020-07-20T10:25:32 EDT">
    <groups>
      <group name="stripe">
        <method signature="STRIPE.stripeSEPAsingle(java.lang.String)[pri:0, instance:com.fnoor.FundraisingTest.STRIPE@10dba097]" name="stripeSEPAsingle" class="com.fnoor.FundraisingTest.STRIPE"/>
      </group> <!-- stripe -->
    </groups>
    <test name="Donations STRIPE" duration-ms="12302" started-at="2020-07-20T10:25:20 EDT" finished-at="2020-07-20T10:25:32 EDT">
      <class name="com.fnoor.FundraisingTest.STRIPE">
        <test-method status="PASS" signature="setUp(java.lang.String)[pri:0, instance:com.fnoor.FundraisingTest.STRIPE@10dba097]" name="setUp" is-config="true" duration-ms="2529" started-at="2020-07-20T10:25:20 EDT" finished-at="2020-07-20T10:25:23 EDT">
          <params>
            <param index="0">
              <value>
                <![CDATA[chrome]]>
              </value>
            </param>
          </params>
          <reporter-output>
          </reporter-output>
        </test-method> <!-- setUp -->
        <test-method status="PASS" signature="stripeSEPAsingle(java.lang.String)[pri:0, instance:com.fnoor.FundraisingTest.STRIPE@10dba097]" name="stripeSEPAsingle" duration-ms="9742" started-at="2020-07-20T10:25:23 EDT" finished-at="2020-07-20T10:25:32 EDT">
          <params>
            <param index="0">
              <value>
                <![CDATA[stripeSEPAsingle]]>
              </value>
            </param>
          </params>
          <reporter-output>
          </reporter-output>
        </test-method> <!-- stripeSEPAsingle -->
      </class> <!-- com.fnoor.FundraisingTest.STRIPE -->
    </test> <!-- Donations STRIPE -->
  </suite> <!-- Regression STRIPE -->
</testng-results>
