<?xml version="1.0" encoding="UTF-8"?>
<testng-results skipped="0" failed="0" ignored="0" total="3" passed="3">
  <reporter-output>
  </reporter-output>
  <suite name="Regression PAYFLOW" duration-ms="48917" started-at="2020-06-29T15:00:24 EDT" finished-at="2020-06-29T15:01:13 EDT">
    <groups>
      <group name="payflow">
        <method signature="PAYFLOW.payflowProPayViaPaypal(java.lang.String)[pri:0, instance:com.fnoor.FundraisingTest.PAYFLOW@6ec8211c]" name="payflowProPayViaPaypal" class="com.fnoor.FundraisingTest.PAYFLOW"/>
        <method signature="PAYFLOW.payflowProRecurring(java.lang.String)[pri:0, instance:com.fnoor.FundraisingTest.PAYFLOW@6ec8211c]" name="payflowProRecurring" class="com.fnoor.FundraisingTest.PAYFLOW"/>
        <method signature="PAYFLOW.payflowProSingle(java.lang.String)[pri:0, instance:com.fnoor.FundraisingTest.PAYFLOW@6ec8211c]" name="payflowProSingle" class="com.fnoor.FundraisingTest.PAYFLOW"/>
      </group> <!-- payflow -->
    </groups>
    <test name="Donations PAYFLOW" duration-ms="48917" started-at="2020-06-29T15:00:24 EDT" finished-at="2020-06-29T15:01:13 EDT">
      <class name="com.fnoor.FundraisingTest.PAYFLOW">
        <test-method status="PASS" signature="setUp(java.lang.String)[pri:0, instance:com.fnoor.FundraisingTest.PAYFLOW@6ec8211c]" name="setUp" is-config="true" duration-ms="2794" started-at="2020-06-29T15:00:24 EDT" finished-at="2020-06-29T15:00:27 EDT">
          <params>
            <param index="0">
              <value>
                <![CDATA[chrome]]>
              </value>
            </param>
          </params>
          <reporter-output>
          </reporter-output>
        </test-method> <!-- setUp -->
        <test-method status="PASS" signature="payflowProSingle(java.lang.String)[pri:0, instance:com.fnoor.FundraisingTest.PAYFLOW@6ec8211c]" name="payflowProSingle" duration-ms="9157" started-at="2020-06-29T15:00:27 EDT" finished-at="2020-06-29T15:00:36 EDT">
          <params>
            <param index="0">
              <value>
                <![CDATA[payflowProSingle]]>
              </value>
            </param>
          </params>
          <reporter-output>
          </reporter-output>
        </test-method> <!-- payflowProSingle -->
        <test-method status="PASS" signature="payflowProPayViaPaypal(java.lang.String)[pri:0, instance:com.fnoor.FundraisingTest.PAYFLOW@6ec8211c]" name="payflowProPayViaPaypal" duration-ms="28901" started-at="2020-06-29T15:00:36 EDT" finished-at="2020-06-29T15:01:05 EDT">
          <params>
            <param index="0">
              <value>
                <![CDATA[payflowProPayViaPaypal]]>
              </value>
            </param>
          </params>
          <reporter-output>
          </reporter-output>
        </test-method> <!-- payflowProPayViaPaypal -->
        <test-method status="PASS" signature="payflowProRecurring(java.lang.String)[pri:0, instance:com.fnoor.FundraisingTest.PAYFLOW@6ec8211c]" name="payflowProRecurring" duration-ms="7846" started-at="2020-06-29T15:01:05 EDT" finished-at="2020-06-29T15:01:13 EDT">
          <params>
            <param index="0">
              <value>
                <![CDATA[payflowProRecurring]]>
              </value>
            </param>
          </params>
          <reporter-output>
          </reporter-output>
        </test-method> <!-- payflowProRecurring -->
        <test-method status="PASS" signature="tearDown()[pri:0, instance:com.fnoor.FundraisingTest.PAYFLOW@6ec8211c]" name="tearDown" is-config="true" duration-ms="177" started-at="2020-06-29T15:01:13 EDT" finished-at="2020-06-29T15:01:13 EDT">
          <reporter-output>
          </reporter-output>
        </test-method> <!-- tearDown -->
      </class> <!-- com.fnoor.FundraisingTest.PAYFLOW -->
    </test> <!-- Donations PAYFLOW -->
  </suite> <!-- Regression PAYFLOW -->
</testng-results>
