<?xml version="1.0" encoding="UTF-8"?>
<testng-results skipped="0" failed="1" ignored="0" total="10" passed="9">
  <reporter-output>
  </reporter-output>
  <suite name="Regression STRIPE" duration-ms="132550" started-at="2020-08-21T11:00:05 EDT" finished-at="2020-08-21T11:02:18 EDT">
    <groups>
      <group name="stripe">
        <method signature="STRIPE.stripeBancontactSingle(java.lang.String)[pri:0, instance:com.fnoor.FundraisingTest.STRIPE@1786f9d5]" name="stripeBancontactSingle" class="com.fnoor.FundraisingTest.STRIPE"/>
        <method signature="STRIPE.stripeIDEALsingleABN(java.lang.String)[pri:0, instance:com.fnoor.FundraisingTest.STRIPE@1786f9d5]" name="stripeIDEALsingleABN" class="com.fnoor.FundraisingTest.STRIPE"/>
        <method signature="STRIPE.stripeIDEALsingleASN(java.lang.String)[pri:0, instance:com.fnoor.FundraisingTest.STRIPE@1786f9d5]" name="stripeIDEALsingleASN" class="com.fnoor.FundraisingTest.STRIPE"/>
        <method signature="STRIPE.stripeIDEALsingleASNRefund()[pri:0, instance:com.fnoor.FundraisingTest.STRIPE@1786f9d5]" name="stripeIDEALsingleASNRefund" class="com.fnoor.FundraisingTest.STRIPE"/>
        <method signature="STRIPE.stripeRecurring(java.lang.String)[pri:0, instance:com.fnoor.FundraisingTest.STRIPE@1786f9d5]" name="stripeRecurring" class="com.fnoor.FundraisingTest.STRIPE"/>
        <method signature="STRIPE.stripeRecurring3D(java.lang.String)[pri:0, instance:com.fnoor.FundraisingTest.STRIPE@1786f9d5]" name="stripeRecurring3D" class="com.fnoor.FundraisingTest.STRIPE"/>
        <method signature="STRIPE.stripeSEPArecurring(java.lang.String)[pri:0, instance:com.fnoor.FundraisingTest.STRIPE@1786f9d5]" name="stripeSEPArecurring" class="com.fnoor.FundraisingTest.STRIPE"/>
        <method signature="STRIPE.stripeSEPAsingle(java.lang.String)[pri:0, instance:com.fnoor.FundraisingTest.STRIPE@1786f9d5]" name="stripeSEPAsingle" class="com.fnoor.FundraisingTest.STRIPE"/>
        <method signature="STRIPE.stripeSingle(java.lang.String)[pri:0, instance:com.fnoor.FundraisingTest.STRIPE@1786f9d5]" name="stripeSingle" class="com.fnoor.FundraisingTest.STRIPE"/>
        <method signature="STRIPE.stripeSingle3D(java.lang.String)[pri:0, instance:com.fnoor.FundraisingTest.STRIPE@1786f9d5]" name="stripeSingle3D" class="com.fnoor.FundraisingTest.STRIPE"/>
      </group> <!-- stripe -->
    </groups>
    <test name="Donations STRIPE" duration-ms="132550" started-at="2020-08-21T11:00:05 EDT" finished-at="2020-08-21T11:02:18 EDT">
      <class name="com.fnoor.FundraisingTest.STRIPE">
        <test-method status="PASS" signature="setUp(java.lang.String)[pri:0, instance:com.fnoor.FundraisingTest.STRIPE@1786f9d5]" name="setUp" is-config="true" duration-ms="2289" started-at="2020-08-21T11:00:05 EDT" finished-at="2020-08-21T11:00:07 EDT">
          <params>
            <param index="0">
              <value>
                <![CDATA[chrome]]>
              </value>
            </param>
          </params>
          <reporter-output>
          </reporter-output>
        </test-method> <!-- setUp -->
        <test-method status="PASS" signature="stripeSingle(java.lang.String)[pri:0, instance:com.fnoor.FundraisingTest.STRIPE@1786f9d5]" name="stripeSingle" duration-ms="10641" started-at="2020-08-21T11:00:07 EDT" finished-at="2020-08-21T11:00:18 EDT">
          <params>
            <param index="0">
              <value>
                <![CDATA[stripeSingle]]>
              </value>
            </param>
          </params>
          <reporter-output>
          </reporter-output>
        </test-method> <!-- stripeSingle -->
        <test-method status="PASS" signature="stripeRecurring(java.lang.String)[pri:0, instance:com.fnoor.FundraisingTest.STRIPE@1786f9d5]" name="stripeRecurring" duration-ms="10466" started-at="2020-08-21T11:00:18 EDT" finished-at="2020-08-21T11:00:29 EDT">
          <params>
            <param index="0">
              <value>
                <![CDATA[stripeRecurring]]>
              </value>
            </param>
          </params>
          <reporter-output>
          </reporter-output>
        </test-method> <!-- stripeRecurring -->
        <test-method status="PASS" signature="stripeBancontactSingle(java.lang.String)[pri:0, instance:com.fnoor.FundraisingTest.STRIPE@1786f9d5]" name="stripeBancontactSingle" duration-ms="16491" started-at="2020-08-21T11:00:29 EDT" finished-at="2020-08-21T11:00:45 EDT">
          <params>
            <param index="0">
              <value>
                <![CDATA[stripeBancontactSingle]]>
              </value>
            </param>
          </params>
          <reporter-output>
          </reporter-output>
        </test-method> <!-- stripeBancontactSingle -->
        <test-method status="PASS" signature="stripeSingle3D(java.lang.String)[pri:0, instance:com.fnoor.FundraisingTest.STRIPE@1786f9d5]" name="stripeSingle3D" duration-ms="17574" started-at="2020-08-21T11:00:45 EDT" finished-at="2020-08-21T11:01:03 EDT">
          <params>
            <param index="0">
              <value>
                <![CDATA[stripeSingle3D]]>
              </value>
            </param>
          </params>
          <reporter-output>
          </reporter-output>
        </test-method> <!-- stripeSingle3D -->
        <test-method status="PASS" signature="stripeRecurring3D(java.lang.String)[pri:0, instance:com.fnoor.FundraisingTest.STRIPE@1786f9d5]" name="stripeRecurring3D" duration-ms="11900" started-at="2020-08-21T11:01:03 EDT" finished-at="2020-08-21T11:01:15 EDT">
          <params>
            <param index="0">
              <value>
                <![CDATA[stripeRecurring3D]]>
              </value>
            </param>
          </params>
          <reporter-output>
          </reporter-output>
        </test-method> <!-- stripeRecurring3D -->
        <test-method status="PASS" signature="stripeSEPAsingle(java.lang.String)[pri:0, instance:com.fnoor.FundraisingTest.STRIPE@1786f9d5]" name="stripeSEPAsingle" duration-ms="7701" started-at="2020-08-21T11:01:15 EDT" finished-at="2020-08-21T11:01:22 EDT">
          <params>
            <param index="0">
              <value>
                <![CDATA[stripeSEPAsingle]]>
              </value>
            </param>
          </params>
          <reporter-output>
          </reporter-output>
        </test-method> <!-- stripeSEPAsingle -->
        <test-method status="PASS" signature="stripeSEPArecurring(java.lang.String)[pri:0, instance:com.fnoor.FundraisingTest.STRIPE@1786f9d5]" name="stripeSEPArecurring" duration-ms="7748" started-at="2020-08-21T11:01:22 EDT" finished-at="2020-08-21T11:01:30 EDT">
          <params>
            <param index="0">
              <value>
                <![CDATA[stripeSEPArecurring]]>
              </value>
            </param>
          </params>
          <reporter-output>
          </reporter-output>
        </test-method> <!-- stripeSEPArecurring -->
        <test-method status="PASS" signature="stripeIDEALsingleABN(java.lang.String)[pri:0, instance:com.fnoor.FundraisingTest.STRIPE@1786f9d5]" name="stripeIDEALsingleABN" duration-ms="18502" started-at="2020-08-21T11:01:30 EDT" finished-at="2020-08-21T11:01:49 EDT">
          <params>
            <param index="0">
              <value>
                <![CDATA[stripeIDEALsingleABN]]>
              </value>
            </param>
          </params>
          <reporter-output>
          </reporter-output>
        </test-method> <!-- stripeIDEALsingleABN -->
        <test-method status="PASS" signature="stripeIDEALsingleASN(java.lang.String)[pri:0, instance:com.fnoor.FundraisingTest.STRIPE@1786f9d5]" name="stripeIDEALsingleASN" duration-ms="17872" started-at="2020-08-21T11:01:49 EDT" finished-at="2020-08-21T11:02:06 EDT">
          <params>
            <param index="0">
              <value>
                <![CDATA[stripeIDEALsingleASN]]>
              </value>
            </param>
          </params>
          <reporter-output>
          </reporter-output>
        </test-method> <!-- stripeIDEALsingleASN -->
        <test-method status="FAIL" signature="stripeIDEALsingleASNRefund()[pri:0, instance:com.fnoor.FundraisingTest.STRIPE@1786f9d5]" name="stripeIDEALsingleASNRefund" duration-ms="11143" started-at="2020-08-21T11:02:06 EDT" finished-at="2020-08-21T11:02:18 EDT">
          <exception class="java.lang.AssertionError">
            <message>
              <![CDATA[Original receipt not present]]>
            </message>
            <full-stacktrace>
              <![CDATA[java.lang.AssertionError: Original receipt not present
at org.junit.Assert.fail(Assert.java:88)
at org.junit.Assert.assertTrue(Assert.java:41)
at com.fnoor.PageFields.validateOriginalReceipt(PageFields.java:745)
at com.fnoor.FundraisingTest.STRIPE.stripeIDEALsingleASNRefund(STRIPE.java:703)
at sun.reflect.NativeMethodAccessorImpl.invoke0(Native Method)
at sun.reflect.NativeMethodAccessorImpl.invoke(NativeMethodAccessorImpl.java:62)
at sun.reflect.DelegatingMethodAccessorImpl.invoke(DelegatingMethodAccessorImpl.java:43)
at java.lang.reflect.Method.invoke(Method.java:498)
at org.testng.internal.MethodInvocationHelper.invokeMethod(MethodInvocationHelper.java:133)
at org.testng.internal.TestInvoker.invokeMethod(TestInvoker.java:584)
at org.testng.internal.TestInvoker.invokeTestMethod(TestInvoker.java:172)
at org.testng.internal.MethodRunner.runInSequence(MethodRunner.java:46)
at org.testng.internal.TestInvoker$MethodInvocationAgent.invoke(TestInvoker.java:804)
at org.testng.internal.TestInvoker.invokeTestMethods(TestInvoker.java:145)
at org.testng.internal.TestMethodWorker.invokeTestMethods(TestMethodWorker.java:146)
at org.testng.internal.TestMethodWorker.run(TestMethodWorker.java:128)
at java.util.ArrayList.forEach(ArrayList.java:1257)
at org.testng.TestRunner.privateRun(TestRunner.java:770)
at org.testng.TestRunner.run(TestRunner.java:591)
at org.testng.SuiteRunner.runTest(SuiteRunner.java:402)
at org.testng.SuiteRunner.runSequentially(SuiteRunner.java:396)
at org.testng.SuiteRunner.privateRun(SuiteRunner.java:355)
at org.testng.SuiteRunner.run(SuiteRunner.java:304)
at org.testng.SuiteRunnerWorker.runSuite(SuiteRunnerWorker.java:53)
at org.testng.SuiteRunnerWorker.run(SuiteRunnerWorker.java:96)
at org.testng.TestNG.runSuitesSequentially(TestNG.java:1180)
at org.testng.TestNG.runSuitesLocally(TestNG.java:1102)
at org.testng.TestNG.runSuites(TestNG.java:1032)
at org.testng.TestNG.run(TestNG.java:1000)
at org.apache.maven.surefire.testng.TestNGExecutor.run(TestNGExecutor.java:283)
at org.apache.maven.surefire.testng.TestNGXmlTestSuite.execute(TestNGXmlTestSuite.java:75)
at org.apache.maven.surefire.testng.TestNGProvider.invoke(TestNGProvider.java:120)
at org.apache.maven.surefire.booter.ForkedBooter.invokeProviderInSameClassLoader(ForkedBooter.java:384)
at org.apache.maven.surefire.booter.ForkedBooter.runSuitesInProcess(ForkedBooter.java:345)
at org.apache.maven.surefire.booter.ForkedBooter.execute(ForkedBooter.java:126)
at org.apache.maven.surefire.booter.ForkedBooter.main(ForkedBooter.java:418)
]]>
            </full-stacktrace>
          </exception> <!-- java.lang.AssertionError -->
          <reporter-output>
          </reporter-output>
        </test-method> <!-- stripeIDEALsingleASNRefund -->
        <test-method status="PASS" signature="tearDown()[pri:0, instance:com.fnoor.FundraisingTest.STRIPE@1786f9d5]" name="tearDown" is-config="true" duration-ms="177" started-at="2020-08-21T11:02:18 EDT" finished-at="2020-08-21T11:02:18 EDT">
          <reporter-output>
          </reporter-output>
        </test-method> <!-- tearDown -->
      </class> <!-- com.fnoor.FundraisingTest.STRIPE -->
    </test> <!-- Donations STRIPE -->
  </suite> <!-- Regression STRIPE -->
</testng-results>
