<?xml version="1.0" encoding="UTF-8"?>
<testng-results skipped="0" failed="0" ignored="3" total="5" passed="2">
  <reporter-output>
  </reporter-output>
  <suite name="Regression" duration-ms="21447" started-at="2020-04-21T15:40:20 EDT" finished-at="2020-04-21T15:40:42 EDT">
    <groups>
    </groups>
    <test name="Donations" duration-ms="21447" started-at="2020-04-21T15:40:20 EDT" finished-at="2020-04-21T15:40:42 EDT">
      <class name="com.fnoor.FundraisingTest.IATS">
        <test-method status="PASS" signature="setUp()[pri:0, instance:com.fnoor.FundraisingTest.IATS@6ec8211c]" name="setUp" is-config="true" duration-ms="2772" started-at="2020-04-21T15:40:20 EDT" finished-at="2020-04-21T15:40:23 EDT">
          <reporter-output>
          </reporter-output>
        </test-method> <!-- setUp -->
        <test-method status="PASS" signature="iatsSingle(java.lang.String)[pri:0, instance:com.fnoor.FundraisingTest.IATS@6ec8211c]" name="iatsSingle" duration-ms="10946" started-at="2020-04-21T15:40:23 EDT" finished-at="2020-04-21T15:40:34 EDT">
          <params>
            <param index="0">
              <value>
                <![CDATA[iatsSingle]]>
              </value>
            </param>
          </params>
          <reporter-output>
          </reporter-output>
        </test-method> <!-- iatsSingle -->
        <test-method status="PASS" signature="IATSRecurring(java.lang.String)[pri:0, instance:com.fnoor.FundraisingTest.IATS@6ec8211c]" name="IATSRecurring" duration-ms="7548" started-at="2020-04-21T15:40:34 EDT" finished-at="2020-04-21T15:40:42 EDT">
          <params>
            <param index="0">
              <value>
                <![CDATA[IATSRecurring]]>
              </value>
            </param>
          </params>
          <reporter-output>
          </reporter-output>
        </test-method> <!-- IATSRecurring -->
        <test-method status="PASS" signature="tearDown()[pri:0, instance:com.fnoor.FundraisingTest.IATS@6ec8211c]" name="tearDown" is-config="true" duration-ms="133" started-at="2020-04-21T15:40:42 EDT" finished-at="2020-04-21T15:40:42 EDT">
          <reporter-output>
          </reporter-output>
        </test-method> <!-- tearDown -->
      </class> <!-- com.fnoor.FundraisingTest.IATS -->
    </test> <!-- Donations -->
  </suite> <!-- Regression -->
</testng-results>
