<?xml version="1.0" encoding="UTF-8"?>
<testng-results skipped="0" failed="0" ignored="2" total="3" passed="1">
  <reporter-output>
  </reporter-output>
  <suite name="Regression PAYFLOW" duration-ms="102371" started-at="2020-04-24T09:27:53 EDT" finished-at="2020-04-24T09:29:35 EDT">
    <groups>
      <group name="payflow">
        <method signature="PAYFLOW.payflowProPayViaPaypal(java.lang.String)[pri:0, instance:com.fnoor.FundraisingTest.PAYFLOW@6ec8211c]" name="payflowProPayViaPaypal" class="com.fnoor.FundraisingTest.PAYFLOW"/>
      </group> <!-- payflow -->
    </groups>
    <test name="Donations PAYFLOW" duration-ms="102371" started-at="2020-04-24T09:27:53 EDT" finished-at="2020-04-24T09:29:35 EDT">
      <class name="com.fnoor.FundraisingTest.PAYFLOW">
        <test-method status="PASS" signature="setUp(java.lang.String)[pri:0, instance:com.fnoor.FundraisingTest.PAYFLOW@6ec8211c]" name="setUp" is-config="true" duration-ms="1902" started-at="2020-04-24T09:27:53 EDT" finished-at="2020-04-24T09:27:55 EDT">
          <params>
            <param index="0">
              <value>
                <![CDATA[chrome]]>
              </value>
            </param>
          </params>
          <reporter-output>
          </reporter-output>
        </test-method> <!-- setUp -->
        <test-method status="PASS" signature="payflowProPayViaPaypal(java.lang.String)[pri:0, instance:com.fnoor.FundraisingTest.PAYFLOW@6ec8211c]" name="payflowProPayViaPaypal" duration-ms="100334" started-at="2020-04-24T09:27:55 EDT" finished-at="2020-04-24T09:29:35 EDT">
          <params>
            <param index="0">
              <value>
                <![CDATA[payflowProPayViaPaypal]]>
              </value>
            </param>
          </params>
          <reporter-output>
          </reporter-output>
        </test-method> <!-- payflowProPayViaPaypal -->
        <test-method status="PASS" signature="tearDown()[pri:0, instance:com.fnoor.FundraisingTest.PAYFLOW@6ec8211c]" name="tearDown" is-config="true" duration-ms="110" started-at="2020-04-24T09:29:35 EDT" finished-at="2020-04-24T09:29:35 EDT">
          <reporter-output>
          </reporter-output>
        </test-method> <!-- tearDown -->
      </class> <!-- com.fnoor.FundraisingTest.PAYFLOW -->
    </test> <!-- Donations PAYFLOW -->
  </suite> <!-- Regression PAYFLOW -->
</testng-results>
