<?xml version="1.0" encoding="UTF-8"?>
<testng-results skipped="0" failed="0" ignored="0" total="5" passed="5">
  <reporter-output>
  </reporter-output>
  <suite name="Regression STRIPE" duration-ms="68946" started-at="2020-06-29T13:28:46 EDT" finished-at="2020-06-29T13:29:55 EDT">
    <groups>
      <group name="stripe">
        <method signature="STRIPE.stripeBancontactSingle(java.lang.String)[pri:0, instance:com.fnoor.FundraisingTest.STRIPE@6ec8211c]" name="stripeBancontactSingle" class="com.fnoor.FundraisingTest.STRIPE"/>
        <method signature="STRIPE.stripeRecurring(java.lang.String)[pri:0, instance:com.fnoor.FundraisingTest.STRIPE@6ec8211c]" name="stripeRecurring" class="com.fnoor.FundraisingTest.STRIPE"/>
        <method signature="STRIPE.stripeRecurring3D(java.lang.String)[pri:0, instance:com.fnoor.FundraisingTest.STRIPE@6ec8211c]" name="stripeRecurring3D" class="com.fnoor.FundraisingTest.STRIPE"/>
        <method signature="STRIPE.stripeSingle(java.lang.String)[pri:0, instance:com.fnoor.FundraisingTest.STRIPE@6ec8211c]" name="stripeSingle" class="com.fnoor.FundraisingTest.STRIPE"/>
        <method signature="STRIPE.stripeSingle3D(java.lang.String)[pri:0, instance:com.fnoor.FundraisingTest.STRIPE@6ec8211c]" name="stripeSingle3D" class="com.fnoor.FundraisingTest.STRIPE"/>
      </group> <!-- stripe -->
    </groups>
    <test name="Donations STRIPE" duration-ms="68946" started-at="2020-06-29T13:28:46 EDT" finished-at="2020-06-29T13:29:55 EDT">
      <class name="com.fnoor.FundraisingTest.STRIPE">
        <test-method status="PASS" signature="setUp(java.lang.String)[pri:0, instance:com.fnoor.FundraisingTest.STRIPE@6ec8211c]" name="setUp" is-config="true" duration-ms="2628" started-at="2020-06-29T13:28:46 EDT" finished-at="2020-06-29T13:28:49 EDT">
          <params>
            <param index="0">
              <value>
                <![CDATA[chrome]]>
              </value>
            </param>
          </params>
          <reporter-output>
          </reporter-output>
        </test-method> <!-- setUp -->
        <test-method status="PASS" signature="stripeSingle(java.lang.String)[pri:0, instance:com.fnoor.FundraisingTest.STRIPE@6ec8211c]" name="stripeSingle" duration-ms="10771" started-at="2020-06-29T13:28:49 EDT" finished-at="2020-06-29T13:29:00 EDT">
          <params>
            <param index="0">
              <value>
                <![CDATA[stripeSingle]]>
              </value>
            </param>
          </params>
          <reporter-output>
          </reporter-output>
        </test-method> <!-- stripeSingle -->
        <test-method status="PASS" signature="stripeRecurring(java.lang.String)[pri:0, instance:com.fnoor.FundraisingTest.STRIPE@6ec8211c]" name="stripeRecurring" duration-ms="9561" started-at="2020-06-29T13:29:00 EDT" finished-at="2020-06-29T13:29:09 EDT">
          <params>
            <param index="0">
              <value>
                <![CDATA[stripeRecurring]]>
              </value>
            </param>
          </params>
          <reporter-output>
          </reporter-output>
        </test-method> <!-- stripeRecurring -->
        <test-method status="PASS" signature="stripeBancontactSingle(java.lang.String)[pri:0, instance:com.fnoor.FundraisingTest.STRIPE@6ec8211c]" name="stripeBancontactSingle" duration-ms="14930" started-at="2020-06-29T13:29:09 EDT" finished-at="2020-06-29T13:29:24 EDT">
          <params>
            <param index="0">
              <value>
                <![CDATA[stripeBancontactSingle]]>
              </value>
            </param>
          </params>
          <reporter-output>
          </reporter-output>
        </test-method> <!-- stripeBancontactSingle -->
        <test-method status="PASS" signature="stripeSingle3D(java.lang.String)[pri:0, instance:com.fnoor.FundraisingTest.STRIPE@6ec8211c]" name="stripeSingle3D" duration-ms="19133" started-at="2020-06-29T13:29:24 EDT" finished-at="2020-06-29T13:29:43 EDT">
          <params>
            <param index="0">
              <value>
                <![CDATA[stripeSingle3D]]>
              </value>
            </param>
          </params>
          <reporter-output>
          </reporter-output>
        </test-method> <!-- stripeSingle3D -->
        <test-method status="PASS" signature="stripeRecurring3D(java.lang.String)[pri:0, instance:com.fnoor.FundraisingTest.STRIPE@6ec8211c]" name="stripeRecurring3D" duration-ms="11768" started-at="2020-06-29T13:29:43 EDT" finished-at="2020-06-29T13:29:55 EDT">
          <params>
            <param index="0">
              <value>
                <![CDATA[stripeRecurring3D]]>
              </value>
            </param>
          </params>
          <reporter-output>
          </reporter-output>
        </test-method> <!-- stripeRecurring3D -->
        <test-method status="PASS" signature="tearDown()[pri:0, instance:com.fnoor.FundraisingTest.STRIPE@6ec8211c]" name="tearDown" is-config="true" duration-ms="123" started-at="2020-06-29T13:29:55 EDT" finished-at="2020-06-29T13:29:55 EDT">
          <reporter-output>
          </reporter-output>
        </test-method> <!-- tearDown -->
      </class> <!-- com.fnoor.FundraisingTest.STRIPE -->
    </test> <!-- Donations STRIPE -->
  </suite> <!-- Regression STRIPE -->
</testng-results>
