<?xml version="1.0" encoding="UTF-8"?>
<testng-results skipped="0" failed="2" ignored="0" total="14" passed="12">
  <reporter-output>
  </reporter-output>
  <suite name="Regression STANDALONE" duration-ms="217168" started-at="2020-08-07T11:06:50 EDT" finished-at="2020-08-07T11:10:27 EDT">
    <groups>
      <group name="standalone">
        <method signature="PB_A10_TWT1.tweetCustomTarget(java.lang.String)[pri:0, instance:com.fnoor.Standalone.PB_A10_TWT1@4cf4d528]" name="tweetCustomTarget" class="com.fnoor.Standalone.PB_A10_TWT1"/>
        <method signature="PB_A11_TWT2.singleDB(java.lang.String)[pri:0, instance:com.fnoor.Standalone.PB_A11_TWT2@77846d2c]" name="singleDB" class="com.fnoor.Standalone.PB_A11_TWT2"/>
        <method signature="PB_A12_TWT3.multiDB(java.lang.String)[pri:0, instance:com.fnoor.Standalone.PB_A12_TWT3@548ad73b]" name="multiDB" class="com.fnoor.Standalone.PB_A12_TWT3"/>
        <method signature="PB_A13_ECS.event(java.lang.String)[pri:0, instance:com.fnoor.Standalone.PB_A13_ECS@4c762604]" name="event" class="com.fnoor.Standalone.PB_A13_ECS"/>
        <method signature="PB_A15_PTM.premiumDonationSingle(java.lang.String)[pri:0, instance:com.fnoor.Standalone.PB_A15_PTM@2641e737]" name="premiumDonationSingle" class="com.fnoor.Standalone.PB_A15_PTM"/>
        <method signature="PB_A16_ETM.ecommerceSymbolicGift(java.lang.String)[pri:0, instance:com.fnoor.Standalone.PB_A16_ETM@727803de]" name="ecommerceSymbolicGift" class="com.fnoor.Standalone.PB_A16_ETM"/>
        <method signature="PB_A17_MSP.membershipDogsJoin(java.lang.String)[pri:0, instance:com.fnoor.Standalone.PB_A17_MSP@704921a5]" name="membershipDogsJoin" class="com.fnoor.Standalone.PB_A17_MSP"/>
        <method signature="PB_A1_PET.petition(java.lang.String)[pri:0, instance:com.fnoor.Standalone.PB_A1_PET@149494d8]" name="petition" class="com.fnoor.Standalone.PB_A1_PET"/>
        <method signature="PB_A2_DCF.dataCapture(java.lang.String)[pri:0, instance:com.fnoor.Standalone.PB_A2_DCF@710726a3]" name="dataCapture" class="com.fnoor.Standalone.PB_A2_DCF"/>
        <method signature="PB_A3_DCF2.dataCapture2(java.lang.String)[pri:0, instance:com.fnoor.Standalone.PB_A3_DCF2@646007f4]" name="dataCapture2" class="com.fnoor.Standalone.PB_A3_DCF2"/>
        <method signature="PB_A4_ETT1.customTarget(java.lang.String)[pri:0, instance:com.fnoor.Standalone.PB_A4_ETT1@481a15ff]" name="customTarget" class="com.fnoor.Standalone.PB_A4_ETT1"/>
        <method signature="PB_A5_ETT2.singleDBETT(java.lang.String)[pri:0, instance:com.fnoor.Standalone.PB_A5_ETT2@78186a70]" name="singleDBETT" class="com.fnoor.Standalone.PB_A5_ETT2"/>
        <method signature="PB_A8_EMS.signUp(java.lang.String)[pri:0, instance:com.fnoor.Standalone.PB_A8_EMS@306279ee]" name="signUp" class="com.fnoor.Standalone.PB_A8_EMS"/>
        <method signature="PB_A9_ECF.ecardValidation(java.lang.String)[pri:0, instance:com.fnoor.Standalone.PB_A9_ECF@545997b1]" name="ecardValidation" class="com.fnoor.Standalone.PB_A9_ECF"/>
      </group> <!-- standalone -->
    </groups>
    <test name="Donations STANDALONE" duration-ms="217168" started-at="2020-08-07T11:06:50 EDT" finished-at="2020-08-07T11:10:27 EDT">
      <class name="com.fnoor.Standalone.PB_A9_ECF">
        <test-method status="PASS" signature="setUp(java.lang.String)[pri:0, instance:com.fnoor.Standalone.PB_A9_ECF@545997b1]" name="setUp" is-config="true" duration-ms="1094" started-at="2020-08-07T11:09:32 EDT" finished-at="2020-08-07T11:09:33 EDT">
          <params>
            <param index="0">
              <value>
                <![CDATA[chrome]]>
              </value>
            </param>
          </params>
          <reporter-output>
          </reporter-output>
        </test-method> <!-- setUp -->
        <test-method status="PASS" signature="ecardValidation(java.lang.String)[pri:0, instance:com.fnoor.Standalone.PB_A9_ECF@545997b1]" name="ecardValidation" duration-ms="4356" started-at="2020-08-07T11:09:33 EDT" finished-at="2020-08-07T11:09:38 EDT">
          <params>
            <param index="0">
              <value>
                <![CDATA[ecardValidation]]>
              </value>
            </param>
          </params>
          <reporter-output>
          </reporter-output>
        </test-method> <!-- ecardValidation -->
        <test-method status="PASS" signature="tearDown()[pri:0, instance:com.fnoor.Standalone.PB_A9_ECF@545997b1]" name="tearDown" is-config="true" duration-ms="82" started-at="2020-08-07T11:09:38 EDT" finished-at="2020-08-07T11:09:38 EDT">
          <reporter-output>
          </reporter-output>
        </test-method> <!-- tearDown -->
      </class> <!-- com.fnoor.Standalone.PB_A9_ECF -->
      <class name="com.fnoor.Standalone.PB_A10_TWT1">
        <test-method status="PASS" signature="setUp(java.lang.String)[pri:0, instance:com.fnoor.Standalone.PB_A10_TWT1@4cf4d528]" name="setUp" is-config="true" duration-ms="935" started-at="2020-08-07T11:09:38 EDT" finished-at="2020-08-07T11:09:39 EDT">
          <params>
            <param index="0">
              <value>
                <![CDATA[chrome]]>
              </value>
            </param>
          </params>
          <reporter-output>
          </reporter-output>
        </test-method> <!-- setUp -->
        <test-method status="PASS" signature="tweetCustomTarget(java.lang.String)[pri:0, instance:com.fnoor.Standalone.PB_A10_TWT1@4cf4d528]" name="tweetCustomTarget" duration-ms="4239" started-at="2020-08-07T11:09:39 EDT" finished-at="2020-08-07T11:09:43 EDT">
          <params>
            <param index="0">
              <value>
                <![CDATA[tweetCustomTarget]]>
              </value>
            </param>
          </params>
          <reporter-output>
          </reporter-output>
        </test-method> <!-- tweetCustomTarget -->
        <test-method status="PASS" signature="tearDown()[pri:0, instance:com.fnoor.Standalone.PB_A10_TWT1@4cf4d528]" name="tearDown" is-config="true" duration-ms="89" started-at="2020-08-07T11:09:43 EDT" finished-at="2020-08-07T11:09:43 EDT">
          <reporter-output>
          </reporter-output>
        </test-method> <!-- tearDown -->
      </class> <!-- com.fnoor.Standalone.PB_A10_TWT1 -->
      <class name="com.fnoor.Standalone.PB_A3_DCF2">
        <test-method status="PASS" signature="setUp(java.lang.String)[pri:0, instance:com.fnoor.Standalone.PB_A3_DCF2@646007f4]" name="setUp" is-config="true" duration-ms="1201" started-at="2020-08-07T11:09:05 EDT" finished-at="2020-08-07T11:09:06 EDT">
          <params>
            <param index="0">
              <value>
                <![CDATA[chrome]]>
              </value>
            </param>
          </params>
          <reporter-output>
          </reporter-output>
        </test-method> <!-- setUp -->
        <test-method status="PASS" signature="dataCapture2(java.lang.String)[pri:0, instance:com.fnoor.Standalone.PB_A3_DCF2@646007f4]" name="dataCapture2" duration-ms="6006" started-at="2020-08-07T11:09:06 EDT" finished-at="2020-08-07T11:09:12 EDT">
          <params>
            <param index="0">
              <value>
                <![CDATA[dataCapture2]]>
              </value>
            </param>
          </params>
          <reporter-output>
          </reporter-output>
        </test-method> <!-- dataCapture2 -->
        <test-method status="PASS" signature="tearDown()[pri:0, instance:com.fnoor.Standalone.PB_A3_DCF2@646007f4]" name="tearDown" is-config="true" duration-ms="80" started-at="2020-08-07T11:09:12 EDT" finished-at="2020-08-07T11:09:12 EDT">
          <reporter-output>
          </reporter-output>
        </test-method> <!-- tearDown -->
      </class> <!-- com.fnoor.Standalone.PB_A3_DCF2 -->
      <class name="com.fnoor.Standalone.PB_A1_PET">
        <test-method status="PASS" signature="setUp(java.lang.String)[pri:0, instance:com.fnoor.Standalone.PB_A1_PET@149494d8]" name="setUp" is-config="true" duration-ms="2320" started-at="2020-08-07T11:06:50 EDT" finished-at="2020-08-07T11:06:52 EDT">
          <params>
            <param index="0">
              <value>
                <![CDATA[chrome]]>
              </value>
            </param>
          </params>
          <reporter-output>
          </reporter-output>
        </test-method> <!-- setUp -->
        <test-method status="FAIL" signature="petition(java.lang.String)[pri:0, instance:com.fnoor.Standalone.PB_A1_PET@149494d8]" name="petition" duration-ms="63950" started-at="2020-08-07T11:06:52 EDT" finished-at="2020-08-07T11:07:56 EDT">
          <params>
            <param index="0">
              <value>
                <![CDATA[petition]]>
              </value>
            </param>
          </params>
          <exception class="org.openqa.selenium.NoSuchElementException">
            <message>
              <![CDATA[no such element: Unable to locate element: {"method":"xpath","selector":"//div[@class='txnID']"}
  (Session info: chrome=84.0.4147.105)
For documentation on this error, please visit: http://seleniumhq.org/exceptions/no_such_element.html
Build info: version: '3.4.0', revision: 'unknown', time: 'unknown'
System info: host: 'Ievgeniias-MBP.fios-router.home', ip: 'fe80:0:0:0:1411:8bdf:c556:5ac7%en0', os.name: 'Mac OS X', os.arch: 'x86_64', os.version: '10.14.6', java.version: '1.8.0_221'
Driver info: org.openqa.selenium.chrome.ChromeDriver
Capabilities [{networkConnectionEnabled=false, chrome={chromedriverVersion=83.0.4103.39 (ccbf011cb2d2b19b506d844400483861342c20cd-refs/branch-heads/4103@{#416}), userDataDir=/var/folders/wf/01j5zpjj45dgk1n5rbf0njrm0000gn/T/.com.google.Chrome.pLDKay}, timeouts={implicit=0.0, pageLoad=300000.0, script=30000.0}, pageLoadStrategy=normal, unhandledPromptBehavior=dismiss and notify, strictFileInteractability=false, platform=ANY, proxy=Proxy(), goog:chromeOptions={debuggerAddress=localhost:57906}, acceptInsecureCerts=false, browserVersion=84.0.4147.105, browserName=chrome, javascriptEnabled=true, platformName=mac os x, setWindowRect=true, webauthn:virtualAuthenticators=true}]
Session ID: f0949c22aab09fc69f0efc1cf7d40a36
*** Element info: {Using=xpath, value=//div[@class='txnID']}]]>
            </message>
            <full-stacktrace>
              <![CDATA[org.openqa.selenium.NoSuchElementException: no such element: Unable to locate element: {"method":"xpath","selector":"//div[@class='txnID']"}
  (Session info: chrome=84.0.4147.105)
For documentation on this error, please visit: http://seleniumhq.org/exceptions/no_such_element.html
Build info: version: '3.4.0', revision: 'unknown', time: 'unknown'
System info: host: 'Ievgeniias-MBP.fios-router.home', ip: 'fe80:0:0:0:1411:8bdf:c556:5ac7%en0', os.name: 'Mac OS X', os.arch: 'x86_64', os.version: '10.14.6', java.version: '1.8.0_221'
Driver info: org.openqa.selenium.chrome.ChromeDriver
Capabilities [{networkConnectionEnabled=false, chrome={chromedriverVersion=83.0.4103.39 (ccbf011cb2d2b19b506d844400483861342c20cd-refs/branch-heads/4103@{#416}), userDataDir=/var/folders/wf/01j5zpjj45dgk1n5rbf0njrm0000gn/T/.com.google.Chrome.pLDKay}, timeouts={implicit=0.0, pageLoad=300000.0, script=30000.0}, pageLoadStrategy=normal, unhandledPromptBehavior=dismiss and notify, strictFileInteractability=false, platform=ANY, proxy=Proxy(), goog:chromeOptions={debuggerAddress=localhost:57906}, acceptInsecureCerts=false, browserVersion=84.0.4147.105, browserName=chrome, javascriptEnabled=true, platformName=mac os x, setWindowRect=true, webauthn:virtualAuthenticators=true}]
Session ID: f0949c22aab09fc69f0efc1cf7d40a36
*** Element info: {Using=xpath, value=//div[@class='txnID']}
at sun.reflect.NativeConstructorAccessorImpl.newInstance0(Native Method)
at sun.reflect.NativeConstructorAccessorImpl.newInstance(NativeConstructorAccessorImpl.java:62)
at sun.reflect.DelegatingConstructorAccessorImpl.newInstance(DelegatingConstructorAccessorImpl.java:45)
at java.lang.reflect.Constructor.newInstance(Constructor.java:423)
at org.openqa.selenium.remote.http.W3CHttpResponseCodec.createException(W3CHttpResponseCodec.java:150)
at org.openqa.selenium.remote.http.W3CHttpResponseCodec.decode(W3CHttpResponseCodec.java:115)
at org.openqa.selenium.remote.http.W3CHttpResponseCodec.decode(W3CHttpResponseCodec.java:45)
at org.openqa.selenium.remote.HttpCommandExecutor.execute(HttpCommandExecutor.java:164)
at org.openqa.selenium.remote.service.DriverCommandExecutor.execute(DriverCommandExecutor.java:82)
at org.openqa.selenium.remote.RemoteWebDriver.execute(RemoteWebDriver.java:637)
at org.openqa.selenium.remote.RemoteWebDriver.findElement(RemoteWebDriver.java:410)
at org.openqa.selenium.remote.RemoteWebDriver.findElementByXPath(RemoteWebDriver.java:509)
at org.openqa.selenium.By$ByXPath.findElement(By.java:361)
at org.openqa.selenium.remote.RemoteWebDriver.findElement(RemoteWebDriver.java:402)
at com.fnoor.PageFields.getSupporterTaxID(PageFields.java:744)
at com.fnoor.Standalone.PB_A1_PET.petition(PB_A1_PET.java:61)
at sun.reflect.NativeMethodAccessorImpl.invoke0(Native Method)
at sun.reflect.NativeMethodAccessorImpl.invoke(NativeMethodAccessorImpl.java:62)
at sun.reflect.DelegatingMethodAccessorImpl.invoke(DelegatingMethodAccessorImpl.java:43)
at java.lang.reflect.Method.invoke(Method.java:498)
at org.testng.internal.MethodInvocationHelper.invokeMethod(MethodInvocationHelper.java:133)
at org.testng.internal.TestInvoker.invokeMethod(TestInvoker.java:584)
at org.testng.internal.TestInvoker.invokeTestMethod(TestInvoker.java:172)
at org.testng.internal.MethodRunner.runInSequence(MethodRunner.java:46)
at org.testng.internal.TestInvoker$MethodInvocationAgent.invoke(TestInvoker.java:804)
at org.testng.internal.TestInvoker.invokeTestMethods(TestInvoker.java:145)
at org.testng.internal.TestMethodWorker.invokeTestMethods(TestMethodWorker.java:146)
at org.testng.internal.TestMethodWorker.run(TestMethodWorker.java:128)
at java.util.ArrayList.forEach(ArrayList.java:1257)
at org.testng.TestRunner.privateRun(TestRunner.java:770)
at org.testng.TestRunner.run(TestRunner.java:591)
at org.testng.SuiteRunner.runTest(SuiteRunner.java:402)
at org.testng.SuiteRunner.runSequentially(SuiteRunner.java:396)
at org.testng.SuiteRunner.privateRun(SuiteRunner.java:355)
at org.testng.SuiteRunner.run(SuiteRunner.java:304)
at org.testng.SuiteRunnerWorker.runSuite(SuiteRunnerWorker.java:53)
at org.testng.SuiteRunnerWorker.run(SuiteRunnerWorker.java:96)
at org.testng.TestNG.runSuitesSequentially(TestNG.java:1180)
at org.testng.TestNG.runSuitesLocally(TestNG.java:1102)
at org.testng.TestNG.runSuites(TestNG.java:1032)
at org.testng.TestNG.run(TestNG.java:1000)
at org.apache.maven.surefire.testng.TestNGExecutor.run(TestNGExecutor.java:283)
at org.apache.maven.surefire.testng.TestNGXmlTestSuite.execute(TestNGXmlTestSuite.java:75)
at org.apache.maven.surefire.testng.TestNGProvider.invoke(TestNGProvider.java:120)
at org.apache.maven.surefire.booter.ForkedBooter.invokeProviderInSameClassLoader(ForkedBooter.java:384)
at org.apache.maven.surefire.booter.ForkedBooter.runSuitesInProcess(ForkedBooter.java:345)
at org.apache.maven.surefire.booter.ForkedBooter.execute(ForkedBooter.java:126)
at org.apache.maven.surefire.booter.ForkedBooter.main(ForkedBooter.java:418)
]]>
            </full-stacktrace>
          </exception> <!-- org.openqa.selenium.NoSuchElementException -->
          <reporter-output>
          </reporter-output>
        </test-method> <!-- petition -->
        <test-method status="PASS" signature="tearDown()[pri:0, instance:com.fnoor.Standalone.PB_A1_PET@149494d8]" name="tearDown" is-config="true" duration-ms="106" started-at="2020-08-07T11:07:56 EDT" finished-at="2020-08-07T11:07:56 EDT">
          <reporter-output>
          </reporter-output>
        </test-method> <!-- tearDown -->
      </class> <!-- com.fnoor.Standalone.PB_A1_PET -->
      <class name="com.fnoor.Standalone.PB_A5_ETT2">
        <test-method status="PASS" signature="setUp(java.lang.String)[pri:0, instance:com.fnoor.Standalone.PB_A5_ETT2@78186a70]" name="setUp" is-config="true" duration-ms="1037" started-at="2020-08-07T11:09:19 EDT" finished-at="2020-08-07T11:09:20 EDT">
          <params>
            <param index="0">
              <value>
                <![CDATA[chrome]]>
              </value>
            </param>
          </params>
          <reporter-output>
          </reporter-output>
        </test-method> <!-- setUp -->
        <test-method status="PASS" signature="singleDBETT(java.lang.String)[pri:0, instance:com.fnoor.Standalone.PB_A5_ETT2@78186a70]" name="singleDBETT" duration-ms="6660" started-at="2020-08-07T11:09:20 EDT" finished-at="2020-08-07T11:09:26 EDT">
          <params>
            <param index="0">
              <value>
                <![CDATA[singleDBETT]]>
              </value>
            </param>
          </params>
          <reporter-output>
          </reporter-output>
        </test-method> <!-- singleDBETT -->
        <test-method status="PASS" signature="tearDown()[pri:0, instance:com.fnoor.Standalone.PB_A5_ETT2@78186a70]" name="tearDown" is-config="true" duration-ms="88" started-at="2020-08-07T11:09:26 EDT" finished-at="2020-08-07T11:09:26 EDT">
          <reporter-output>
          </reporter-output>
        </test-method> <!-- tearDown -->
      </class> <!-- com.fnoor.Standalone.PB_A5_ETT2 -->
      <class name="com.fnoor.Standalone.PB_A12_TWT3">
        <test-method status="PASS" signature="setUp(java.lang.String)[pri:0, instance:com.fnoor.Standalone.PB_A12_TWT3@548ad73b]" name="setUp" is-config="true" duration-ms="1002" started-at="2020-08-07T11:09:48 EDT" finished-at="2020-08-07T11:09:49 EDT">
          <params>
            <param index="0">
              <value>
                <![CDATA[chrome]]>
              </value>
            </param>
          </params>
          <reporter-output>
          </reporter-output>
        </test-method> <!-- setUp -->
        <test-method status="PASS" signature="multiDB(java.lang.String)[pri:0, instance:com.fnoor.Standalone.PB_A12_TWT3@548ad73b]" name="multiDB" duration-ms="4214" started-at="2020-08-07T11:09:49 EDT" finished-at="2020-08-07T11:09:54 EDT">
          <params>
            <param index="0">
              <value>
                <![CDATA[multiDB]]>
              </value>
            </param>
          </params>
          <reporter-output>
          </reporter-output>
        </test-method> <!-- multiDB -->
        <test-method status="PASS" signature="tearDown()[pri:0, instance:com.fnoor.Standalone.PB_A12_TWT3@548ad73b]" name="tearDown" is-config="true" duration-ms="85" started-at="2020-08-07T11:09:54 EDT" finished-at="2020-08-07T11:09:54 EDT">
          <reporter-output>
          </reporter-output>
        </test-method> <!-- tearDown -->
      </class> <!-- com.fnoor.Standalone.PB_A12_TWT3 -->
      <class name="com.fnoor.Standalone.PB_A17_MSP">
        <test-method status="PASS" signature="setUp(java.lang.String)[pri:0, instance:com.fnoor.Standalone.PB_A17_MSP@704921a5]" name="setUp" is-config="true" duration-ms="942" started-at="2020-08-07T11:10:18 EDT" finished-at="2020-08-07T11:10:19 EDT">
          <params>
            <param index="0">
              <value>
                <![CDATA[chrome]]>
              </value>
            </param>
          </params>
          <reporter-output>
          </reporter-output>
        </test-method> <!-- setUp -->
        <test-method status="PASS" signature="membershipDogsJoin(java.lang.String)[pri:0, instance:com.fnoor.Standalone.PB_A17_MSP@704921a5]" name="membershipDogsJoin" duration-ms="7937" started-at="2020-08-07T11:10:19 EDT" finished-at="2020-08-07T11:10:27 EDT">
          <params>
            <param index="0">
              <value>
                <![CDATA[membershipDogsJoin]]>
              </value>
            </param>
          </params>
          <reporter-output>
          </reporter-output>
        </test-method> <!-- membershipDogsJoin -->
        <test-method status="PASS" signature="tearDown()[pri:0, instance:com.fnoor.Standalone.PB_A17_MSP@704921a5]" name="tearDown" is-config="true" duration-ms="87" started-at="2020-08-07T11:10:27 EDT" finished-at="2020-08-07T11:10:27 EDT">
          <reporter-output>
          </reporter-output>
        </test-method> <!-- tearDown -->
      </class> <!-- com.fnoor.Standalone.PB_A17_MSP -->
      <class name="com.fnoor.Standalone.PB_A15_PTM">
        <test-method status="PASS" signature="setUp(java.lang.String)[pri:0, instance:com.fnoor.Standalone.PB_A15_PTM@2641e737]" name="setUp" is-config="true" duration-ms="1349" started-at="2020-08-07T11:10:00 EDT" finished-at="2020-08-07T11:10:02 EDT">
          <params>
            <param index="0">
              <value>
                <![CDATA[chrome]]>
              </value>
            </param>
          </params>
          <reporter-output>
          </reporter-output>
        </test-method> <!-- setUp -->
        <test-method status="PASS" signature="premiumDonationSingle(java.lang.String)[pri:0, instance:com.fnoor.Standalone.PB_A15_PTM@2641e737]" name="premiumDonationSingle" duration-ms="7102" started-at="2020-08-07T11:10:02 EDT" finished-at="2020-08-07T11:10:09 EDT">
          <params>
            <param index="0">
              <value>
                <![CDATA[premiumDonationSingle]]>
              </value>
            </param>
          </params>
          <reporter-output>
          </reporter-output>
        </test-method> <!-- premiumDonationSingle -->
        <test-method status="PASS" signature="tearDown()[pri:0, instance:com.fnoor.Standalone.PB_A15_PTM@2641e737]" name="tearDown" is-config="true" duration-ms="89" started-at="2020-08-07T11:10:09 EDT" finished-at="2020-08-07T11:10:09 EDT">
          <reporter-output>
          </reporter-output>
        </test-method> <!-- tearDown -->
      </class> <!-- com.fnoor.Standalone.PB_A15_PTM -->
      <class name="com.fnoor.Standalone.PB_A8_EMS">
        <test-method status="PASS" signature="setUp(java.lang.String)[pri:0, instance:com.fnoor.Standalone.PB_A8_EMS@306279ee]" name="setUp" is-config="true" duration-ms="1233" started-at="2020-08-07T11:09:26 EDT" finished-at="2020-08-07T11:09:28 EDT">
          <params>
            <param index="0">
              <value>
                <![CDATA[chrome]]>
              </value>
            </param>
          </params>
          <reporter-output>
          </reporter-output>
        </test-method> <!-- setUp -->
        <test-method status="PASS" signature="signUp(java.lang.String)[pri:0, instance:com.fnoor.Standalone.PB_A8_EMS@306279ee]" name="signUp" duration-ms="4538" started-at="2020-08-07T11:09:28 EDT" finished-at="2020-08-07T11:09:32 EDT">
          <params>
            <param index="0">
              <value>
                <![CDATA[signUp]]>
              </value>
            </param>
          </params>
          <reporter-output>
          </reporter-output>
        </test-method> <!-- signUp -->
        <test-method status="PASS" signature="tearDown()[pri:0, instance:com.fnoor.Standalone.PB_A8_EMS@306279ee]" name="tearDown" is-config="true" duration-ms="82" started-at="2020-08-07T11:09:32 EDT" finished-at="2020-08-07T11:09:32 EDT">
          <reporter-output>
          </reporter-output>
        </test-method> <!-- tearDown -->
      </class> <!-- com.fnoor.Standalone.PB_A8_EMS -->
      <class name="com.fnoor.Standalone.PB_A16_ETM">
        <test-method status="PASS" signature="setUp(java.lang.String)[pri:0, instance:com.fnoor.Standalone.PB_A16_ETM@727803de]" name="setUp" is-config="true" duration-ms="1090" started-at="2020-08-07T11:10:09 EDT" finished-at="2020-08-07T11:10:10 EDT">
          <params>
            <param index="0">
              <value>
                <![CDATA[chrome]]>
              </value>
            </param>
          </params>
          <reporter-output>
          </reporter-output>
        </test-method> <!-- setUp -->
        <test-method status="PASS" signature="ecommerceSymbolicGift(java.lang.String)[pri:0, instance:com.fnoor.Standalone.PB_A16_ETM@727803de]" name="ecommerceSymbolicGift" duration-ms="7918" started-at="2020-08-07T11:10:10 EDT" finished-at="2020-08-07T11:10:18 EDT">
          <params>
            <param index="0">
              <value>
                <![CDATA[ecommerceSymbolicGift]]>
              </value>
            </param>
          </params>
          <reporter-output>
          </reporter-output>
        </test-method> <!-- ecommerceSymbolicGift -->
        <test-method status="PASS" signature="tearDown()[pri:0, instance:com.fnoor.Standalone.PB_A16_ETM@727803de]" name="tearDown" is-config="true" duration-ms="85" started-at="2020-08-07T11:10:18 EDT" finished-at="2020-08-07T11:10:18 EDT">
          <reporter-output>
          </reporter-output>
        </test-method> <!-- tearDown -->
      </class> <!-- com.fnoor.Standalone.PB_A16_ETM -->
      <class name="com.fnoor.Standalone.PB_A4_ETT1">
        <test-method status="PASS" signature="setUp(java.lang.String)[pri:0, instance:com.fnoor.Standalone.PB_A4_ETT1@481a15ff]" name="setUp" is-config="true" duration-ms="1022" started-at="2020-08-07T11:09:12 EDT" finished-at="2020-08-07T11:09:13 EDT">
          <params>
            <param index="0">
              <value>
                <![CDATA[chrome]]>
              </value>
            </param>
          </params>
          <reporter-output>
          </reporter-output>
        </test-method> <!-- setUp -->
        <test-method status="PASS" signature="customTarget(java.lang.String)[pri:0, instance:com.fnoor.Standalone.PB_A4_ETT1@481a15ff]" name="customTarget" duration-ms="5740" started-at="2020-08-07T11:09:13 EDT" finished-at="2020-08-07T11:09:19 EDT">
          <params>
            <param index="0">
              <value>
                <![CDATA[customTarget]]>
              </value>
            </param>
          </params>
          <reporter-output>
          </reporter-output>
        </test-method> <!-- customTarget -->
        <test-method status="PASS" signature="tearDown()[pri:0, instance:com.fnoor.Standalone.PB_A4_ETT1@481a15ff]" name="tearDown" is-config="true" duration-ms="84" started-at="2020-08-07T11:09:19 EDT" finished-at="2020-08-07T11:09:19 EDT">
          <reporter-output>
          </reporter-output>
        </test-method> <!-- tearDown -->
      </class> <!-- com.fnoor.Standalone.PB_A4_ETT1 -->
      <class name="com.fnoor.Standalone.PB_A2_DCF">
        <test-method status="PASS" signature="setUp(java.lang.String)[pri:0, instance:com.fnoor.Standalone.PB_A2_DCF@710726a3]" name="setUp" is-config="true" duration-ms="1960" started-at="2020-08-07T11:07:56 EDT" finished-at="2020-08-07T11:07:58 EDT">
          <params>
            <param index="0">
              <value>
                <![CDATA[chrome]]>
              </value>
            </param>
          </params>
          <reporter-output>
          </reporter-output>
        </test-method> <!-- setUp -->
        <test-method status="FAIL" signature="dataCapture(java.lang.String)[pri:0, instance:com.fnoor.Standalone.PB_A2_DCF@710726a3]" name="dataCapture" duration-ms="66317" started-at="2020-08-07T11:07:58 EDT" finished-at="2020-08-07T11:09:04 EDT">
          <params>
            <param index="0">
              <value>
                <![CDATA[dataCapture]]>
              </value>
            </param>
          </params>
          <exception class="org.openqa.selenium.NoSuchElementException">
            <message>
              <![CDATA[no such element: Unable to locate element: {"method":"xpath","selector":"//div[@class='txnID']"}
  (Session info: chrome=84.0.4147.105)
For documentation on this error, please visit: http://seleniumhq.org/exceptions/no_such_element.html
Build info: version: '3.4.0', revision: 'unknown', time: 'unknown'
System info: host: 'Ievgeniias-MBP.fios-router.home', ip: 'fe80:0:0:0:1411:8bdf:c556:5ac7%en0', os.name: 'Mac OS X', os.arch: 'x86_64', os.version: '10.14.6', java.version: '1.8.0_221'
Driver info: org.openqa.selenium.chrome.ChromeDriver
Capabilities [{networkConnectionEnabled=false, chrome={chromedriverVersion=83.0.4103.39 (ccbf011cb2d2b19b506d844400483861342c20cd-refs/branch-heads/4103@{#416}), userDataDir=/var/folders/wf/01j5zpjj45dgk1n5rbf0njrm0000gn/T/.com.google.Chrome.jYp56i}, timeouts={implicit=0.0, pageLoad=300000.0, script=30000.0}, pageLoadStrategy=normal, unhandledPromptBehavior=dismiss and notify, strictFileInteractability=false, platform=ANY, proxy=Proxy(), goog:chromeOptions={debuggerAddress=localhost:58198}, acceptInsecureCerts=false, browserVersion=84.0.4147.105, browserName=chrome, javascriptEnabled=true, platformName=mac os x, setWindowRect=true, webauthn:virtualAuthenticators=true}]
Session ID: d9dee127fc3e04ae407eaae8172489f2
*** Element info: {Using=xpath, value=//div[@class='txnID']}]]>
            </message>
            <full-stacktrace>
              <![CDATA[org.openqa.selenium.NoSuchElementException: no such element: Unable to locate element: {"method":"xpath","selector":"//div[@class='txnID']"}
  (Session info: chrome=84.0.4147.105)
For documentation on this error, please visit: http://seleniumhq.org/exceptions/no_such_element.html
Build info: version: '3.4.0', revision: 'unknown', time: 'unknown'
System info: host: 'Ievgeniias-MBP.fios-router.home', ip: 'fe80:0:0:0:1411:8bdf:c556:5ac7%en0', os.name: 'Mac OS X', os.arch: 'x86_64', os.version: '10.14.6', java.version: '1.8.0_221'
Driver info: org.openqa.selenium.chrome.ChromeDriver
Capabilities [{networkConnectionEnabled=false, chrome={chromedriverVersion=83.0.4103.39 (ccbf011cb2d2b19b506d844400483861342c20cd-refs/branch-heads/4103@{#416}), userDataDir=/var/folders/wf/01j5zpjj45dgk1n5rbf0njrm0000gn/T/.com.google.Chrome.jYp56i}, timeouts={implicit=0.0, pageLoad=300000.0, script=30000.0}, pageLoadStrategy=normal, unhandledPromptBehavior=dismiss and notify, strictFileInteractability=false, platform=ANY, proxy=Proxy(), goog:chromeOptions={debuggerAddress=localhost:58198}, acceptInsecureCerts=false, browserVersion=84.0.4147.105, browserName=chrome, javascriptEnabled=true, platformName=mac os x, setWindowRect=true, webauthn:virtualAuthenticators=true}]
Session ID: d9dee127fc3e04ae407eaae8172489f2
*** Element info: {Using=xpath, value=//div[@class='txnID']}
at sun.reflect.NativeConstructorAccessorImpl.newInstance0(Native Method)
at sun.reflect.NativeConstructorAccessorImpl.newInstance(NativeConstructorAccessorImpl.java:62)
at sun.reflect.DelegatingConstructorAccessorImpl.newInstance(DelegatingConstructorAccessorImpl.java:45)
at java.lang.reflect.Constructor.newInstance(Constructor.java:423)
at org.openqa.selenium.remote.http.W3CHttpResponseCodec.createException(W3CHttpResponseCodec.java:150)
at org.openqa.selenium.remote.http.W3CHttpResponseCodec.decode(W3CHttpResponseCodec.java:115)
at org.openqa.selenium.remote.http.W3CHttpResponseCodec.decode(W3CHttpResponseCodec.java:45)
at org.openqa.selenium.remote.HttpCommandExecutor.execute(HttpCommandExecutor.java:164)
at org.openqa.selenium.remote.service.DriverCommandExecutor.execute(DriverCommandExecutor.java:82)
at org.openqa.selenium.remote.RemoteWebDriver.execute(RemoteWebDriver.java:637)
at org.openqa.selenium.remote.RemoteWebDriver.findElement(RemoteWebDriver.java:410)
at org.openqa.selenium.remote.RemoteWebDriver.findElementByXPath(RemoteWebDriver.java:509)
at org.openqa.selenium.By$ByXPath.findElement(By.java:361)
at org.openqa.selenium.remote.RemoteWebDriver.findElement(RemoteWebDriver.java:402)
at com.fnoor.PageFields.getSupporterTaxID(PageFields.java:744)
at com.fnoor.Standalone.PB_A2_DCF.dataCapture(PB_A2_DCF.java:66)
at sun.reflect.NativeMethodAccessorImpl.invoke0(Native Method)
at sun.reflect.NativeMethodAccessorImpl.invoke(NativeMethodAccessorImpl.java:62)
at sun.reflect.DelegatingMethodAccessorImpl.invoke(DelegatingMethodAccessorImpl.java:43)
at java.lang.reflect.Method.invoke(Method.java:498)
at org.testng.internal.MethodInvocationHelper.invokeMethod(MethodInvocationHelper.java:133)
at org.testng.internal.TestInvoker.invokeMethod(TestInvoker.java:584)
at org.testng.internal.TestInvoker.invokeTestMethod(TestInvoker.java:172)
at org.testng.internal.MethodRunner.runInSequence(MethodRunner.java:46)
at org.testng.internal.TestInvoker$MethodInvocationAgent.invoke(TestInvoker.java:804)
at org.testng.internal.TestInvoker.invokeTestMethods(TestInvoker.java:145)
at org.testng.internal.TestMethodWorker.invokeTestMethods(TestMethodWorker.java:146)
at org.testng.internal.TestMethodWorker.run(TestMethodWorker.java:128)
at java.util.ArrayList.forEach(ArrayList.java:1257)
at org.testng.TestRunner.privateRun(TestRunner.java:770)
at org.testng.TestRunner.run(TestRunner.java:591)
at org.testng.SuiteRunner.runTest(SuiteRunner.java:402)
at org.testng.SuiteRunner.runSequentially(SuiteRunner.java:396)
at org.testng.SuiteRunner.privateRun(SuiteRunner.java:355)
at org.testng.SuiteRunner.run(SuiteRunner.java:304)
at org.testng.SuiteRunnerWorker.runSuite(SuiteRunnerWorker.java:53)
at org.testng.SuiteRunnerWorker.run(SuiteRunnerWorker.java:96)
at org.testng.TestNG.runSuitesSequentially(TestNG.java:1180)
at org.testng.TestNG.runSuitesLocally(TestNG.java:1102)
at org.testng.TestNG.runSuites(TestNG.java:1032)
at org.testng.TestNG.run(TestNG.java:1000)
at org.apache.maven.surefire.testng.TestNGExecutor.run(TestNGExecutor.java:283)
at org.apache.maven.surefire.testng.TestNGXmlTestSuite.execute(TestNGXmlTestSuite.java:75)
at org.apache.maven.surefire.testng.TestNGProvider.invoke(TestNGProvider.java:120)
at org.apache.maven.surefire.booter.ForkedBooter.invokeProviderInSameClassLoader(ForkedBooter.java:384)
at org.apache.maven.surefire.booter.ForkedBooter.runSuitesInProcess(ForkedBooter.java:345)
at org.apache.maven.surefire.booter.ForkedBooter.execute(ForkedBooter.java:126)
at org.apache.maven.surefire.booter.ForkedBooter.main(ForkedBooter.java:418)
]]>
            </full-stacktrace>
          </exception> <!-- org.openqa.selenium.NoSuchElementException -->
          <reporter-output>
          </reporter-output>
        </test-method> <!-- dataCapture -->
        <test-method status="PASS" signature="tearDown()[pri:0, instance:com.fnoor.Standalone.PB_A2_DCF@710726a3]" name="tearDown" is-config="true" duration-ms="123" started-at="2020-08-07T11:09:04 EDT" finished-at="2020-08-07T11:09:05 EDT">
          <reporter-output>
          </reporter-output>
        </test-method> <!-- tearDown -->
      </class> <!-- com.fnoor.Standalone.PB_A2_DCF -->
      <class name="com.fnoor.Standalone.PB_A13_ECS">
        <test-method status="PASS" signature="setUp(java.lang.String)[pri:0, instance:com.fnoor.Standalone.PB_A13_ECS@4c762604]" name="setUp" is-config="true" duration-ms="911" started-at="2020-08-07T11:09:54 EDT" finished-at="2020-08-07T11:09:55 EDT">
          <params>
            <param index="0">
              <value>
                <![CDATA[chrome]]>
              </value>
            </param>
          </params>
          <reporter-output>
          </reporter-output>
        </test-method> <!-- setUp -->
        <test-method status="PASS" signature="event(java.lang.String)[pri:0, instance:com.fnoor.Standalone.PB_A13_ECS@4c762604]" name="event" duration-ms="5593" started-at="2020-08-07T11:09:55 EDT" finished-at="2020-08-07T11:10:00 EDT">
          <params>
            <param index="0">
              <value>
                <![CDATA[event]]>
              </value>
            </param>
          </params>
          <reporter-output>
          </reporter-output>
        </test-method> <!-- event -->
        <test-method status="PASS" signature="tearDown()[pri:0, instance:com.fnoor.Standalone.PB_A13_ECS@4c762604]" name="tearDown" is-config="true" duration-ms="87" started-at="2020-08-07T11:10:00 EDT" finished-at="2020-08-07T11:10:00 EDT">
          <reporter-output>
          </reporter-output>
        </test-method> <!-- tearDown -->
      </class> <!-- com.fnoor.Standalone.PB_A13_ECS -->
      <class name="com.fnoor.Standalone.PB_A11_TWT2">
        <test-method status="PASS" signature="setUp(java.lang.String)[pri:0, instance:com.fnoor.Standalone.PB_A11_TWT2@77846d2c]" name="setUp" is-config="true" duration-ms="955" started-at="2020-08-07T11:09:43 EDT" finished-at="2020-08-07T11:09:44 EDT">
          <params>
            <param index="0">
              <value>
                <![CDATA[chrome]]>
              </value>
            </param>
          </params>
          <reporter-output>
          </reporter-output>
        </test-method> <!-- setUp -->
        <test-method status="PASS" signature="singleDB(java.lang.String)[pri:0, instance:com.fnoor.Standalone.PB_A11_TWT2@77846d2c]" name="singleDB" duration-ms="4233" started-at="2020-08-07T11:09:44 EDT" finished-at="2020-08-07T11:09:48 EDT">
          <params>
            <param index="0">
              <value>
                <![CDATA[singleDB]]>
              </value>
            </param>
          </params>
          <reporter-output>
          </reporter-output>
        </test-method> <!-- singleDB -->
        <test-method status="PASS" signature="tearDown()[pri:0, instance:com.fnoor.Standalone.PB_A11_TWT2@77846d2c]" name="tearDown" is-config="true" duration-ms="83" started-at="2020-08-07T11:09:48 EDT" finished-at="2020-08-07T11:09:48 EDT">
          <reporter-output>
          </reporter-output>
        </test-method> <!-- tearDown -->
      </class> <!-- com.fnoor.Standalone.PB_A11_TWT2 -->
    </test> <!-- Donations STANDALONE -->
  </suite> <!-- Regression STANDALONE -->
</testng-results>
