<?xml version="1.0" encoding="UTF-8"?>
<testsuite xmlns:xsi="http://www.w3.org/2001/XMLSchema-instance" xsi:noNamespaceSchemaLocation="https://maven.apache.org/surefire/maven-surefire-plugin/xsd/surefire-test-report-3.0.xsd" version="3.0" name="TestSuite" time="27.023" tests="1" errors="0" skipped="0" failures="1">
  <properties>
[...]
</properties>
  <testcase name="paysafe3DSingle" classname="com.fnoor.FundraisingTest.Testing" time="25.102">
    <failure message="stale element reference: element is not attached to the page document&#10;  (Session info: chrome=79.0.3945.88)&#10;For documentation on this error, please visit: http://seleniumhq.org/exceptions/stale_element_reference.html&#10;Build info: version: &apos;3.4.0&apos;, revision: &apos;unknown&apos;, time: &apos;unknown&apos;&#10;System info: host: &apos;Ievgeniias-MBP.fios-router.home&apos;, ip: &apos;fe80:0:0:0:ce0:271e:ed66:a84c%en0&apos;, os.name: &apos;Mac OS X&apos;, os.arch: &apos;x86_64&apos;, os.version: &apos;10.14.6&apos;, java.version: &apos;1.8.0_221&apos;&#10;Driver info: org.openqa.selenium.chrome.ChromeDriver&#10;Capabilities [{networkConnectionEnabled=false, chrome={chromedriverVersion=78.0.3904.105 (60e2d8774a8151efa6a00b1f358371b1e0e07ee2-refs/branch-heads/3904@{#877}), userDataDir=/var/folders/wf/01j5zpjj45dgk1n5rbf0njrm0000gn/T/.com.google.Chrome.UM5wBd}, timeouts={implicit=0.0, pageLoad=300000.0, script=30000.0}, pageLoadStrategy=normal, unhandledPromptBehavior=dismiss and notify, strictFileInteractability=false, platform=ANY, proxy=Proxy(), goog:chromeOptions={debuggerAddress=localhost:65348}, acceptInsecureCerts=false, browserVersion=79.0.3945.88, browserName=chrome, javascriptEnabled=true, platformName=mac os x, setWindowRect=true}]&#10;Session ID: 3fe4f44dbbdca90ca4ee32b3f251372b" type="org.openqa.selenium.StaleElementReferenceException">org.openqa.selenium.StaleElementReferenceException: 
stale element reference: element is not attached to the page document
  (Session info: chrome=79.0.3945.88)
For documentation on this error, please visit: http://seleniumhq.org/exceptions/stale_element_reference.html
Build info: version: '3.4.0', revision: 'unknown', time: 'unknown'
System info: host: 'Ievgeniias-MBP.fios-router.home', ip: 'fe80:0:0:0:ce0:271e:ed66:a84c%en0', os.name: 'Mac OS X', os.arch: 'x86_64', os.version: '10.14.6', java.version: '1.8.0_221'
Driver info: org.openqa.selenium.chrome.ChromeDriver
Capabilities [{networkConnectionEnabled=false, chrome={chromedriverVersion=78.0.3904.105 (60e2d8774a8151efa6a00b1f358371b1e0e07ee2-refs/branch-heads/3904@{#877}), userDataDir=/var/folders/wf/01j5zpjj45dgk1n5rbf0njrm0000gn/T/.com.google.Chrome.UM5wBd}, timeouts={implicit=0.0, pageLoad=300000.0, script=30000.0}, pageLoadStrategy=normal, unhandledPromptBehavior=dismiss and notify, strictFileInteractability=false, platform=ANY, proxy=Proxy(), goog:chromeOptions={debuggerAddress=localhost:65348}, acceptInsecureCerts=false, browserVersion=79.0.3945.88, browserName=chrome, javascriptEnabled=true, platformName=mac os x, setWindowRect=true}]
Session ID: 3fe4f44dbbdca90ca4ee32b3f251372b
	at com.fnoor.FundraisingTest.Testing.paysafe3DSingle(Testing.java:131)
</failure>
    <system-out><![CDATA[RESPONSE as String: {"expires":3600000,"ens-auth-token":"076f65d4-aa0d-40ae-91d7-0c9b37cd5c52"}
ens-auth-token: 076f65d4-aa0d-40ae-91d7-0c9b37cd5c52
Frame [[ChromeDriver: chrome on ANY (3fe4f44dbbdca90ca4ee32b3f251372b)] -> tag name: iframe]
Frame1 Cardinal-collector
Frame2 <iframe id="Cardinal-collector" height="0" width="0" frameborder="0" style="display: none; position: absolute; top: -1000px; left: -1000px;"></iframe>
Frame I am here
Final page ID:- 878953
Campaign ID:- 8611
Campaigner ID:- 4764084
TXN ID:- ND8611T2553929111074010112__4b0620da-744d-4d89-b706-91a0dda547e1__CdSh7ZIydQogyKf
TYPE:- CREDIT_SINGLE
CURRENCY:- USD
TAX DEDUCTIBLE:- false
GATEWAY:- Optimal Payments Gateway
PLEDGE AMOUNT:- $0.00
DONATION DATE1:- 2019-12-17
DONATION DATE2:- 12/17/2019
DONATION DATE3:- 12/17/19
ISSUED DATE1:- 2019-12-17
ISSUED DATE2:- {receipt_data~[yyyy-MM-dd]}
ISSUED DATE3:- {receipt_data~[MM/dd/yyyy]}
AMOUNT:- $1.00
REFERRER ID:- {receipt_data~referrerId}
DIRECT MY GIFT:- 
CREDIT CARD TYPE:- TEST: VI
CREDIT CARD EXPIRY:- 12/2020
RECURRING FREQUECY:- 
RECURRING DAY:- 
RECURRING STATUS:- 
OTHER 1: 
OTHER 2: 
OTHER 3: 
OTHER 4: 
GIFT: {receipt_data~inMemrecognizeGift}
TRIBUTE OPTIONS: {receipt_data~inMemtributeOptions}
GIFT REASON: {receipt_data~inMemgiftReason}
HONOREE NAME: {receipt_data~inMemhonoreeName}
INFORM NAME: {receipt_data~inMeminformName}
INFORM EMAIL: {receipt_data~inMeminformEmail}
INFORM ADDRESS 1: {receipt_data~inMeminformAdd1}
INFORM ADDRESS 2: {receipt_data~inMeminformAdd2}
INFORM CITY: {receipt_data~inMeminformCity}
INFORM POSTCODE: {receipt_data~inMeminformPostcode}
INFORM COUNTRY: {receipt_data~inMeminformCountry}
In after class
RESPONSE as String(getSupporterByEmail): {"supporterId":"4764108","suppressed":"false","Title":"Ms","Last Name":"Tester","First Name":"Unit","Email Address":"pb_paysafe3dsingle_2019-12-17@tellamazingstories.com"}
supporterId: 4764108
status: 200
SupporterEmail: pb_paysafe3dsingle_2019-12-17@tellamazingstories.com
Frame [[ChromeDriver: chrome on ANY (3fe4f44dbbdca90ca4ee32b3f251372b)] -> tag name: iframe]
]]></system-out>
    <system-err><![CDATA[Starting ChromeDriver 78.0.3904.105 (60e2d8774a8151efa6a00b1f358371b1e0e07ee2-refs/branch-heads/3904@{#877}) on port 31603
Only local connections are allowed.
Please protect ports used by ChromeDriver and related test frameworks to prevent access by malicious code.
[1576627989.319][WARNING]: This version of ChromeDriver has not been tested with Chrome version 79.
Dec 17, 2019 7:13:09 PM org.openqa.selenium.remote.ProtocolHandshake createSession
INFO: Detected dialect: W3C
Dec 17, 2019 7:13:34 PM org.openqa.selenium.remote.ErrorCodes toStatus
INFO: HTTP Status: '404' -> incorrect JSON status mapping for 'stale element reference' (400 expected)
]]></system-err>
  </testcase>
</testsuite>