<?xml version="1.0" encoding="UTF-8"?>
<testng-results skipped="0" failed="3" ignored="0" total="8" passed="5">
  <reporter-output>
  </reporter-output>
  <suite name="Regression PAYPAL" duration-ms="299411" started-at="2020-08-14T13:12:23 EDT" finished-at="2020-08-14T13:17:23 EDT">
    <groups>
      <group name="paypal">
        <method signature="PAYPAL.payPalPaymentsProRecurring(java.lang.String)[pri:0, instance:com.fnoor.FundraisingTest.PAYPAL@eb21112]" name="payPalPaymentsProRecurring" class="com.fnoor.FundraisingTest.PAYPAL"/>
        <method signature="PAYPAL.payViaPayPalRecurring(java.lang.String)[pri:0, instance:com.fnoor.FundraisingTest.PAYPAL@eb21112]" name="payViaPayPalRecurring" class="com.fnoor.FundraisingTest.PAYPAL"/>
        <method signature="PAYPAL.payViaPayPalSingle(java.lang.String)[pri:0, instance:com.fnoor.FundraisingTest.PAYPAL@eb21112]" name="payViaPayPalSingle" class="com.fnoor.FundraisingTest.PAYPAL"/>
        <method signature="PAYPAL.paypalCardinalComRecurring3D(java.lang.String)[pri:0, instance:com.fnoor.FundraisingTest.PAYPAL@eb21112]" name="paypalCardinalComRecurring3D" class="com.fnoor.FundraisingTest.PAYPAL"/>
        <method signature="PAYPAL.paypalCardinalComSingle3D(java.lang.String)[pri:0, instance:com.fnoor.FundraisingTest.PAYPAL@eb21112]" name="paypalCardinalComSingle3D" class="com.fnoor.FundraisingTest.PAYPAL"/>
        <method signature="PAYPAL.paypalPaymentsProSingle(java.lang.String)[pri:0, instance:com.fnoor.FundraisingTest.PAYPAL@eb21112]" name="paypalPaymentsProSingle" class="com.fnoor.FundraisingTest.PAYPAL"/>
        <method signature="PAYPAL.paypalViaPayPalCardinalComSingle3D(java.lang.String)[pri:0, instance:com.fnoor.FundraisingTest.PAYPAL@eb21112]" name="paypalViaPayPalCardinalComSingle3D" class="com.fnoor.FundraisingTest.PAYPAL"/>
        <method signature="PAYPAL.stripeViaPaypalSingle(java.lang.String)[pri:0, instance:com.fnoor.FundraisingTest.PAYPAL@eb21112]" name="stripeViaPaypalSingle" class="com.fnoor.FundraisingTest.PAYPAL"/>
      </group> <!-- paypal -->
    </groups>
    <test name="Donations PAYPAL" duration-ms="299411" started-at="2020-08-14T13:12:23 EDT" finished-at="2020-08-14T13:17:23 EDT">
      <class name="com.fnoor.FundraisingTest.PAYPAL">
        <test-method status="PASS" signature="setUp(java.lang.String)[pri:0, instance:com.fnoor.FundraisingTest.PAYPAL@eb21112]" name="setUp" is-config="true" duration-ms="2369" started-at="2020-08-14T13:12:24 EDT" finished-at="2020-08-14T13:12:26 EDT">
          <params>
            <param index="0">
              <value>
                <![CDATA[chrome]]>
              </value>
            </param>
          </params>
          <reporter-output>
          </reporter-output>
        </test-method> <!-- setUp -->
        <test-method status="PASS" signature="payPalPaymentsProRecurring(java.lang.String)[pri:0, instance:com.fnoor.FundraisingTest.PAYPAL@eb21112]" name="payPalPaymentsProRecurring" duration-ms="13085" started-at="2020-08-14T13:12:26 EDT" finished-at="2020-08-14T13:12:39 EDT">
          <params>
            <param index="0">
              <value>
                <![CDATA[payPalPaymentsProRecurring]]>
              </value>
            </param>
          </params>
          <reporter-output>
          </reporter-output>
        </test-method> <!-- payPalPaymentsProRecurring -->
        <test-method status="PASS" signature="tearDown()[pri:0, instance:com.fnoor.FundraisingTest.PAYPAL@eb21112]" name="tearDown" is-config="true" duration-ms="111" started-at="2020-08-14T13:12:39 EDT" finished-at="2020-08-14T13:12:39 EDT">
          <reporter-output>
          </reporter-output>
        </test-method> <!-- tearDown -->
        <test-method status="PASS" signature="setUp(java.lang.String)[pri:0, instance:com.fnoor.FundraisingTest.PAYPAL@eb21112]" name="setUp" is-config="true" duration-ms="1321" started-at="2020-08-14T13:12:39 EDT" finished-at="2020-08-14T13:12:40 EDT">
          <params>
            <param index="0">
              <value>
                <![CDATA[chrome]]>
              </value>
            </param>
          </params>
          <reporter-output>
          </reporter-output>
        </test-method> <!-- setUp -->
        <test-method status="PASS" signature="payViaPayPalSingle(java.lang.String)[pri:0, instance:com.fnoor.FundraisingTest.PAYPAL@eb21112]" name="payViaPayPalSingle" duration-ms="28920" started-at="2020-08-14T13:12:40 EDT" finished-at="2020-08-14T13:13:09 EDT">
          <params>
            <param index="0">
              <value>
                <![CDATA[payViaPayPalSingle]]>
              </value>
            </param>
          </params>
          <reporter-output>
          </reporter-output>
        </test-method> <!-- payViaPayPalSingle -->
        <test-method status="PASS" signature="tearDown()[pri:0, instance:com.fnoor.FundraisingTest.PAYPAL@eb21112]" name="tearDown" is-config="true" duration-ms="142" started-at="2020-08-14T13:13:09 EDT" finished-at="2020-08-14T13:13:09 EDT">
          <reporter-output>
          </reporter-output>
        </test-method> <!-- tearDown -->
        <test-method status="PASS" signature="setUp(java.lang.String)[pri:0, instance:com.fnoor.FundraisingTest.PAYPAL@eb21112]" name="setUp" is-config="true" duration-ms="1080" started-at="2020-08-14T13:13:09 EDT" finished-at="2020-08-14T13:13:11 EDT">
          <params>
            <param index="0">
              <value>
                <![CDATA[chrome]]>
              </value>
            </param>
          </params>
          <reporter-output>
          </reporter-output>
        </test-method> <!-- setUp -->
        <test-method status="PASS" signature="payViaPayPalRecurring(java.lang.String)[pri:0, instance:com.fnoor.FundraisingTest.PAYPAL@eb21112]" name="payViaPayPalRecurring" duration-ms="28804" started-at="2020-08-14T13:13:11 EDT" finished-at="2020-08-14T13:13:39 EDT">
          <params>
            <param index="0">
              <value>
                <![CDATA[payViaPayPalRecurring]]>
              </value>
            </param>
          </params>
          <reporter-output>
          </reporter-output>
        </test-method> <!-- payViaPayPalRecurring -->
        <test-method status="PASS" signature="tearDown()[pri:0, instance:com.fnoor.FundraisingTest.PAYPAL@eb21112]" name="tearDown" is-config="true" duration-ms="96" started-at="2020-08-14T13:13:39 EDT" finished-at="2020-08-14T13:13:39 EDT">
          <reporter-output>
          </reporter-output>
        </test-method> <!-- tearDown -->
        <test-method status="PASS" signature="setUp(java.lang.String)[pri:0, instance:com.fnoor.FundraisingTest.PAYPAL@eb21112]" name="setUp" is-config="true" duration-ms="1026" started-at="2020-08-14T13:13:39 EDT" finished-at="2020-08-14T13:13:40 EDT">
          <params>
            <param index="0">
              <value>
                <![CDATA[chrome]]>
              </value>
            </param>
          </params>
          <reporter-output>
          </reporter-output>
        </test-method> <!-- setUp -->
        <test-method status="PASS" signature="paypalPaymentsProSingle(java.lang.String)[pri:0, instance:com.fnoor.FundraisingTest.PAYPAL@eb21112]" name="paypalPaymentsProSingle" duration-ms="11725" started-at="2020-08-14T13:13:40 EDT" finished-at="2020-08-14T13:13:52 EDT">
          <params>
            <param index="0">
              <value>
                <![CDATA[paypalPaymentsProSingle]]>
              </value>
            </param>
          </params>
          <reporter-output>
          </reporter-output>
        </test-method> <!-- paypalPaymentsProSingle -->
        <test-method status="PASS" signature="tearDown()[pri:0, instance:com.fnoor.FundraisingTest.PAYPAL@eb21112]" name="tearDown" is-config="true" duration-ms="91" started-at="2020-08-14T13:13:52 EDT" finished-at="2020-08-14T13:13:52 EDT">
          <reporter-output>
          </reporter-output>
        </test-method> <!-- tearDown -->
        <test-method status="PASS" signature="setUp(java.lang.String)[pri:0, instance:com.fnoor.FundraisingTest.PAYPAL@eb21112]" name="setUp" is-config="true" duration-ms="984" started-at="2020-08-14T13:13:52 EDT" finished-at="2020-08-14T13:13:53 EDT">
          <params>
            <param index="0">
              <value>
                <![CDATA[chrome]]>
              </value>
            </param>
          </params>
          <reporter-output>
          </reporter-output>
        </test-method> <!-- setUp -->
        <test-method status="FAIL" signature="paypalCardinalComSingle3D(java.lang.String)[pri:0, instance:com.fnoor.FundraisingTest.PAYPAL@eb21112]" name="paypalCardinalComSingle3D" duration-ms="74368" started-at="2020-08-14T13:13:53 EDT" finished-at="2020-08-14T13:15:08 EDT">
          <params>
            <param index="0">
              <value>
                <![CDATA[paypalCardinalComSingle3D]]>
              </value>
            </param>
          </params>
          <exception class="java.lang.AssertionError">
            <message>
              <![CDATA[Urls are not the same]]>
            </message>
            <full-stacktrace>
              <![CDATA[java.lang.AssertionError: Urls are not the same
at org.junit.Assert.fail(Assert.java:88)
at org.junit.Assert.assertTrue(Assert.java:41)
at com.fnoor.FundraisingTest.PAYPAL.paypalCardinalComSingle3D(PAYPAL.java:379)
at sun.reflect.NativeMethodAccessorImpl.invoke0(Native Method)
at sun.reflect.NativeMethodAccessorImpl.invoke(NativeMethodAccessorImpl.java:62)
at sun.reflect.DelegatingMethodAccessorImpl.invoke(DelegatingMethodAccessorImpl.java:43)
at java.lang.reflect.Method.invoke(Method.java:498)
at org.testng.internal.MethodInvocationHelper.invokeMethod(MethodInvocationHelper.java:133)
at org.testng.internal.TestInvoker.invokeMethod(TestInvoker.java:584)
at org.testng.internal.TestInvoker.invokeTestMethod(TestInvoker.java:172)
at org.testng.internal.MethodRunner.runInSequence(MethodRunner.java:46)
at org.testng.internal.TestInvoker$MethodInvocationAgent.invoke(TestInvoker.java:804)
at org.testng.internal.TestInvoker.invokeTestMethods(TestInvoker.java:145)
at org.testng.internal.TestMethodWorker.invokeTestMethods(TestMethodWorker.java:146)
at org.testng.internal.TestMethodWorker.run(TestMethodWorker.java:128)
at java.util.ArrayList.forEach(ArrayList.java:1257)
at org.testng.TestRunner.privateRun(TestRunner.java:770)
at org.testng.TestRunner.run(TestRunner.java:591)
at org.testng.SuiteRunner.runTest(SuiteRunner.java:402)
at org.testng.SuiteRunner.runSequentially(SuiteRunner.java:396)
at org.testng.SuiteRunner.privateRun(SuiteRunner.java:355)
at org.testng.SuiteRunner.run(SuiteRunner.java:304)
at org.testng.SuiteRunnerWorker.runSuite(SuiteRunnerWorker.java:53)
at org.testng.SuiteRunnerWorker.run(SuiteRunnerWorker.java:96)
at org.testng.TestNG.runSuitesSequentially(TestNG.java:1180)
at org.testng.TestNG.runSuitesLocally(TestNG.java:1102)
at org.testng.TestNG.runSuites(TestNG.java:1032)
at org.testng.TestNG.run(TestNG.java:1000)
at org.apache.maven.surefire.testng.TestNGExecutor.run(TestNGExecutor.java:283)
at org.apache.maven.surefire.testng.TestNGXmlTestSuite.execute(TestNGXmlTestSuite.java:75)
at org.apache.maven.surefire.testng.TestNGProvider.invoke(TestNGProvider.java:120)
at org.apache.maven.surefire.booter.ForkedBooter.invokeProviderInSameClassLoader(ForkedBooter.java:384)
at org.apache.maven.surefire.booter.ForkedBooter.runSuitesInProcess(ForkedBooter.java:345)
at org.apache.maven.surefire.booter.ForkedBooter.execute(ForkedBooter.java:126)
at org.apache.maven.surefire.booter.ForkedBooter.main(ForkedBooter.java:418)
]]>
            </full-stacktrace>
          </exception> <!-- java.lang.AssertionError -->
          <reporter-output>
          </reporter-output>
        </test-method> <!-- paypalCardinalComSingle3D -->
        <test-method status="PASS" signature="tearDown()[pri:0, instance:com.fnoor.FundraisingTest.PAYPAL@eb21112]" name="tearDown" is-config="true" duration-ms="115" started-at="2020-08-14T13:15:08 EDT" finished-at="2020-08-14T13:15:08 EDT">
          <reporter-output>
          </reporter-output>
        </test-method> <!-- tearDown -->
        <test-method status="PASS" signature="setUp(java.lang.String)[pri:0, instance:com.fnoor.FundraisingTest.PAYPAL@eb21112]" name="setUp" is-config="true" duration-ms="1019" started-at="2020-08-14T13:15:08 EDT" finished-at="2020-08-14T13:15:09 EDT">
          <params>
            <param index="0">
              <value>
                <![CDATA[chrome]]>
              </value>
            </param>
          </params>
          <reporter-output>
          </reporter-output>
        </test-method> <!-- setUp -->
        <test-method status="FAIL" signature="paypalViaPayPalCardinalComSingle3D(java.lang.String)[pri:0, instance:com.fnoor.FundraisingTest.PAYPAL@eb21112]" name="paypalViaPayPalCardinalComSingle3D" duration-ms="30259" started-at="2020-08-14T13:15:09 EDT" finished-at="2020-08-14T13:15:39 EDT">
          <params>
            <param index="0">
              <value>
                <![CDATA[paypalViaPayPalCardinalComSingle3D]]>
              </value>
            </param>
          </params>
          <exception class="java.lang.AssertionError">
            <message>
              <![CDATA[Urls are not the same]]>
            </message>
            <full-stacktrace>
              <![CDATA[java.lang.AssertionError: Urls are not the same
at org.junit.Assert.fail(Assert.java:88)
at org.junit.Assert.assertTrue(Assert.java:41)
at com.fnoor.FundraisingTest.PAYPAL.paypalViaPayPalCardinalComSingle3D(PAYPAL.java:460)
at sun.reflect.NativeMethodAccessorImpl.invoke0(Native Method)
at sun.reflect.NativeMethodAccessorImpl.invoke(NativeMethodAccessorImpl.java:62)
at sun.reflect.DelegatingMethodAccessorImpl.invoke(DelegatingMethodAccessorImpl.java:43)
at java.lang.reflect.Method.invoke(Method.java:498)
at org.testng.internal.MethodInvocationHelper.invokeMethod(MethodInvocationHelper.java:133)
at org.testng.internal.TestInvoker.invokeMethod(TestInvoker.java:584)
at org.testng.internal.TestInvoker.invokeTestMethod(TestInvoker.java:172)
at org.testng.internal.MethodRunner.runInSequence(MethodRunner.java:46)
at org.testng.internal.TestInvoker$MethodInvocationAgent.invoke(TestInvoker.java:804)
at org.testng.internal.TestInvoker.invokeTestMethods(TestInvoker.java:145)
at org.testng.internal.TestMethodWorker.invokeTestMethods(TestMethodWorker.java:146)
at org.testng.internal.TestMethodWorker.run(TestMethodWorker.java:128)
at java.util.ArrayList.forEach(ArrayList.java:1257)
at org.testng.TestRunner.privateRun(TestRunner.java:770)
at org.testng.TestRunner.run(TestRunner.java:591)
at org.testng.SuiteRunner.runTest(SuiteRunner.java:402)
at org.testng.SuiteRunner.runSequentially(SuiteRunner.java:396)
at org.testng.SuiteRunner.privateRun(SuiteRunner.java:355)
at org.testng.SuiteRunner.run(SuiteRunner.java:304)
at org.testng.SuiteRunnerWorker.runSuite(SuiteRunnerWorker.java:53)
at org.testng.SuiteRunnerWorker.run(SuiteRunnerWorker.java:96)
at org.testng.TestNG.runSuitesSequentially(TestNG.java:1180)
at org.testng.TestNG.runSuitesLocally(TestNG.java:1102)
at org.testng.TestNG.runSuites(TestNG.java:1032)
at org.testng.TestNG.run(TestNG.java:1000)
at org.apache.maven.surefire.testng.TestNGExecutor.run(TestNGExecutor.java:283)
at org.apache.maven.surefire.testng.TestNGXmlTestSuite.execute(TestNGXmlTestSuite.java:75)
at org.apache.maven.surefire.testng.TestNGProvider.invoke(TestNGProvider.java:120)
at org.apache.maven.surefire.booter.ForkedBooter.invokeProviderInSameClassLoader(ForkedBooter.java:384)
at org.apache.maven.surefire.booter.ForkedBooter.runSuitesInProcess(ForkedBooter.java:345)
at org.apache.maven.surefire.booter.ForkedBooter.execute(ForkedBooter.java:126)
at org.apache.maven.surefire.booter.ForkedBooter.main(ForkedBooter.java:418)
]]>
            </full-stacktrace>
          </exception> <!-- java.lang.AssertionError -->
          <reporter-output>
          </reporter-output>
        </test-method> <!-- paypalViaPayPalCardinalComSingle3D -->
        <test-method status="PASS" signature="tearDown()[pri:0, instance:com.fnoor.FundraisingTest.PAYPAL@eb21112]" name="tearDown" is-config="true" duration-ms="108" started-at="2020-08-14T13:15:39 EDT" finished-at="2020-08-14T13:15:39 EDT">
          <reporter-output>
          </reporter-output>
        </test-method> <!-- tearDown -->
        <test-method status="PASS" signature="setUp(java.lang.String)[pri:0, instance:com.fnoor.FundraisingTest.PAYPAL@eb21112]" name="setUp" is-config="true" duration-ms="963" started-at="2020-08-14T13:15:39 EDT" finished-at="2020-08-14T13:15:40 EDT">
          <params>
            <param index="0">
              <value>
                <![CDATA[chrome]]>
              </value>
            </param>
          </params>
          <reporter-output>
          </reporter-output>
        </test-method> <!-- setUp -->
        <test-method status="FAIL" signature="paypalCardinalComRecurring3D(java.lang.String)[pri:0, instance:com.fnoor.FundraisingTest.PAYPAL@eb21112]" name="paypalCardinalComRecurring3D" duration-ms="74645" started-at="2020-08-14T13:15:40 EDT" finished-at="2020-08-14T13:16:55 EDT">
          <params>
            <param index="0">
              <value>
                <![CDATA[paypalCardinalComRecurring3D]]>
              </value>
            </param>
          </params>
          <exception class="java.lang.AssertionError">
            <message>
              <![CDATA[Urls are not the same]]>
            </message>
            <full-stacktrace>
              <![CDATA[java.lang.AssertionError: Urls are not the same
at org.junit.Assert.fail(Assert.java:88)
at org.junit.Assert.assertTrue(Assert.java:41)
at com.fnoor.FundraisingTest.PAYPAL.paypalCardinalComRecurring3D(PAYPAL.java:536)
at sun.reflect.NativeMethodAccessorImpl.invoke0(Native Method)
at sun.reflect.NativeMethodAccessorImpl.invoke(NativeMethodAccessorImpl.java:62)
at sun.reflect.DelegatingMethodAccessorImpl.invoke(DelegatingMethodAccessorImpl.java:43)
at java.lang.reflect.Method.invoke(Method.java:498)
at org.testng.internal.MethodInvocationHelper.invokeMethod(MethodInvocationHelper.java:133)
at org.testng.internal.TestInvoker.invokeMethod(TestInvoker.java:584)
at org.testng.internal.TestInvoker.invokeTestMethod(TestInvoker.java:172)
at org.testng.internal.MethodRunner.runInSequence(MethodRunner.java:46)
at org.testng.internal.TestInvoker$MethodInvocationAgent.invoke(TestInvoker.java:804)
at org.testng.internal.TestInvoker.invokeTestMethods(TestInvoker.java:145)
at org.testng.internal.TestMethodWorker.invokeTestMethods(TestMethodWorker.java:146)
at org.testng.internal.TestMethodWorker.run(TestMethodWorker.java:128)
at java.util.ArrayList.forEach(ArrayList.java:1257)
at org.testng.TestRunner.privateRun(TestRunner.java:770)
at org.testng.TestRunner.run(TestRunner.java:591)
at org.testng.SuiteRunner.runTest(SuiteRunner.java:402)
at org.testng.SuiteRunner.runSequentially(SuiteRunner.java:396)
at org.testng.SuiteRunner.privateRun(SuiteRunner.java:355)
at org.testng.SuiteRunner.run(SuiteRunner.java:304)
at org.testng.SuiteRunnerWorker.runSuite(SuiteRunnerWorker.java:53)
at org.testng.SuiteRunnerWorker.run(SuiteRunnerWorker.java:96)
at org.testng.TestNG.runSuitesSequentially(TestNG.java:1180)
at org.testng.TestNG.runSuitesLocally(TestNG.java:1102)
at org.testng.TestNG.runSuites(TestNG.java:1032)
at org.testng.TestNG.run(TestNG.java:1000)
at org.apache.maven.surefire.testng.TestNGExecutor.run(TestNGExecutor.java:283)
at org.apache.maven.surefire.testng.TestNGXmlTestSuite.execute(TestNGXmlTestSuite.java:75)
at org.apache.maven.surefire.testng.TestNGProvider.invoke(TestNGProvider.java:120)
at org.apache.maven.surefire.booter.ForkedBooter.invokeProviderInSameClassLoader(ForkedBooter.java:384)
at org.apache.maven.surefire.booter.ForkedBooter.runSuitesInProcess(ForkedBooter.java:345)
at org.apache.maven.surefire.booter.ForkedBooter.execute(ForkedBooter.java:126)
at org.apache.maven.surefire.booter.ForkedBooter.main(ForkedBooter.java:418)
]]>
            </full-stacktrace>
          </exception> <!-- java.lang.AssertionError -->
          <reporter-output>
          </reporter-output>
        </test-method> <!-- paypalCardinalComRecurring3D -->
        <test-method status="PASS" signature="tearDown()[pri:0, instance:com.fnoor.FundraisingTest.PAYPAL@eb21112]" name="tearDown" is-config="true" duration-ms="104" started-at="2020-08-14T13:16:55 EDT" finished-at="2020-08-14T13:16:55 EDT">
          <reporter-output>
          </reporter-output>
        </test-method> <!-- tearDown -->
        <test-method status="PASS" signature="setUp(java.lang.String)[pri:0, instance:com.fnoor.FundraisingTest.PAYPAL@eb21112]" name="setUp" is-config="true" duration-ms="1199" started-at="2020-08-14T13:16:55 EDT" finished-at="2020-08-14T13:16:56 EDT">
          <params>
            <param index="0">
              <value>
                <![CDATA[chrome]]>
              </value>
            </param>
          </params>
          <reporter-output>
          </reporter-output>
        </test-method> <!-- setUp -->
        <test-method status="PASS" signature="stripeViaPaypalSingle(java.lang.String)[pri:0, instance:com.fnoor.FundraisingTest.PAYPAL@eb21112]" name="stripeViaPaypalSingle" duration-ms="26715" started-at="2020-08-14T13:16:56 EDT" finished-at="2020-08-14T13:17:23 EDT">
          <params>
            <param index="0">
              <value>
                <![CDATA[stripeViaPaypalSingle]]>
              </value>
            </param>
          </params>
          <reporter-output>
          </reporter-output>
        </test-method> <!-- stripeViaPaypalSingle -->
        <test-method status="PASS" signature="tearDown()[pri:0, instance:com.fnoor.FundraisingTest.PAYPAL@eb21112]" name="tearDown" is-config="true" duration-ms="107" started-at="2020-08-14T13:17:23 EDT" finished-at="2020-08-14T13:17:23 EDT">
          <reporter-output>
          </reporter-output>
        </test-method> <!-- tearDown -->
      </class> <!-- com.fnoor.FundraisingTest.PAYPAL -->
    </test> <!-- Donations PAYPAL -->
  </suite> <!-- Regression PAYPAL -->
</testng-results>
