<?xml version="1.0" encoding="UTF-8"?>
<testng-results skipped="0" failed="0" ignored="3" total="4" passed="1">
  <reporter-output>
  </reporter-output>
  <suite name="Regression WORLDPAY" duration-ms="13797" started-at="2020-04-30T16:20:27 EDT" finished-at="2020-04-30T16:20:41 EDT">
    <groups>
      <group name="worldpay">
        <method signature="WORLDPAY.worldpay3DRecurring(java.lang.String)[pri:0, instance:com.fnoor.FundraisingTest.WORLDPAY@25bbf683]" name="worldpay3DRecurring" class="com.fnoor.FundraisingTest.WORLDPAY"/>
      </group> <!-- worldpay -->
    </groups>
    <test name="Donations WORLDPAY" duration-ms="13797" started-at="2020-04-30T16:20:27 EDT" finished-at="2020-04-30T16:20:41 EDT">
      <class name="com.fnoor.FundraisingTest.WORLDPAY">
        <test-method status="PASS" signature="setUp(java.lang.String)[pri:0, instance:com.fnoor.FundraisingTest.WORLDPAY@25bbf683]" name="setUp" is-config="true" duration-ms="4529" started-at="2020-04-30T16:20:27 EDT" finished-at="2020-04-30T16:20:32 EDT">
          <params>
            <param index="0">
              <value>
                <![CDATA[firefox]]>
              </value>
            </param>
          </params>
          <reporter-output>
          </reporter-output>
        </test-method> <!-- setUp -->
        <test-method status="PASS" signature="worldpay3DRecurring(java.lang.String)[pri:0, instance:com.fnoor.FundraisingTest.WORLDPAY@25bbf683]" name="worldpay3DRecurring" duration-ms="9241" started-at="2020-04-30T16:20:32 EDT" finished-at="2020-04-30T16:20:41 EDT">
          <params>
            <param index="0">
              <value>
                <![CDATA[worldpay3DRecurring]]>
              </value>
            </param>
          </params>
          <reporter-output>
          </reporter-output>
        </test-method> <!-- worldpay3DRecurring -->
      </class> <!-- com.fnoor.FundraisingTest.WORLDPAY -->
    </test> <!-- Donations WORLDPAY -->
  </suite> <!-- Regression WORLDPAY -->
</testng-results>
