<?xml version="1.0" encoding="UTF-8"?>
<testng-results skipped="0" failed="0" ignored="4" total="5" passed="1">
  <reporter-output>
  </reporter-output>
  <suite name="Regression PAYSAFE" duration-ms="12084" started-at="2020-10-07T14:56:04 EDT" finished-at="2020-10-07T14:56:16 EDT">
    <groups>
      <group name="paysafe">
        <method signature="PAYSAFE.paysafePrimaryPaypalCurrencyCAD(java.lang.String)[pri:0, instance:com.fnoor.FundraisingTest.PAYSAFE@6ec8211c]" name="paysafePrimaryPaypalCurrencyCAD" class="com.fnoor.FundraisingTest.PAYSAFE"/>
      </group> <!-- paysafe -->
    </groups>
    <test name="Donations PAYSAFE" duration-ms="12084" started-at="2020-10-07T14:56:04 EDT" finished-at="2020-10-07T14:56:16 EDT">
      <class name="com.fnoor.FundraisingTest.PAYSAFE">
        <test-method status="PASS" signature="setUp(java.lang.String)[pri:0, instance:com.fnoor.FundraisingTest.PAYSAFE@6ec8211c]" name="setUp" is-config="true" duration-ms="2859" started-at="2020-10-07T14:56:04 EDT" finished-at="2020-10-07T14:56:07 EDT">
          <params>
            <param index="0">
              <value>
                <![CDATA[chrome]]>
              </value>
            </param>
          </params>
          <reporter-output>
          </reporter-output>
        </test-method> <!-- setUp -->
        <test-method status="PASS" signature="paysafePrimaryPaypalCurrencyCAD(java.lang.String)[pri:0, instance:com.fnoor.FundraisingTest.PAYSAFE@6ec8211c]" name="paysafePrimaryPaypalCurrencyCAD" duration-ms="9072" started-at="2020-10-07T14:56:07 EDT" finished-at="2020-10-07T14:56:16 EDT">
          <params>
            <param index="0">
              <value>
                <![CDATA[paysafePrimaryPaypalCurrencyCAD]]>
              </value>
            </param>
          </params>
          <reporter-output>
          </reporter-output>
        </test-method> <!-- paysafePrimaryPaypalCurrencyCAD -->
        <test-method status="PASS" signature="tearDown()[pri:0, instance:com.fnoor.FundraisingTest.PAYSAFE@6ec8211c]" name="tearDown" is-config="true" duration-ms="128" started-at="2020-10-07T14:56:16 EDT" finished-at="2020-10-07T14:56:16 EDT">
          <reporter-output>
          </reporter-output>
        </test-method> <!-- tearDown -->
      </class> <!-- com.fnoor.FundraisingTest.PAYSAFE -->
    </test> <!-- Donations PAYSAFE -->
  </suite> <!-- Regression PAYSAFE -->
</testng-results>
