<?xml version="1.0" encoding="UTF-8"?>
<testng-results skipped="0" failed="0" ignored="2" total="4" passed="2">
  <reporter-output>
  </reporter-output>
  <suite name="Regression PAYSAFE" duration-ms="152349" started-at="2020-04-24T12:35:39 EDT" finished-at="2020-04-24T12:38:12 EDT">
    <groups>
      <group name="paysafe">
        <method signature="PAYSAFE.paysafe3DRecurring(java.lang.String)[pri:0, instance:com.fnoor.FundraisingTest.PAYSAFE@6ec8211c]" name="paysafe3DRecurring" class="com.fnoor.FundraisingTest.PAYSAFE"/>
        <method signature="PAYSAFE.paysafe3DSingle(java.lang.String)[pri:0, instance:com.fnoor.FundraisingTest.PAYSAFE@6ec8211c]" name="paysafe3DSingle" class="com.fnoor.FundraisingTest.PAYSAFE"/>
      </group> <!-- paysafe -->
    </groups>
    <test name="Donations PAYSAFE" duration-ms="152349" started-at="2020-04-24T12:35:39 EDT" finished-at="2020-04-24T12:38:12 EDT">
      <class name="com.fnoor.FundraisingTest.PAYSAFE">
        <test-method status="PASS" signature="setUp(java.lang.String)[pri:0, instance:com.fnoor.FundraisingTest.PAYSAFE@6ec8211c]" name="setUp" is-config="true" duration-ms="1653" started-at="2020-04-24T12:35:39 EDT" finished-at="2020-04-24T12:35:41 EDT">
          <params>
            <param index="0">
              <value>
                <![CDATA[chrome]]>
              </value>
            </param>
          </params>
          <reporter-output>
          </reporter-output>
        </test-method> <!-- setUp -->
        <test-method status="PASS" signature="paysafe3DSingle(java.lang.String)[pri:0, instance:com.fnoor.FundraisingTest.PAYSAFE@6ec8211c]" name="paysafe3DSingle" duration-ms="74396" started-at="2020-04-24T12:35:41 EDT" finished-at="2020-04-24T12:36:56 EDT">
          <params>
            <param index="0">
              <value>
                <![CDATA[paysafe3DSingle]]>
              </value>
            </param>
          </params>
          <reporter-output>
          </reporter-output>
        </test-method> <!-- paysafe3DSingle -->
        <test-method status="PASS" signature="paysafe3DRecurring(java.lang.String)[pri:0, instance:com.fnoor.FundraisingTest.PAYSAFE@6ec8211c]" name="paysafe3DRecurring" duration-ms="76159" started-at="2020-04-24T12:36:56 EDT" finished-at="2020-04-24T12:38:12 EDT">
          <params>
            <param index="0">
              <value>
                <![CDATA[paysafe3DRecurring]]>
              </value>
            </param>
          </params>
          <reporter-output>
          </reporter-output>
        </test-method> <!-- paysafe3DRecurring -->
        <test-method status="PASS" signature="tearDown()[pri:0, instance:com.fnoor.FundraisingTest.PAYSAFE@6ec8211c]" name="tearDown" is-config="true" duration-ms="112" started-at="2020-04-24T12:38:12 EDT" finished-at="2020-04-24T12:38:12 EDT">
          <reporter-output>
          </reporter-output>
        </test-method> <!-- tearDown -->
      </class> <!-- com.fnoor.FundraisingTest.PAYSAFE -->
    </test> <!-- Donations PAYSAFE -->
  </suite> <!-- Regression PAYSAFE -->
</testng-results>
