<?xml version="1.0" encoding="UTF-8"?>
<testng-results skipped="0" failed="0" ignored="7" total="8" passed="1">
  <reporter-output>
  </reporter-output>
  <suite name="Regression MONERIS" duration-ms="12229" started-at="2020-04-28T20:00:31 EDT" finished-at="2020-04-28T20:00:43 EDT">
    <groups>
      <group name="moneris">
        <method signature="MONERIS.moneriseSelectRecurring(java.lang.String)[pri:0, instance:com.fnoor.FundraisingTest.MONERIS@2e3fc542]" name="moneriseSelectRecurring" class="com.fnoor.FundraisingTest.MONERIS"/>
      </group> <!-- moneris -->
    </groups>
    <test name="Donations MONERIS" duration-ms="12229" started-at="2020-04-28T20:00:31 EDT" finished-at="2020-04-28T20:00:43 EDT">
      <class name="com.fnoor.FundraisingTest.MONERIS">
        <test-method status="PASS" signature="setUp(java.lang.String)[pri:0, instance:com.fnoor.FundraisingTest.MONERIS@2e3fc542]" name="setUp" is-config="true" duration-ms="1856" started-at="2020-04-28T20:00:31 EDT" finished-at="2020-04-28T20:00:33 EDT">
          <params>
            <param index="0">
              <value>
                <![CDATA[chrome]]>
              </value>
            </param>
          </params>
          <reporter-output>
          </reporter-output>
        </test-method> <!-- setUp -->
        <test-method status="PASS" signature="moneriseSelectRecurring(java.lang.String)[pri:0, instance:com.fnoor.FundraisingTest.MONERIS@2e3fc542]" name="moneriseSelectRecurring" duration-ms="10352" started-at="2020-04-28T20:00:33 EDT" finished-at="2020-04-28T20:00:43 EDT">
          <params>
            <param index="0">
              <value>
                <![CDATA[moneriseSelectRecurring]]>
              </value>
            </param>
          </params>
          <reporter-output>
          </reporter-output>
        </test-method> <!-- moneriseSelectRecurring -->
      </class> <!-- com.fnoor.FundraisingTest.MONERIS -->
    </test> <!-- Donations MONERIS -->
  </suite> <!-- Regression MONERIS -->
</testng-results>
