<?xml version="1.0" encoding="UTF-8"?>
<testng-results skipped="0" failed="0" ignored="9" total="10" passed="1">
  <reporter-output>
  </reporter-output>
  <suite name="Regression STRIPE" duration-ms="16536" started-at="2020-08-07T16:24:57 EDT" finished-at="2020-08-07T16:25:13 EDT">
    <groups>
      <group name="stripe">
        <method signature="STRIPE.stripeIDEALsingleASNRefund()[pri:0, instance:com.fnoor.FundraisingTest.STRIPE@10dba097]" name="stripeIDEALsingleASNRefund" class="com.fnoor.FundraisingTest.STRIPE"/>
      </group> <!-- stripe -->
    </groups>
    <test name="Donations STRIPE" duration-ms="16536" started-at="2020-08-07T16:24:57 EDT" finished-at="2020-08-07T16:25:13 EDT">
      <class name="com.fnoor.FundraisingTest.STRIPE">
        <test-method status="PASS" signature="setUp(java.lang.String)[pri:0, instance:com.fnoor.FundraisingTest.STRIPE@10dba097]" name="setUp" is-config="true" duration-ms="2969" started-at="2020-08-07T16:24:57 EDT" finished-at="2020-08-07T16:25:00 EDT">
          <params>
            <param index="0">
              <value>
                <![CDATA[chrome]]>
              </value>
            </param>
          </params>
          <reporter-output>
          </reporter-output>
        </test-method> <!-- setUp -->
        <test-method status="PASS" signature="stripeIDEALsingleASNRefund()[pri:0, instance:com.fnoor.FundraisingTest.STRIPE@10dba097]" name="stripeIDEALsingleASNRefund" duration-ms="13540" started-at="2020-08-07T16:25:00 EDT" finished-at="2020-08-07T16:25:13 EDT">
          <reporter-output>
          </reporter-output>
        </test-method> <!-- stripeIDEALsingleASNRefund -->
      </class> <!-- com.fnoor.FundraisingTest.STRIPE -->
    </test> <!-- Donations STRIPE -->
  </suite> <!-- Regression STRIPE -->
</testng-results>
