<?xml version="1.0" encoding="UTF-8"?>
<!-- Generated by org.testng.reporters.JUnitXMLReporter -->
<testsuite hostname="Ievgeniias-MBP.fios-router.home" ignored="0" name="Donations PAYPAL" tests="8" failures="3" timestamp="2020-08-14T13:17:23 EDT" time="299.411" errors="0">
  <testcase name="payPalPaymentsProRecurring" time="13.085" classname="com.fnoor.FundraisingTest.PAYPAL"/>
  <testcase name="payViaPayPalSingle" time="28.92" classname="com.fnoor.FundraisingTest.PAYPAL"/>
  <testcase name="payViaPayPalRecurring" time="28.804" classname="com.fnoor.FundraisingTest.PAYPAL"/>
  <testcase name="paypalPaymentsProSingle" time="11.725" classname="com.fnoor.FundraisingTest.PAYPAL"/>
  <testcase name="paypalCardinalComSingle3D" time="74.368" classname="com.fnoor.FundraisingTest.PAYPAL">
    <failure type="java.lang.AssertionError" message="Urls are not the same">
      <![CDATA[java.lang.AssertionError: Urls are not the same
at org.junit.Assert.fail(Assert.java:88)
at org.junit.Assert.assertTrue(Assert.java:41)
at com.fnoor.FundraisingTest.PAYPAL.paypalCardinalComSingle3D(PAYPAL.java:379)
at java.util.ArrayList.forEach(ArrayList.java:1257)
... Removed 31 stack frames]]>
    </failure>
  </testcase> <!-- paypalCardinalComSingle3D -->
  <testcase name="paypalViaPayPalCardinalComSingle3D" time="30.259" classname="com.fnoor.FundraisingTest.PAYPAL">
    <failure type="java.lang.AssertionError" message="Urls are not the same">
      <![CDATA[java.lang.AssertionError: Urls are not the same
at org.junit.Assert.fail(Assert.java:88)
at org.junit.Assert.assertTrue(Assert.java:41)
at com.fnoor.FundraisingTest.PAYPAL.paypalViaPayPalCardinalComSingle3D(PAYPAL.java:460)
at java.util.ArrayList.forEach(ArrayList.java:1257)
... Removed 31 stack frames]]>
    </failure>
  </testcase> <!-- paypalViaPayPalCardinalComSingle3D -->
  <testcase name="paypalCardinalComRecurring3D" time="74.645" classname="com.fnoor.FundraisingTest.PAYPAL">
    <failure type="java.lang.AssertionError" message="Urls are not the same">
      <![CDATA[java.lang.AssertionError: Urls are not the same
at org.junit.Assert.fail(Assert.java:88)
at org.junit.Assert.assertTrue(Assert.java:41)
at com.fnoor.FundraisingTest.PAYPAL.paypalCardinalComRecurring3D(PAYPAL.java:536)
at java.util.ArrayList.forEach(ArrayList.java:1257)
... Removed 31 stack frames]]>
    </failure>
  </testcase> <!-- paypalCardinalComRecurring3D -->
  <testcase name="stripeViaPaypalSingle" time="26.715" classname="com.fnoor.FundraisingTest.PAYPAL"/>
</testsuite> <!-- Donations PAYPAL -->
