<?xml version="1.0" encoding="UTF-8"?>
<!-- Generated by org.testng.reporters.JUnitXMLReporter -->
<testsuite hostname="Ievgeniias-MBP.fios-router.home" ignored="3" name="Donations WORLDPAY" tests="1" failures="0" timestamp="2020-04-30T16:20:41 EDT" time="13.797" errors="0">
  <testcase name="worldpay3DRecurring" time="9.241" classname="com.fnoor.FundraisingTest.WORLDPAY"/>
  <testcase name="worldpayCCSingle" time="0.0" classname="com.fnoor.FundraisingTest.WORLDPAY">
    <ignored/>
  </testcase> <!-- worldpayCCSingle -->
  <testcase name="worldpay3DSecureTest" time="0.0" classname="com.fnoor.FundraisingTest.WORLDPAY">
    <ignored/>
  </testcase> <!-- worldpay3DSecureTest -->
  <testcase name="worldpayCCRecurring" time="0.0" classname="com.fnoor.FundraisingTest.WORLDPAY">
    <ignored/>
  </testcase> <!-- worldpayCCRecurring -->
</testsuite> <!-- Donations WORLDPAY -->
