<?xml version="1.0" encoding="UTF-8"?>
<!-- Generated by org.testng.reporters.JUnitReportReporter -->
<testsuite hostname="iProMacEN.local" failures="0" tests="10" name="com.fnoor.ETT.PostalDatabase" time="54.675" errors="0" timestamp="2021-03-05T11:41:02 EST" skipped="0">
  <testcase classname="com.fnoor.ETT.PostalDatabase" name="postalDatabase11" time="5.626"/>
  <testcase classname="com.fnoor.ETT.PostalDatabase" name="postalDatabase7" time="3.983"/>
  <testcase classname="com.fnoor.ETT.PostalDatabase" name="postalDatabase8" time="3.683"/>
  <testcase classname="com.fnoor.ETT.PostalDatabase" name="postalDatabase9" time="3.414"/>
  <testcase classname="com.fnoor.ETT.PostalDatabase" name="postalDatabase19" time="5.859"/>
  <testcase classname="com.fnoor.ETT.PostalDatabase" name="postalDatabase38" time="5.630"/>
  <testcase classname="com.fnoor.ETT.PostalDatabase" name="postalDatabase10" time="5.631"/>
  <testcase classname="com.fnoor.ETT.PostalDatabase" name="postalDatabase20" time="6.162"/>
  <testcase classname="com.fnoor.ETT.PostalDatabase" name="postalDatabase21" time="5.917"/>
  <testcase classname="com.fnoor.ETT.PostalDatabase" name="postalDatabase12" time="8.770"/>
</testsuite> <!-- com.fnoor.ETT.PostalDatabase -->
