<?xml version="1.0" encoding="UTF-8"?>
<!-- Generated by org.testng.reporters.JUnitXMLReporter -->
<testsuite hostname="Ievgeniias-MBP.fios-router.home" ignored="0" name="Donations MONERIS" tests="8" failures="1" timestamp="2020-04-27T15:41:12 EDT" time="92.325" errors="0">
  <testcase name="moneriseSelectSingle" time="10.41" classname="com.fnoor.FundraisingTest.MONERIS"/>
  <testcase name="moneriseSelectRecurring" time="8.635" classname="com.fnoor.FundraisingTest.MONERIS">
    <failure type="java.lang.AssertionError" message="Gateway details are incorrect/not present">
      <![CDATA[java.lang.AssertionError: Gateway details are incorrect/not present
at org.junit.Assert.fail(Assert.java:88)
at org.junit.Assert.assertTrue(Assert.java:41)
at com.fnoor.FundraisingTest.MONERIS.moneriseSelectRecurring(MONERIS.java:146)
at java.util.ArrayList.forEach(ArrayList.java:1257)
... Removed 31 stack frames]]>
    </failure>
  </testcase> <!-- moneriseSelectRecurring -->
  <testcase name="monerisVaultRecurring" time="9.702" classname="com.fnoor.FundraisingTest.MONERIS"/>
  <testcase name="monerisSingleNoCvv" time="7.425" classname="com.fnoor.FundraisingTest.MONERIS"/>
  <testcase name="monerisRecurringNoCvv" time="7.894" classname="com.fnoor.FundraisingTest.MONERIS"/>
  <testcase name="monerisVault3DSingle" time="19.418" classname="com.fnoor.FundraisingTest.MONERIS"/>
  <testcase name="monerisVault3DRecurring" time="17.503" classname="com.fnoor.FundraisingTest.MONERIS"/>
  <testcase name="moneriseSelectSingleUP" time="8.273" classname="com.fnoor.FundraisingTest.MONERIS"/>
</testsuite> <!-- Donations MONERIS -->
