<?xml version="1.0" encoding="UTF-8"?>
<!-- Generated by org.testng.reporters.JUnitXMLReporter -->
<testsuite hostname="Ievgeniias-MacBook-Pro.local" ignored="7" name="Donations MONERIS" tests="1" failures="0" timestamp="2020-04-28T20:00:43 EDT" time="12.229" errors="0">
  <testcase name="moneriseSelectRecurring" time="10.352" classname="com.fnoor.FundraisingTest.MONERIS"/>
  <testcase name="monerisVault3DRecurring" time="0.0" classname="com.fnoor.FundraisingTest.MONERIS">
    <ignored/>
  </testcase> <!-- monerisVault3DRecurring -->
  <testcase name="monerisSingleNoCvv" time="0.0" classname="com.fnoor.FundraisingTest.MONERIS">
    <ignored/>
  </testcase> <!-- monerisSingleNoCvv -->
  <testcase name="moneriseSelectSingleUP" time="0.0" classname="com.fnoor.FundraisingTest.MONERIS">
    <ignored/>
  </testcase> <!-- moneriseSelectSingleUP -->
  <testcase name="moneriseSelectSingle" time="0.0" classname="com.fnoor.FundraisingTest.MONERIS">
    <ignored/>
  </testcase> <!-- moneriseSelectSingle -->
  <testcase name="monerisVault3DSingle" time="0.0" classname="com.fnoor.FundraisingTest.MONERIS">
    <ignored/>
  </testcase> <!-- monerisVault3DSingle -->
  <testcase name="monerisVaultRecurring" time="0.0" classname="com.fnoor.FundraisingTest.MONERIS">
    <ignored/>
  </testcase> <!-- monerisVaultRecurring -->
  <testcase name="monerisRecurringNoCvv" time="0.0" classname="com.fnoor.FundraisingTest.MONERIS">
    <ignored/>
  </testcase> <!-- monerisRecurringNoCvv -->
</testsuite> <!-- Donations MONERIS -->
